#
# A fatal error has been detected by the Java Runtime Environment:
#
#  Internal Error (jvmciRuntime.cpp:1609), pid=10874, tid=10891
#  fatal error: Fatal exception in JVMCI: Error calling jdk.vm.ci.services.Services.serializeSavedProperties
#
# JRE version: OpenJDK Runtime Environment GraalVM CE 22.3.0 (17.0.5+8) (build 17.0.5+8-jvmci-22.3-b08)
# Java VM: OpenJDK 64-Bit Server VM GraalVM CE 22.3.0 (17.0.5+8-jvmci-22.3-b08, mixed mode, sharing, tiered, jvmci, jvmci compiler, compressed oops, compressed class ptrs, parallel gc, linux-amd64)
# Problematic frame:
# V  [libjvm.so+0x972714]  JVMCIRuntime::fatal_exception(JVMCIEnv*, char const*)+0x74
#
# Core dump will be written. Default location: Core dumps may be processed with "/usr/share/apport/apport -p%p -s%s -c%c -d%d -P%P -u%u -g%g -- %E" (or dumping to /home/runner/ProyectoSIA/core.10874)
#
# If you would like to submit a bug report, please visit:
#   https://github.com/oracle/graal/issues
#

---------------  S U M M A R Y ------------

Command Line: -XX:ThreadPriorityPolicy=1 -XX:+UnlockExperimentalVMOptions -XX:+EnableJVMCIProduct -XX:JVMCIThreadsPerNativeLibraryRuntime=1 -XX:-UnlockExperimentalVMOptions -Declipse.application=org.eclipse.jdt.ls.core.id1 -Dosgi.bundles.defaultStartLevel=4 -Declipse.product=org.eclipse.jdt.ls.core.product -Dlog.level=ALL -Xverify:none -XX:+UseParallelGC -XX:GCTimeRatio=4 -XX:AdaptiveSizePolicyWeight=90 -Dsun.zip.disableMemoryMapping=true -Xmx512m -Xms100m /nix/store/a7s9klvriqi68xz3qjc0qyfl5h86xc16-jdt-language-server-1.9.0/share/java/plugins/org.eclipse.equinox.launcher_1.6.400.v20210924-0641.jar --add-modules=ALL-SYSTEM --add-opens java.base/java.util=ALL-UNNAMED --add-opens java.base/java.lang=ALL-UNNAMED -configuration /home/runner/.cache/jdt-language-server/config -data /home/runner/.cache/jdt-language-server/data/home/runner/ProyectoSIA

Host: Intel(R) Xeon(R) CPU @ 2.20GHz, 8 cores, 1G, Ubuntu 20.04.2 LTS
Time: Fri Sep  1 00:52:48 2023 UTC elapsed time: 1008.692079 seconds (0d 0h 16m 48s)

---------------  T H R E A D  ---------------

Current thread (0x00007f64980b2110):  JavaThread "JVMCI-native CompilerThread0" daemon [_thread_in_vm, id=10891, stack(0x00007f649c047000,0x00007f649c247000)]


Current CompileTask:
JVMCI-native:1008692 10295  s!   4       java.lang.StackTraceElement::computeFormat (71 bytes)

Stack: [0x00007f649c047000,0x00007f649c247000],  sp=0x00007f649c245380,  free space=2040k
Native frames: (J=compiled Java code, j=interpreted, Vv=VM code, C=native code)
V  [libjvm.so+0x972714]  JVMCIRuntime::fatal_exception(JVMCIEnv*, char const*)+0x74
V  [libjvm.so+0x93e2fe]  JVMCIEnv::copy_saved_properties()+0x14e
V  [libjvm.so+0x9732a9]  JVMCIRuntime::initialize(JVMCIEnv*)+0xb19
V  [libjvm.so+0x9738a2]  JVMCIRuntime::get_HotSpotJVMCIRuntime(JVMCIEnv*)+0x12
V  [libjvm.so+0x9749f2]  JVMCIRuntime::compile_method(JVMCIEnv*, JVMCICompiler*, methodHandle const&, int)+0xd2
V  [libjvm.so+0x5b0d20]  CompileBroker::invoke_compiler_on_method(CompileTask*)+0x1470
V  [libjvm.so+0x5b12e8]  CompileBroker::compiler_thread_loop()+0x528
V  [libjvm.so+0xd82460]  JavaThread::thread_main_inner()+0xd0
V  [libjvm.so+0xd85a40]  Thread::call_run()+0xc0
V  [libjvm.so+0xbdb1e1]  thread_native_entry(Thread*)+0xe1

Register to memory mapping:

RAX=0x00007f649e8f5000 points into unknown readable memory: 0x0000000000000058 | 58 00 00 00 00 00 00 00
RBX=0x00007f649f9f0398: <offset 0x0000000000ef5398> in /nix/store/gpxl5qgg8kicmcvivwmybwjlpf7wh20l-graalvm17-ce-22.3.0/lib/server/libjvm.so at 0x00007f649eafb000
RCX=0x00007f649f9a81e8: <offset 0x0000000000ead1e8> in /nix/store/gpxl5qgg8kicmcvivwmybwjlpf7wh20l-graalvm17-ce-22.3.0/lib/server/libjvm.so at 0x00007f649eafb000
RDX=0x0000000000000649 is an unknown value
RSP=0x00007f649c245380 is pointing into the stack for thread: 0x00007f64980b2110
RBP=0x00007f649c2453a0 is pointing into the stack for thread: 0x00007f64980b2110
RSI=0x00007f649f9f0c48: <offset 0x0000000000ef5c48> in /nix/store/gpxl5qgg8kicmcvivwmybwjlpf7wh20l-graalvm17-ce-22.3.0/lib/server/libjvm.so at 0x00007f649eafb000
RDI=0x00000000e0000000 is an oop: java.lang.String 
{0x00000000e0000000} - klass: 'java/lang/String'
 - string: "clf+7UOXAenfarDaPf2v7Pu+9UdA4dkXDeEJfR9uPY4="
R8 =0x00007f649f9f0398: <offset 0x0000000000ef5398> in /nix/store/gpxl5qgg8kicmcvivwmybwjlpf7wh20l-graalvm17-ce-22.3.0/lib/server/libjvm.so at 0x00007f649eafb000
R9 =0x00007f649c245330 is pointing into the stack for thread: 0x00007f64980b2110
R10=0x00007f649c246948 is pointing into the stack for thread: 0x00007f64980b2110
R11=0x0000000000000293 is an unknown value
R12=0x0 is NULL
R13=0x00007f64980b2110 is a thread
R14=0x00007f6498000b80 points into unknown readable memory: 0x00007f649fc21a38 | 38 1a c2 9f 64 7f 00 00
R15=0x00007f649fd2fe40: <offset 0x0000000001234e40> in /nix/store/gpxl5qgg8kicmcvivwmybwjlpf7wh20l-graalvm17-ce-22.3.0/lib/server/libjvm.so at 0x00007f649eafb000


Registers:
RAX=0x00007f649e8f5000, RBX=0x00007f649f9f0398, RCX=0x00007f649f9a81e8, RDX=0x0000000000000649
RSP=0x00007f649c245380, RBP=0x00007f649c2453a0, RSI=0x00007f649f9f0c48, RDI=0x00000000e0000000
R8 =0x00007f649f9f0398, R9 =0x00007f649c245330, R10=0x00007f649c246948, R11=0x0000000000000293
R12=0x0000000000000000, R13=0x00007f64980b2110, R14=0x00007f6498000b80, R15=0x00007f649fd2fe40
RIP=0x00007f649f46d714, EFLAGS=0x0000000000010206, CSGSFS=0x002b000000000033, ERR=0x0000000000000006
  TRAPNO=0x000000000000000e

Top of Stack: (sp=0x00007f649c245380)
0x00007f649c245380:   00007f649c245940 00007f64980b2110
0x00007f649c245390:   00007f649d293a38 0000000800c49ef0
0x00007f649c2453a0:   00007f649c245500 00007f649f4392fe
0x00007f649c2453b0:   00007f649c2453e0 00007f649c245440 

Instructions: (pc=0x00007f649f46d714)
0x00007f649f46d614:   30 e8 f6 cf e8 ff 4c 89 e7 e8 2e 48 d1 ff 84 db
0x00007f649f46d624:   75 2a 4d 85 ed 74 04 4d 8b 6d 00 48 83 c4 08 44
0x00007f649f46d634:   89 f9 4c 89 f2 4c 89 ee 5b 4c 89 e7 41 5c 41 5d
0x00007f649f46d644:   41 5e 41 5f 5d e9 e2 47 d1 ff 66 90 48 83 c4 08
0x00007f649f46d654:   5b 41 5c 41 5d 41 5e 41 5f 5d c3 90 31 d2 be 08
0x00007f649f46d664:   00 00 00 4c 89 ff e8 b1 78 a3 ff 49 89 c5 e9 37
0x00007f649f46d674:   ff ff ff 66 0f 1f 84 00 00 00 00 00 48 8b 7a 08
0x00007f649f46d684:   e9 6d ff ff ff 0f 1f 80 00 00 00 00 e8 5b 48 0a
0x00007f649f46d694:   00 84 c0 75 89 e9 6a ff ff ff 66 90 55 48 89 e5
0x00007f649f46d6a4:   41 56 41 55 41 54 49 89 fc 53 48 89 f3 66 48 8d
0x00007f649f46d6b4:   3d 27 5e 85 00 66 66 48 e8 df 43 8d ff 4c 8b 28
0x00007f649f46d6c4:   8b 05 be 72 8a 00 85 c0 75 14 ba 01 00 00 00 48
0x00007f649f46d6d4:   8d 0d ae 72 8a 00 f0 0f b1 11 85 c0 74 4e be c8
0x00007f649f46d6e4:   00 00 00 4c 89 ef e8 01 0b 41 00 48 8d 05 12 ac
0x00007f649f46d6f4:   85 00 49 89 d8 48 8d 0d e8 aa 53 00 ba 49 06 00
0x00007f649f46d704:   00 48 8d 35 3c 35 58 00 bf 00 00 00 e0 48 8b 00
0x00007f649f46d714:   c6 00 58 31 c0 e8 e2 91 c6 ff 5b 41 5c 41 5d 41
0x00007f649f46d724:   5e 5d e9 55 34 26 00 0f 1f 44 00 00 48 8d 05 81
0x00007f649f46d734:   a3 8b 00 48 89 df 4c 8b 30 e8 9e 43 8d ff 48 89
0x00007f649f46d744:   de 48 89 c2 49 8b 06 4c 89 f7 ff 50 08 4c 89 f7
0x00007f649f46d754:   e8 a7 5c 27 00 4d 85 e4 74 12 be 01 00 00 00 4c
0x00007f649f46d764:   89 e7 e8 35 43 fc ff eb 82 0f 1f 00 be 01 00 00
0x00007f649f46d774:   00 4c 89 ef e8 d3 fd ff ff e9 6d ff ff ff 66 66
0x00007f649f46d784:   2e 0f 1f 84 00 00 00 00 00 0f 1f 00 55 48 89 e5
0x00007f649f46d794:   41 57 41 56 41 55 41 54 53 48 81 ec 08 02 00 00
0x00007f649f46d7a4:   64 48 8b 04 25 28 00 00 00 48 89 45 c8 8b 07 83
0x00007f649f46d7b4:   f8 02 0f 84 11 04 00 00 4c 8b 6f 18 49 89 ff 49
0x00007f649f46d7c4:   89 f4 4d 85 ed 74 14 4c 89 ef e8 5d 57 22 00 41
0x00007f649f46d7d4:   8b 07 83 f8 02 0f 84 19 04 00 00 48 8d 1d 9a 06
0x00007f649f46d7e4:   8a 00 4c 8d 35 0b 3c 58 00 eb 38 90 48 85 d2 7f
0x00007f649f46d7f4:   0d 48 8d 05 b4 c0 85 00 48 83 38 00 7e 0e 41 8b
0x00007f649f46d804:   77 2c 4c 89 f7 31 c0 e8 a0 b2 f7 ff 49 8b 7f 18 


Stack slot to memory mapping:
stack at sp + 0 slots: 0x00007f649c245940 is pointing into the stack for thread: 0x00007f64980b2110
stack at sp + 1 slots: 0x00007f64980b2110 is a thread
stack at sp + 2 slots: 0x00007f649d293a38 points into unknown readable memory: 0x657300182891ffff | ff ff 91 28 18 00 73 65
stack at sp + 3 slots: 0x0000000800c49ef0 is a pointer to class: 
jdk.vm.ci.services.Services {0x0000000800c49ef0}
 - instance size:     2
 - klass size:        65
 - access:            public final synchronized 
 - state:             fully_initialized
 - name:              'jdk/vm/ci/services/Services'
 - super:             'java/lang/Object'
 - sub:               
 - arrays:            NULL
 - methods:           Array<T>(0x00007f647ec88a58)
 - method ordering:   Array<T>(0x0000000800928960)
 - default_methods:   Array<T>(0x0000000000000000)
 - local interfaces:  Array<T>(0x00000008005ce810)
 - trans. interfaces: Array<T>(0x00000008005ce810)
 - constants:         constant pool [427] {0x00007f647ec87b38} for 'jdk/vm/ci/services/Services' cache=0x00007f647ec89d28
 - class loader data:  loader data: 0x00007f64980283f0 of 'bootstrap'
 - source file:       'Services.java'
 - class annotations:       Array<T>(0x0000000000000000)
 - class type annotations:  Array<T>(0x0000000000000000)
 - field annotations:       Array<T>(0x0000000000000000)
 - field type annotations:  Array<T>(0x0000000000000000)
 - inner classes:     Array<T>(0x00007f647ec89cf8)
 - nest members:     Array<T>(0x00007f647ec89d18)
 - permitted subclasses:     Array<T>(0x00000008005ce7a0)
 - java mirror:       a 'java/lang/Class'{0x00000000e02b3e60} = 'jdk/vm/ci/services/Services'
 - vtable length      5  (start addr: 0x0000000800c4a0c0)
 - itable length      2 (start addr: 0x0000000800c4a0e8)
 - ---- static fields (3 words):
 - public static final 'IS_BUILDING_NATIVE_IMAGE' 'Z' @128 
 - public static final 'IS_IN_NATIVE_IMAGE' 'Z' @129 
 - private static volatile 'savedProperties' 'Ljava/util/Map;' @112 
 - static final 'JVMCI_ENABLED' 'Z' @130 
 - private static final 'servicesCache' 'Ljava/util/Map;' @116 
 - private static final 'MAX_UNICODE_IN_UTF8_LENGTH' 'I' @120 
 - private static final 'MAX_UTF8_PROPERTY_STRING_LENGTH' 'I' @124 
 - ---- non-static fields (0 words):
 - non-static oop maps: 
stack at sp + 4 slots: 0x00007f649c245500 is pointing into the stack for thread: 0x00007f64980b2110
stack at sp + 5 slots: 0x00007f649f4392fe: <offset 0x000000000093e2fe> in /nix/store/gpxl5qgg8kicmcvivwmybwjlpf7wh20l-graalvm17-ce-22.3.0/lib/server/libjvm.so at 0x00007f649eafb000
stack at sp + 6 slots: 0x00007f649c2453e0 is pointing into the stack for thread: 0x00007f64980b2110
stack at sp + 7 slots: 0x00007f649c245440 is pointing into the stack for thread: 0x00007f64980b2110


---------------  P R O C E S S  ---------------

Threads class SMR info:
_java_thread_list=0x00007f6424010e60, length=35, elements={
0x00007f6498026690, 0x00007f64980a6400, 0x00007f64980a7840, 0x00007f64980adf80,
0x00007f64980af330, 0x00007f64980b0720, 0x00007f64980b2110, 0x00007f64980b3620,
0x00007f64980b4a70, 0x00007f64980efc00, 0x00007f6498137ba0, 0x00007f649830cda0,
0x00007f649833f3e0, 0x00007f6498204810, 0x00007f643402c1b0, 0x00007f6434403a30,
0x00007f6434484a70, 0x00007f64180010d0, 0x00007f643464e950, 0x00007f6434707960,
0x00007f649836ce50, 0x00007f6498425c40, 0x00007f6424015220, 0x00007f640817c4d0,
0x00007f64082159a0, 0x00007f6408217be0, 0x00007f6408218ab0, 0x00007f640821ab80,
0x00007f6408213ba0, 0x00007f6408216d60, 0x00007f64081868e0, 0x00007f640817d330,
0x00007f640824acb0, 0x00007f640817e2d0, 0x00007f64240359c0
}

Java Threads: ( => current thread )
  0x00007f6498026690 JavaThread "main" [_thread_blocked, id=10881, stack(0x00007f649e916000,0x00007f649ea16000)]
  0x00007f64980a6400 JavaThread "Reference Handler" daemon [_thread_blocked, id=10886, stack(0x00007f649c92d000,0x00007f649ca2d000)]
  0x00007f64980a7840 JavaThread "Finalizer" daemon [_thread_blocked, id=10887, stack(0x00007f649c82d000,0x00007f649c92d000)]
  0x00007f64980adf80 JavaThread "Signal Dispatcher" daemon [_thread_blocked, id=10888, stack(0x00007f649c447000,0x00007f649c547000)]
  0x00007f64980af330 JavaThread "Service Thread" daemon [_thread_blocked, id=10889, stack(0x00007f649c347000,0x00007f649c447000)]
  0x00007f64980b0720 JavaThread "Monitor Deflation Thread" daemon [_thread_blocked, id=10890, stack(0x00007f649c247000,0x00007f649c347000)]
=>0x00007f64980b2110 JavaThread "JVMCI-native CompilerThread0" daemon [_thread_in_vm, id=10891, stack(0x00007f649c047000,0x00007f649c247000)]
  0x00007f64980b3620 JavaThread "C1 CompilerThread0" daemon [_thread_blocked, id=10892, stack(0x00007f647ea00000,0x00007f647ec00000)]
  0x00007f64980b4a70 JavaThread "Sweeper thread" daemon [_thread_blocked, id=10893, stack(0x00007f647e900000,0x00007f647ea00000)]
  0x00007f64980efc00 JavaThread "Common-Cleaner" daemon [_thread_blocked, id=10894, stack(0x00007f647e800000,0x00007f647e900000)]
  0x00007f6498137ba0 JavaThread "Notification Thread" daemon [_thread_blocked, id=10897, stack(0x00007f647e700000,0x00007f647e800000)]
  0x00007f649830cda0 JavaThread "Active Thread: Equinox Container: 3083f1f4-8988-4141-bbc4-24596334d61b" [_thread_blocked, id=10916, stack(0x00007f647c100000,0x00007f647c200000)]
  0x00007f649833f3e0 JavaThread "Framework Event Dispatcher: Equinox Container: 3083f1f4-8988-4141-bbc4-24596334d61b" daemon [_thread_blocked, id=10922, stack(0x00007f6446d00000,0x00007f6446e00000)]
  0x00007f6498204810 JavaThread "Start Level: Equinox Container: 3083f1f4-8988-4141-bbc4-24596334d61b" daemon [_thread_blocked, id=10923, stack(0x00007f6446c00000,0x00007f6446d00000)]
  0x00007f643402c1b0 JavaThread "SCR Component Actor" daemon [_thread_blocked, id=10924, stack(0x00007f6446b00000,0x00007f6446c00000)]
  0x00007f6434403a30 JavaThread "Worker-JM" [_thread_blocked, id=10940, stack(0x00007f6446700000,0x00007f6446800000)]
  0x00007f6434484a70 JavaThread "Worker-0: Periodic workspace save." [_thread_blocked, id=10945, stack(0x00007f6446500000,0x00007f6446600000)]
  0x00007f64180010d0 JavaThread "Worker-2: Java indexing... " [_thread_blocked, id=10949, stack(0x00007f6446100000,0x00007f6446200000)]
  0x00007f643464e950 JavaThread "Java indexing" daemon [_thread_blocked, id=10950, stack(0x00007f6445f00000,0x00007f6446000000)]
  0x00007f6434707960 JavaThread "Bundle File Closer" daemon [_thread_blocked, id=10961, stack(0x00007f6445d00000,0x00007f6445e00000)]
  0x00007f649836ce50 JavaThread "pool-3-thread-1" [_thread_blocked, id=10971, stack(0x00007f6446900000,0x00007f6446a00000)]
  0x00007f6498425c40 JavaThread "pool-2-thread-1" [_thread_blocked, id=10973, stack(0x00007f6445b00000,0x00007f6445c00000)]
  0x00007f6424015220 JavaThread "Worker-3: Compacting resource model" [_thread_blocked, id=10982, stack(0x00007f6445900000,0x00007f6445a00000)]
  0x00007f640817c4d0 JavaThread "Thread-2" [_thread_blocked, id=11096, stack(0x00007f6446000000,0x00007f6446100000)]
  0x00007f64082159a0 JavaThread "Thread-5" [_thread_blocked, id=11099, stack(0x00007f6445500000,0x00007f6445600000)]
  0x00007f6408217be0 JavaThread "Thread-7" [_thread_blocked, id=11101, stack(0x00007f6445100000,0x00007f6445200000)]
  0x00007f6408218ab0 JavaThread "Thread-8" [_thread_blocked, id=11102, stack(0x00007f6444f00000,0x00007f6445000000)]
  0x00007f640821ab80 JavaThread "Thread-9" [_thread_blocked, id=11117, stack(0x00007f6445a00000,0x00007f6445b00000)]
  0x00007f6408213ba0 JavaThread "Thread-10" [_thread_blocked, id=11167, stack(0x00007f6445700000,0x00007f6445800000)]
  0x00007f6408216d60 JavaThread "Thread-12" [_thread_blocked, id=11191, stack(0x00007f6445e00000,0x00007f6445f00000)]
  0x00007f64081868e0 JavaThread "Thread-14" [_thread_blocked, id=11214, stack(0x00007f6445300000,0x00007f6445400000)]
  0x00007f640817d330 JavaThread "Thread-15" [_thread_blocked, id=11225, stack(0x00007f647c000000,0x00007f647c100000)]
  0x00007f640824acb0 JavaThread "Thread-16" [_thread_blocked, id=11226, stack(0x00007f6445800000,0x00007f6445900000)]
  0x00007f640817e2d0 JavaThread "Thread-17" [_thread_blocked, id=12800, stack(0x00007f6446300000,0x00007f6446400000)]
  0x00007f64240359c0 JavaThread "Worker-4" [_thread_blocked, id=16157, stack(0x00007f6447f00000,0x00007f6448000000)]

Other Threads:
  0x00007f64980a1b40 VMThread "VM Thread" [stack: 0x00007f649ca2f000,0x00007f649cb2f000] [id=10885] _threads_hazard_ptr=0x00007f6424010e60
  0x00007f6498139540 WatcherThread [stack: 0x00007f647e600000,0x00007f647e700000] [id=10898]
  0x00007f649803df20 GCTaskThread "GC Thread#0" [stack: 0x00007f649e4d9000,0x00007f649e5d9000] [id=10882]

Threads with active compile tasks:
JVMCI-native CompilerThread0  1008798 10295  s!   4       java.lang.StackTraceElement::computeFormat (71 bytes)

VM state: synchronizing (normal execution)

VM Mutex/Monitor currently owned by a thread:  ([mutex/lock_event])
[0x00007f6498023840] Threads_lock - owner thread: 0x00007f64980a1b40
[0x00007f6498023ff0] Heap_lock - owner thread: 0x00007f64180010d0

OutOfMemory and StackOverflow Exception counts:
OutOfMemoryError java_heap_errors=9
LinkageErrors=57

Heap address: 0x00000000e0000000, size: 512 MB, Compressed Oops mode: 32-bit

CDS archive(s) mapped at: [0x0000000800000000-0x0000000800bc8000-0x0000000800bc8000), size 12353536, SharedBaseAddress: 0x0000000800000000, ArchiveRelocationMode: 0.
Compressed class space mapped at: 0x0000000800c00000-0x0000000840c00000, reserved size: 1073741824
Narrow klass base: 0x0000000800000000, Narrow klass shift: 0, Narrow klass range: 0x100000000

GC Precious Log:
 CPUs: 8 total, 1 available
 Memory: 1024M
 Large Page Support: Disabled
 NUMA Support: Disabled
 Compressed Oops: Enabled (32-bit)
 Alignments: Space 512K, Generation 512K, Heap 2M
 Heap Min Capacity: 100M
 Heap Initial Capacity: 100M
 Heap Max Capacity: 512M
 Pre-touch: Disabled
 Parallel Workers: 1

Heap:
 PSYoungGen      total 74240K, used 54783K [0x00000000f5580000, 0x00000000fb300000, 0x0000000100000000)
  eden space 54784K, 99% used [0x00000000f5580000,0x00000000f8affff8,0x00000000f8b00000)
  from space 19456K, 0% used [0x00000000f8b00000,0x00000000f8b00000,0x00000000f9e00000)
  to   space 19456K, 0% used [0x00000000f9f80000,0x00000000f9f80000,0x00000000fb280000)
 ParOldGen       total 349696K, used 349695K [0x00000000e0000000, 0x00000000f5580000, 0x00000000f5580000)
  object space 349696K, 99% used [0x00000000e0000000,0x00000000f557fff0,0x00000000f5580000)
 Metaspace       used 57401K, committed 58496K, reserved 1105920K
  class space    used 5461K, committed 5888K, reserved 1048576K

Card table byte_map: [0x00007f649e5d9000,0x00007f649e6da000] _byte_map_base: 0x00007f649ded9000

Marking Bits: (ParMarkBitMap*) 0x00007f649fd294c0
 Begin Bits: [0x00007f649d42c000, 0x00007f649dc2c000)
 End Bits:   [0x00007f649dc2c000, 0x00007f649e42c000)

Polling page: 0x00007f649e8f3000

Metaspace:

Usage:
  Non-class:     50.72 MB used.
      Class:      5.33 MB used.
       Both:     56.06 MB used.

Virtual space:
  Non-class space:       56.00 MB reserved,      51.38 MB ( 92%) committed,  7 nodes.
      Class space:        1.00 GB reserved,       5.75 MB ( <1%) committed,  1 nodes.
             Both:        1.05 GB reserved,      57.12 MB (  5%) committed. 

Chunk freelists:
   Non-Class:  4.06 MB
       Class:  2.35 MB
        Both:  6.41 MB

MaxMetaspaceSize: unlimited
CompressedClassSpaceSize: 1.00 GB
Initial GC threshold: 21.00 MB
Current GC threshold: 95.12 MB
CDS: on
MetaspaceReclaimPolicy: balanced
 - commit_granule_bytes: 65536.
 - commit_granule_words: 8192.
 - virtual_space_node_default_size: 1048576.
 - enlarge_chunks_in_place: 1.
 - new_chunks_are_fully_committed: 0.
 - uncommit_free_chunks: 1.
 - use_allocation_guard: 0.
 - handle_deallocations: 1.


Internal statistics:

num_allocs_failed_limit: 6.
num_arena_births: 468.
num_arena_deaths: 136.
num_vsnodes_births: 8.
num_vsnodes_deaths: 0.
num_space_committed: 912.
num_space_uncommitted: 0.
num_chunks_returned_to_freelist: 190.
num_chunks_taken_from_freelist: 2922.
num_chunk_merges: 80.
num_chunk_splits: 1892.
num_chunks_enlarged: 1130.
num_purges: 4.
num_inconsistent_stats: 0.

CodeHeap 'non-profiled nmethods': size=120036Kb used=2709Kb max_used=2709Kb free=117326Kb
 bounds [0x00007f6486f7a000, 0x00007f648722a000, 0x00007f648e4b3000]
CodeHeap 'profiled nmethods': size=120032Kb used=17562Kb max_used=17562Kb free=102469Kb
 bounds [0x00007f647fa42000, 0x00007f6480b72000, 0x00007f6486f7a000]
CodeHeap 'non-nmethods': size=5692Kb used=1350Kb max_used=1371Kb free=4342Kb
 bounds [0x00007f647f4b3000, 0x00007f647f723000, 0x00007f647fa42000]
 total_blobs=7930 nmethods=7245 adapters=592
 compilation: enabled
              stopped_count=0, restarted_count=0
 full_count=0

JVMCI Events (20 events):
Event: 484.395 Thread 0x00007f64980b2110 compacted oop handles in JVMCI runtime 0 from 47 to 47
Event: 484.395 Thread 0x00007f64980b2110 releasing handles for JVMCI runtime 0: oop handles=47, metadata handles={total=96, live=89, blocks=59}
Event: 484.395 Thread 0x00007f64980b2110 detached from JVMCI runtime 0
Event: 577.371 Thread 0x00007f64980b2110 attached to JVMCI runtime 0
Event: 577.375 Thread 0x00007f64980b2110 created JavaVM[5]@0x00007f643fa9e340 for JVMCI runtime 0
Event: 587.690 Thread 0x00007f64980b2110 initializing JVMCI runtime 0
Event: 587.690 Thread 0x00007f64980b2110 done waiting for JavaVM references initialization in JVMCI runtime 0
Event: 691.841 Thread 0x00007f64980b2110 initialized JVMCI runtime 0
Event: 766.062 Thread 0x00007f64980b2110 compacted oop handles in JVMCI runtime 0 from 80 to 67
Event: 768.867 Thread 0x00007f64980b2110 detaching from JVMCI runtime 0: releasing idle compiler thread (0 other threads still attached)
Event: 768.867 Thread 0x00007f64980b2110 shutting down HotSpotJVMCIRuntime for JVMCI runtime 0
Event: 768.867 Thread 0x00007f64980b2110 shut down JVMCI runtime 0
Event: 768.868 Thread 0x00007f64980b2110 destroyed JavaVM[5]@0x00007f643fa9e340 for JVMCI runtime 0
Event: 768.868 Thread 0x00007f64980b2110 compacted oop handles in JVMCI runtime 0 from 67 to 67
Event: 768.868 Thread 0x00007f64980b2110 releasing handles for JVMCI runtime 0: oop handles=67, metadata handles={total=160, live=133, blocks=59}
Event: 768.868 Thread 0x00007f64980b2110 detached from JVMCI runtime 0
Event: 790.320 Thread 0x00007f64980b2110 attached to JVMCI runtime 0
Event: 790.323 Thread 0x00007f64980b2110 created JavaVM[6]@0x00007f643fa9e340 for JVMCI runtime 0
Event: 790.323 Thread 0x00007f64980b2110 initializing JVMCI runtime 0
Event: 790.323 Thread 0x00007f64980b2110 done waiting for JavaVM references initialization in JVMCI runtime 0

Compilation events (20 events):
Event: 408.599 Thread 0x00007f64980b3620 10289       3       java.lang.String::getBytes (25 bytes)
Event: 412.918 Thread 0x00007f64980b3620 nmethod 10289 0x00007f6480b62e90 code [0x00007f6480b63060, 0x00007f6480b63330]
Event: 439.578 Thread 0x00007f64980b2110 nmethod 10286 0x00007f648721dc90 code [0x00007f648721de00, 0x00007f648721de98]
Event: 455.498 Thread 0x00007f64980b2110 10290       4       java.lang.String::valueOf (15 bytes)
Event: 478.434 Thread 0x00007f64980b2110 nmethod 10290 0x00007f648721df90 code [0x00007f648721e100, 0x00007f648721e168]
Event: 551.550 Thread 0x00007f64980b3620 10291       3       java.util.concurrent.ThreadPoolExecutor::runStateAtLeast (11 bytes)
Event: 551.550 Thread 0x00007f64980b3620 nmethod 10291 0x00007f6480b63490 code [0x00007f6480b63620, 0x00007f6480b63770]
Event: 577.371 Thread 0x00007f64980b2110 10292  s    4       org.eclipse.jdt.internal.core.search.processing.JobManager::currentJob (35 bytes)
Event: 733.975 Thread 0x00007f64980b2110 nmethod 10292 0x00007f648721e290 code [0x00007f648721e440, 0x00007f648721e7d0]
Event: 733.975 Thread 0x00007f64980b2110 10293       4       java.io.File::<init> (47 bytes)
Event: 766.062 Thread 0x00007f64980b2110 nmethod 10293 0x00007f648721ea90 code [0x00007f648721ec40, 0x00007f648721ef00]
Event: 781.073 Thread 0x00007f64980b3620 10294       3       java.net.URI$Parser::scan (53 bytes)
Event: 790.320 Thread 0x00007f64980b3620 nmethod 10294 0x00007f6480b63810 code [0x00007f6480b63aa0, 0x00007f6480b646f0]
Event: 790.320 Thread 0x00007f64980b2110 10295  s!   4       java.lang.StackTraceElement::computeFormat (71 bytes)
Event: 842.475 Thread 0x00007f64980b3620 10298       3       java.util.concurrent.locks.AbstractQueuedSynchronizer$Node::<init> (5 bytes)
Event: 842.475 Thread 0x00007f64980b3620 nmethod 10298 0x00007f6480b64c10 code [0x00007f6480b64dc0, 0x00007f6480b64f10]
Event: 897.670 Thread 0x00007f64980b3620 10299       3       org.eclipse.core.internal.jobs.DeadlockDetector::reduceGraph (509 bytes)
Event: 897.673 Thread 0x00007f64980b3620 nmethod 10299 0x00007f6480b65010 code [0x00007f6480b65380, 0x00007f6480b682c0]
Event: 932.687 Thread 0x00007f64980b3620 10300       3       java.util.concurrent.locks.ReentrantLock$NonfairSync::tryAcquire (27 bytes)
Event: 937.609 Thread 0x00007f64980b3620 nmethod 10300 0x00007f6480b68d90 code [0x00007f6480b68f40, 0x00007f6480b691a0]

GC Heap History (20 events):
Event: 969.374 GC heap before
{Heap before GC invocations=356 (full 258):
 PSYoungGen      total 74240K, used 54783K [0x00000000f5580000, 0x00000000fb300000, 0x0000000100000000)
  eden space 54784K, 99% used [0x00000000f5580000,0x00000000f8affff8,0x00000000f8b00000)
  from space 19456K, 0% used [0x00000000f8b00000,0x00000000f8b00000,0x00000000f9e00000)
  to   space 19456K, 0% used [0x00000000f9f80000,0x00000000f9f80000,0x00000000fb280000)
 ParOldGen       total 349696K, used 349696K [0x00000000e0000000, 0x00000000f5580000, 0x00000000f5580000)
  object space 349696K, 100% used [0x00000000e0000000,0x00000000f5580000,0x00000000f5580000)
 Metaspace       used 57401K, committed 58496K, reserved 1105920K
  class space    used 5461K, committed 5888K, reserved 1048576K
}
Event: 975.074 GC heap after
{Heap after GC invocations=356 (full 258):
 PSYoungGen      total 74240K, used 54783K [0x00000000f5580000, 0x00000000fb300000, 0x0000000100000000)
  eden space 54784K, 99% used [0x00000000f5580000,0x00000000f8afffe0,0x00000000f8b00000)
  from space 19456K, 0% used [0x00000000f9f80000,0x00000000f9f80000,0x00000000fb280000)
  to   space 19456K, 0% used [0x00000000f8b00000,0x00000000f8b00000,0x00000000f9e00000)
 ParOldGen       total 349696K, used 349695K [0x00000000e0000000, 0x00000000f5580000, 0x00000000f5580000)
  object space 349696K, 99% used [0x00000000e0000000,0x00000000f557fe28,0x00000000f5580000)
 Metaspace       used 57401K, committed 58496K, reserved 1105920K
  class space    used 5461K, committed 5888K, reserved 1048576K
}
Event: 975.077 GC heap before
{Heap before GC invocations=357 (full 259):
 PSYoungGen      total 74240K, used 54784K [0x00000000f5580000, 0x00000000fb300000, 0x0000000100000000)
  eden space 54784K, 100% used [0x00000000f5580000,0x00000000f8b00000,0x00000000f8b00000)
  from space 19456K, 0% used [0x00000000f9f80000,0x00000000f9f80000,0x00000000fb280000)
  to   space 19456K, 0% used [0x00000000f8b00000,0x00000000f8b00000,0x00000000f9e00000)
 ParOldGen       total 349696K, used 349696K [0x00000000e0000000, 0x00000000f5580000, 0x00000000f5580000)
  object space 349696K, 100% used [0x00000000e0000000,0x00000000f5580000,0x00000000f5580000)
 Metaspace       used 57401K, committed 58496K, reserved 1105920K
  class space    used 5461K, committed 5888K, reserved 1048576K
}
Event: 982.684 GC heap after
{Heap after GC invocations=357 (full 259):
 PSYoungGen      total 74240K, used 54783K [0x00000000f5580000, 0x00000000fb300000, 0x0000000100000000)
  eden space 54784K, 99% used [0x00000000f5580000,0x00000000f8afffc0,0x00000000f8b00000)
  from space 19456K, 0% used [0x00000000f8b00000,0x00000000f8b00000,0x00000000f9e00000)
  to   space 19456K, 0% used [0x00000000f9f80000,0x00000000f9f80000,0x00000000fb280000)
 ParOldGen       total 349696K, used 349695K [0x00000000e0000000, 0x00000000f5580000, 0x00000000f5580000)
  object space 349696K, 99% used [0x00000000e0000000,0x00000000f557ff28,0x00000000f5580000)
 Metaspace       used 57401K, committed 58496K, reserved 1105920K
  class space    used 5461K, committed 5888K, reserved 1048576K
}
Event: 982.684 GC heap before
{Heap before GC invocations=358 (full 260):
 PSYoungGen      total 74240K, used 54783K [0x00000000f5580000, 0x00000000fb300000, 0x0000000100000000)
  eden space 54784K, 99% used [0x00000000f5580000,0x00000000f8affff8,0x00000000f8b00000)
  from space 19456K, 0% used [0x00000000f8b00000,0x00000000f8b00000,0x00000000f9e00000)
  to   space 19456K, 0% used [0x00000000f9f80000,0x00000000f9f80000,0x00000000fb280000)
 ParOldGen       total 349696K, used 349695K [0x00000000e0000000, 0x00000000f5580000, 0x00000000f5580000)
  object space 349696K, 99% used [0x00000000e0000000,0x00000000f557ff28,0x00000000f5580000)
 Metaspace       used 57401K, committed 58496K, reserved 1105920K
  class space    used 5461K, committed 5888K, reserved 1048576K
}
Event: 990.888 GC heap after
{Heap after GC invocations=358 (full 260):
 PSYoungGen      total 74240K, used 54783K [0x00000000f5580000, 0x00000000fb300000, 0x0000000100000000)
  eden space 54784K, 99% used [0x00000000f5580000,0x00000000f8afffc0,0x00000000f8b00000)
  from space 19456K, 0% used [0x00000000f9f80000,0x00000000f9f80000,0x00000000fb280000)
  to   space 19456K, 0% used [0x00000000f8b00000,0x00000000f8b00000,0x00000000f9e00000)
 ParOldGen       total 349696K, used 349695K [0x00000000e0000000, 0x00000000f5580000, 0x00000000f5580000)
  object space 349696K, 99% used [0x00000000e0000000,0x00000000f557fed8,0x00000000f5580000)
 Metaspace       used 57401K, committed 58496K, reserved 1105920K
  class space    used 5461K, committed 5888K, reserved 1048576K
}
Event: 990.888 GC heap before
{Heap before GC invocations=359 (full 261):
 PSYoungGen      total 74240K, used 54784K [0x00000000f5580000, 0x00000000fb300000, 0x0000000100000000)
  eden space 54784K, 100% used [0x00000000f5580000,0x00000000f8b00000,0x00000000f8b00000)
  from space 19456K, 0% used [0x00000000f9f80000,0x00000000f9f80000,0x00000000fb280000)
  to   space 19456K, 0% used [0x00000000f8b00000,0x00000000f8b00000,0x00000000f9e00000)
 ParOldGen       total 349696K, used 349695K [0x00000000e0000000, 0x00000000f5580000, 0x00000000f5580000)
  object space 349696K, 99% used [0x00000000e0000000,0x00000000f557fed8,0x00000000f5580000)
 Metaspace       used 57401K, committed 58496K, reserved 1105920K
  class space    used 5461K, committed 5888K, reserved 1048576K
}
Event: 994.869 GC heap after
{Heap after GC invocations=359 (full 261):
 PSYoungGen      total 74240K, used 54783K [0x00000000f5580000, 0x00000000fb300000, 0x0000000100000000)
  eden space 54784K, 99% used [0x00000000f5580000,0x00000000f8afffe0,0x00000000f8b00000)
  from space 19456K, 0% used [0x00000000f8b00000,0x00000000f8b00000,0x00000000f9e00000)
  to   space 19456K, 0% used [0x00000000f9f80000,0x00000000f9f80000,0x00000000fb280000)
 ParOldGen       total 349696K, used 349695K [0x00000000e0000000, 0x00000000f5580000, 0x00000000f5580000)
  object space 349696K, 99% used [0x00000000e0000000,0x00000000f557fed8,0x00000000f5580000)
 Metaspace       used 57401K, committed 58496K, reserved 1105920K
  class space    used 5461K, committed 5888K, reserved 1048576K
}
Event: 994.870 GC heap before
{Heap before GC invocations=360 (full 262):
 PSYoungGen      total 74240K, used 54783K [0x00000000f5580000, 0x00000000fb300000, 0x0000000100000000)
  eden space 54784K, 99% used [0x00000000f5580000,0x00000000f8affff8,0x00000000f8b00000)
  from space 19456K, 0% used [0x00000000f8b00000,0x00000000f8b00000,0x00000000f9e00000)
  to   space 19456K, 0% used [0x00000000f9f80000,0x00000000f9f80000,0x00000000fb280000)
 ParOldGen       total 349696K, used 349695K [0x00000000e0000000, 0x00000000f5580000, 0x00000000f5580000)
  object space 349696K, 99% used [0x00000000e0000000,0x00000000f557fed8,0x00000000f5580000)
 Metaspace       used 57401K, committed 58496K, reserved 1105920K
  class space    used 5461K, committed 5888K, reserved 1048576K
}
Event: 997.168 GC heap after
{Heap after GC invocations=360 (full 262):
 PSYoungGen      total 74240K, used 54783K [0x00000000f5580000, 0x00000000fb300000, 0x0000000100000000)
  eden space 54784K, 99% used [0x00000000f5580000,0x00000000f8affff8,0x00000000f8b00000)
  from space 19456K, 0% used [0x00000000f9f80000,0x00000000f9f80000,0x00000000fb280000)
  to   space 19456K, 0% used [0x00000000f8b00000,0x00000000f8b00000,0x00000000f9e00000)
 ParOldGen       total 349696K, used 349695K [0x00000000e0000000, 0x00000000f5580000, 0x00000000f5580000)
  object space 349696K, 99% used [0x00000000e0000000,0x00000000f557fed8,0x00000000f5580000)
 Metaspace       used 57401K, committed 58496K, reserved 1105920K
  class space    used 5461K, committed 5888K, reserved 1048576K
}
Event: 997.170 GC heap before
{Heap before GC invocations=361 (full 263):
 PSYoungGen      total 74240K, used 54783K [0x00000000f5580000, 0x00000000fb300000, 0x0000000100000000)
  eden space 54784K, 99% used [0x00000000f5580000,0x00000000f8affff8,0x00000000f8b00000)
  from space 19456K, 0% used [0x00000000f9f80000,0x00000000f9f80000,0x00000000fb280000)
  to   space 19456K, 0% used [0x00000000f8b00000,0x00000000f8b00000,0x00000000f9e00000)
 ParOldGen       total 349696K, used 349695K [0x00000000e0000000, 0x00000000f5580000, 0x00000000f5580000)
  object space 349696K, 99% used [0x00000000e0000000,0x00000000f557fff8,0x00000000f5580000)
 Metaspace       used 57401K, committed 58496K, reserved 1105920K
  class space    used 5461K, committed 5888K, reserved 1048576K
}
Event: 999.521 GC heap after
{Heap after GC invocations=361 (full 263):
 PSYoungGen      total 74240K, used 54783K [0x00000000f5580000, 0x00000000fb300000, 0x0000000100000000)
  eden space 54784K, 99% used [0x00000000f5580000,0x00000000f8afffe0,0x00000000f8b00000)
  from space 19456K, 0% used [0x00000000f8b00000,0x00000000f8b00000,0x00000000f9e00000)
  to   space 19456K, 0% used [0x00000000f9f80000,0x00000000f9f80000,0x00000000fb280000)
 ParOldGen       total 349696K, used 349695K [0x00000000e0000000, 0x00000000f5580000, 0x00000000f5580000)
  object space 349696K, 99% used [0x00000000e0000000,0x00000000f557fff8,0x00000000f5580000)
 Metaspace       used 57401K, committed 58496K, reserved 1105920K
  class space    used 5461K, committed 5888K, reserved 1048576K
}
Event: 999.570 GC heap before
{Heap before GC invocations=362 (full 264):
 PSYoungGen      total 74240K, used 54783K [0x00000000f5580000, 0x00000000fb300000, 0x0000000100000000)
  eden space 54784K, 99% used [0x00000000f5580000,0x00000000f8affff8,0x00000000f8b00000)
  from space 19456K, 0% used [0x00000000f8b00000,0x00000000f8b00000,0x00000000f9e00000)
  to   space 19456K, 0% used [0x00000000f9f80000,0x00000000f9f80000,0x00000000fb280000)
 ParOldGen       total 349696K, used 349695K [0x00000000e0000000, 0x00000000f5580000, 0x00000000f5580000)
  object space 349696K, 99% used [0x00000000e0000000,0x00000000f557fff8,0x00000000f5580000)
 Metaspace       used 57401K, committed 58496K, reserved 1105920K
  class space    used 5461K, committed 5888K, reserved 1048576K
}
Event: 1001.876 GC heap after
{Heap after GC invocations=362 (full 264):
 PSYoungGen      total 74240K, used 54783K [0x00000000f5580000, 0x00000000fb300000, 0x0000000100000000)
  eden space 54784K, 99% used [0x00000000f5580000,0x00000000f8affff8,0x00000000f8b00000)
  from space 19456K, 0% used [0x00000000f9f80000,0x00000000f9f80000,0x00000000fb280000)
  to   space 19456K, 0% used [0x00000000f8b00000,0x00000000f8b00000,0x00000000f9e00000)
 ParOldGen       total 349696K, used 349695K [0x00000000e0000000, 0x00000000f5580000, 0x00000000f5580000)
  object space 349696K, 99% used [0x00000000e0000000,0x00000000f557fff8,0x00000000f5580000)
 Metaspace       used 57401K, committed 58496K, reserved 1105920K
  class space    used 5461K, committed 5888K, reserved 1048576K
}
Event: 1001.876 GC heap before
{Heap before GC invocations=363 (full 265):
 PSYoungGen      total 74240K, used 54783K [0x00000000f5580000, 0x00000000fb300000, 0x0000000100000000)
  eden space 54784K, 99% used [0x00000000f5580000,0x00000000f8affff8,0x00000000f8b00000)
  from space 19456K, 0% used [0x00000000f9f80000,0x00000000f9f80000,0x00000000fb280000)
  to   space 19456K, 0% used [0x00000000f8b00000,0x00000000f8b00000,0x00000000f9e00000)
 ParOldGen       total 349696K, used 349695K [0x00000000e0000000, 0x00000000f5580000, 0x00000000f5580000)
  object space 349696K, 99% used [0x00000000e0000000,0x00000000f557fff8,0x00000000f5580000)
 Metaspace       used 57401K, committed 58496K, reserved 1105920K
  class space    used 5461K, committed 5888K, reserved 1048576K
}
Event: 1004.194 GC heap after
{Heap after GC invocations=363 (full 265):
 PSYoungGen      total 74240K, used 54783K [0x00000000f5580000, 0x00000000fb300000, 0x0000000100000000)
  eden space 54784K, 99% used [0x00000000f5580000,0x00000000f8affff8,0x00000000f8b00000)
  from space 19456K, 0% used [0x00000000f8b00000,0x00000000f8b00000,0x00000000f9e00000)
  to   space 19456K, 0% used [0x00000000f9f80000,0x00000000f9f80000,0x00000000fb280000)
 ParOldGen       total 349696K, used 349695K [0x00000000e0000000, 0x00000000f5580000, 0x00000000f5580000)
  object space 349696K, 99% used [0x00000000e0000000,0x00000000f557ff18,0x00000000f5580000)
 Metaspace       used 57401K, committed 58496K, reserved 1105920K
  class space    used 5461K, committed 5888K, reserved 1048576K
}
Event: 1004.195 GC heap before
{Heap before GC invocations=364 (full 266):
 PSYoungGen      total 74240K, used 54783K [0x00000000f5580000, 0x00000000fb300000, 0x0000000100000000)
  eden space 54784K, 99% used [0x00000000f5580000,0x00000000f8affff8,0x00000000f8b00000)
  from space 19456K, 0% used [0x00000000f8b00000,0x00000000f8b00000,0x00000000f9e00000)
  to   space 19456K, 0% used [0x00000000f9f80000,0x00000000f9f80000,0x00000000fb280000)
 ParOldGen       total 349696K, used 349695K [0x00000000e0000000, 0x00000000f5580000, 0x00000000f5580000)
  object space 349696K, 99% used [0x00000000e0000000,0x00000000f557ff80,0x00000000f5580000)
 Metaspace       used 57401K, committed 58496K, reserved 1105920K
  class space    used 5461K, committed 5888K, reserved 1048576K
}
Event: 1006.269 GC heap after
{Heap after GC invocations=364 (full 266):
 PSYoungGen      total 74240K, used 54783K [0x00000000f5580000, 0x00000000fb300000, 0x0000000100000000)
  eden space 54784K, 99% used [0x00000000f5580000,0x00000000f8afffd8,0x00000000f8b00000)
  from space 19456K, 0% used [0x00000000f9f80000,0x00000000f9f80000,0x00000000fb280000)
  to   space 19456K, 0% used [0x00000000f8b00000,0x00000000f8b00000,0x00000000f9e00000)
 ParOldGen       total 349696K, used 349695K [0x00000000e0000000, 0x00000000f5580000, 0x00000000f5580000)
  object space 349696K, 99% used [0x00000000e0000000,0x00000000f557ff80,0x00000000f5580000)
 Metaspace       used 57401K, committed 58496K, reserved 1105920K
  class space    used 5461K, committed 5888K, reserved 1048576K
}
Event: 1006.269 GC heap before
{Heap before GC invocations=365 (full 267):
 PSYoungGen      total 74240K, used 54783K [0x00000000f5580000, 0x00000000fb300000, 0x0000000100000000)
  eden space 54784K, 99% used [0x00000000f5580000,0x00000000f8afffd8,0x00000000f8b00000)
  from space 19456K, 0% used [0x00000000f9f80000,0x00000000f9f80000,0x00000000fb280000)
  to   space 19456K, 0% used [0x00000000f8b00000,0x00000000f8b00000,0x00000000f9e00000)
 ParOldGen       total 349696K, used 349695K [0x00000000e0000000, 0x00000000f5580000, 0x00000000f5580000)
  object space 349696K, 99% used [0x00000000e0000000,0x00000000f557ff80,0x00000000f5580000)
 Metaspace       used 57401K, committed 58496K, reserved 1105920K
  class space    used 5461K, committed 5888K, reserved 1048576K
}
Event: 1008.667 GC heap after
{Heap after GC invocations=365 (full 267):
 PSYoungGen      total 74240K, used 54783K [0x00000000f5580000, 0x00000000fb300000, 0x0000000100000000)
  eden space 54784K, 99% used [0x00000000f5580000,0x00000000f8afffd8,0x00000000f8b00000)
  from space 19456K, 0% used [0x00000000f8b00000,0x00000000f8b00000,0x00000000f9e00000)
  to   space 19456K, 0% used [0x00000000f9f80000,0x00000000f9f80000,0x00000000fb280000)
 ParOldGen       total 349696K, used 349695K [0x00000000e0000000, 0x00000000f5580000, 0x00000000f5580000)
  object space 349696K, 99% used [0x00000000e0000000,0x00000000f557ff80,0x00000000f5580000)
 Metaspace       used 57401K, committed 58496K, reserved 1105920K
  class space    used 5461K, committed 5888K, reserved 1048576K
}

Dll operation events (8 events):
Event: 0.003 Loaded shared library /nix/store/gpxl5qgg8kicmcvivwmybwjlpf7wh20l-graalvm17-ce-22.3.0/lib/libjava.so
Event: 0.070 Loaded shared library /nix/store/gpxl5qgg8kicmcvivwmybwjlpf7wh20l-graalvm17-ce-22.3.0/lib/libjsvml.so
Event: 0.378 Loaded shared library /nix/store/gpxl5qgg8kicmcvivwmybwjlpf7wh20l-graalvm17-ce-22.3.0/lib/libnio.so
Event: 0.389 Loaded shared library /nix/store/gpxl5qgg8kicmcvivwmybwjlpf7wh20l-graalvm17-ce-22.3.0/lib/libjvmcicompiler.so
Event: 0.394 Loaded shared library /nix/store/gpxl5qgg8kicmcvivwmybwjlpf7wh20l-graalvm17-ce-22.3.0/lib/libzip.so
Event: 0.829 Loaded shared library /nix/store/gpxl5qgg8kicmcvivwmybwjlpf7wh20l-graalvm17-ce-22.3.0/lib/libjimage.so
Event: 3.489 Loaded shared library /nix/store/gpxl5qgg8kicmcvivwmybwjlpf7wh20l-graalvm17-ce-22.3.0/lib/libnet.so
Event: 5.690 Loaded shared library /home/runner/.cache/jdt-language-server/config/org.eclipse.equinox.launcher/org.eclipse.equinox.launcher.gtk.linux.x86_64_1.2.400.v20211117-0650/eclipse_11600.so

Deoptimization events (20 events):
Event: 814.498 Thread 0x00007f643464e950 DEOPT PACKING pc=0x00007f6487216f40 sp=0x00007f6445ffe550
Event: 814.498 Thread 0x00007f643464e950 DEOPT UNPACKING pc=0x00007f647f505325 sp=0x00007f6445ffda28 mode 3
Event: 832.607 Thread 0x00007f643464e950 Uncommon trap: trap_request=0xffffff8f fr.pc=0x00007f648720df14 relative=0x0000000000000274
Event: 832.607 Thread 0x00007f643464e950 Uncommon trap: reason=constraint action=none pc=0x00007f648720df14 method=org.eclipse.jdt.internal.core.index.DiskIndex$IntList.add(I)V @ 0 jvmci
Event: 837.469 Thread 0x00007f643464e950 DEOPT PACKING pc=0x00007f648720df14 sp=0x00007f6445ffe520
Event: 837.469 Thread 0x00007f643464e950 DEOPT UNPACKING pc=0x00007f647f505325 sp=0x00007f6445ffd9c0 mode 3
Event: 837.470 Thread 0x00007f6498425c40 Uncommon trap: trap_request=0xffffff8f fr.pc=0x00007f6486fcd2ee relative=0x000000000000044e
Event: 837.470 Thread 0x00007f6498425c40 Uncommon trap: reason=constraint action=none pc=0x00007f6486fcd2ee method=java.lang.AbstractStringBuilder.append(Ljava/lang/String;)Ljava/lang/AbstractStringBuilder; @ 0 jvmci
Event: 837.470 Thread 0x00007f6498425c40 DEOPT PACKING pc=0x00007f6486fcd2ee sp=0x00007f6445bfdd10
Event: 837.470 Thread 0x00007f6498425c40 DEOPT UNPACKING pc=0x00007f647f505325 sp=0x00007f6445bfd1d0 mode 3
Event: 842.475 Thread 0x00007f6498425c40 Uncommon trap: trap_request=0xffffff8f fr.pc=0x00007f6486fa46f7 relative=0x0000000000000257
Event: 842.475 Thread 0x00007f6498425c40 Uncommon trap: reason=constraint action=none pc=0x00007f6486fa46f7 method=java.lang.AbstractStringBuilder.ensureCapacityInternal(I)V @ 27 jvmci
Event: 842.475 Thread 0x00007f6498425c40 DEOPT PACKING pc=0x00007f6486fa46f7 sp=0x00007f6445bfdca0
Event: 842.475 Thread 0x00007f6498425c40 DEOPT UNPACKING pc=0x00007f647f505325 sp=0x00007f6445bfd138 mode 3
Event: 847.504 Thread 0x00007f6434484a70 Uncommon trap: trap_request=0xffffff8f fr.pc=0x00007f6486f8c86e relative=0x00000000000000ce
Event: 847.504 Thread 0x00007f6434484a70 Uncommon trap: reason=constraint action=none pc=0x00007f6486f8c86e method=java.util.HashMap.newNode(ILjava/lang/Object;Ljava/lang/Object;Ljava/util/HashMap$Node;)Ljava/util/HashMap$Node; @ 0 jvmci
Event: 847.504 Thread 0x00007f6434484a70 DEOPT PACKING pc=0x00007f6486f8c86e sp=0x00007f64465fdf90
Event: 847.504 Thread 0x00007f6434484a70 DEOPT UNPACKING pc=0x00007f647f505325 sp=0x00007f64465fd410 mode 3
Event: 852.702 Thread 0x00007f6434484a70 DEOPT PACKING pc=0x00007f6486fb9ec4 sp=0x00007f64465fe060
Event: 852.702 Thread 0x00007f6434484a70 DEOPT UNPACKING pc=0x00007f647f505325 sp=0x00007f64465fd530 mode 1

Classes unloaded (20 events):
Event: 110.898 Thread 0x00007f64980a1b40 Unloading class 0x0000000800d91400 'java/lang/invoke/LambdaForm$MH+0x0000000800d91400'
Event: 110.898 Thread 0x00007f64980a1b40 Unloading class 0x0000000800d91000 'java/lang/invoke/LambdaForm$MH+0x0000000800d91000'
Event: 110.898 Thread 0x00007f64980a1b40 Unloading class 0x0000000800d90c00 'java/lang/invoke/LambdaForm$MH+0x0000000800d90c00'
Event: 110.898 Thread 0x00007f64980a1b40 Unloading class 0x0000000800d90800 'java/lang/invoke/LambdaForm$MH+0x0000000800d90800'
Event: 110.898 Thread 0x00007f64980a1b40 Unloading class 0x0000000800d90400 'java/lang/invoke/LambdaForm$MH+0x0000000800d90400'
Event: 110.898 Thread 0x00007f64980a1b40 Unloading class 0x0000000800d90000 'java/lang/invoke/LambdaForm$MH+0x0000000800d90000'
Event: 110.898 Thread 0x00007f64980a1b40 Unloading class 0x0000000800cb2800 'java/lang/invoke/LambdaForm$MH+0x0000000800cb2800'
Event: 110.898 Thread 0x00007f64980a1b40 Unloading class 0x0000000800cb2000 'java/lang/invoke/LambdaForm$MH+0x0000000800cb2000'
Event: 110.898 Thread 0x00007f64980a1b40 Unloading class 0x0000000800cb1c00 'java/lang/invoke/LambdaForm$MH+0x0000000800cb1c00'
Event: 110.898 Thread 0x00007f64980a1b40 Unloading class 0x0000000800cb1800 'java/lang/invoke/LambdaForm$MH+0x0000000800cb1800'
Event: 110.898 Thread 0x00007f64980a1b40 Unloading class 0x0000000800cb1000 'java/lang/invoke/LambdaForm$MH+0x0000000800cb1000'
Event: 110.898 Thread 0x00007f64980a1b40 Unloading class 0x0000000800cb0c00 'java/lang/invoke/LambdaForm$MH+0x0000000800cb0c00'
Event: 110.898 Thread 0x00007f64980a1b40 Unloading class 0x0000000800cb0800 'java/lang/invoke/LambdaForm$MH+0x0000000800cb0800'
Event: 110.898 Thread 0x00007f64980a1b40 Unloading class 0x0000000800cb0000 'java/lang/invoke/LambdaForm$MH+0x0000000800cb0000'
Event: 110.898 Thread 0x00007f64980a1b40 Unloading class 0x0000000800c85000 'jdk/internal/reflect/GeneratedMethodAccessor5'
Event: 110.898 Thread 0x00007f64980a1b40 Unloading class 0x0000000800c84c00 'jdk/internal/reflect/GeneratedMethodAccessor4'
Event: 110.898 Thread 0x00007f64980a1b40 Unloading class 0x0000000800c84800 'jdk/internal/reflect/GeneratedMethodAccessor3'
Event: 110.898 Thread 0x00007f64980a1b40 Unloading class 0x0000000800c84400 'jdk/internal/reflect/GeneratedMethodAccessor2'
Event: 110.898 Thread 0x00007f64980a1b40 Unloading class 0x0000000800c84000 'jdk/internal/reflect/GeneratedMethodAccessor1'
Event: 110.898 Thread 0x00007f64980a1b40 Unloading class 0x0000000800c01c00 'java/lang/invoke/LambdaForm$DMH+0x0000000800c01c00'

Classes redefined (0 events):
No events

Internal exceptions (20 events):
Event: 48.777 Thread 0x00007f6408213ba0 Exception <a 'java/lang/NoSuchMethodError'{0x00000000f5e2cac0}: 'int java.lang.invoke.DirectMethodHandle$Holder.invokeSpecial(java.lang.Object, java.lang.Object, java.lang.Object)'> (0x00000000f5e2cac0) 
thrown [src/hotspot/share/interpreter/linkResolver.cpp, line 758]
Event: 50.268 Thread 0x00007f6408216d80 Exception <a 'java/lang/NoSuchMethodError'{0x00000000f558df78}: 'java.lang.Object java.lang.invoke.DirectMethodHandle$Holder.invokeStatic(java.lang.Object, int, java.lang.Object, java.lang.Object, java.lang.Object, java.lang.Object)'> (0x00000000f558df78) 
thrown [src/hotspot/share/interpreter/linkResolver.cpp, line 758]
Event: 50.269 Thread 0x00007f6408216d80 Exception <a 'java/lang/NoSuchMethodError'{0x00000000f55961a0}: 'java.lang.Object java.lang.invoke.DirectMethodHandle$Holder.newInvokeSpecial(java.lang.Object, int, java.lang.Object, java.lang.Object, java.lang.Object)'> (0x00000000f55961a0) 
thrown [src/hotspot/share/interpreter/linkResolver.cpp, line 758]
Event: 51.391 Thread 0x00007f6408216d80 Exception <a 'java/lang/NoSuchMethodError'{0x00000000f660cc10}: 'int java.lang.invoke.DirectMethodHandle$Holder.invokeSpecialIFC(java.lang.Object, java.lang.Object, java.lang.Object, java.lang.Object)'> (0x00000000f660cc10) 
thrown [src/hotspot/share/interpreter/linkResolver.cpp, line 758]
Event: 71.871 Thread 0x00007f640817d330 Exception <a 'java/lang/ClassNotFoundException'{0x00000000f5fdd208}: sun/util/logging/resources/spi/loggingProvider> (0x00000000f5fdd208) 
thrown [src/hotspot/share/classfile/systemDictionary.cpp, line 256]
Event: 688.988 Thread 0x00007f6498425c40 Exception <a 'java/lang/OutOfMemoryError'{0x00000000e00bc148}> (0x00000000e00bc148) 
thrown [src/hotspot/share/gc/shared/memAllocator.cpp, line 136]
Event: 757.622 Thread 0x00007f6498425c40 Exception <a 'java/lang/reflect/InvocationTargetException'{0x00000000f557c540}> (0x00000000f557c540) 
thrown [src/hotspot/share/runtime/reflection.cpp, line 1119]
Event: 814.498 Thread 0x00007f643464e950 Exception <a 'java/lang/OutOfMemoryError'{0x00000000e00bc6e8}> (0x00000000e00bc6e8) 
thrown [src/hotspot/share/gc/shared/memAllocator.cpp, line 138]
Event: 814.498 Thread 0x00007f643464e950 Implicit null exception at 0x00007f64872169b1 to 0x00007f6487216f25
Event: 832.607 Thread 0x00007f643464e950 Exception <a 'java/lang/OutOfMemoryError'{0x00000000e00bc418}> (0x00000000e00bc418) 
thrown [src/hotspot/share/gc/shared/memAllocator.cpp, line 138]
Event: 832.607 Thread 0x00007f643464e950 Implicit null exception at 0x00007f648720de6d to 0x00007f648720def9
Event: 837.469 Thread 0x00007f6498425c40 Exception <a 'java/lang/OutOfMemoryError'{0x00000000e00bc418}> (0x00000000e00bc418) 
thrown [src/hotspot/share/gc/shared/memAllocator.cpp, line 138]
Event: 837.470 Thread 0x00007f6498425c40 Implicit null exception at 0x00007f6486fcd166 to 0x00007f6486fcd2d3
Event: 842.475 Thread 0x00007f6498425c40 Exception <a 'java/lang/OutOfMemoryError'{0x00000000e00bc418}> (0x00000000e00bc418) 
thrown [src/hotspot/share/gc/shared/memAllocator.cpp, line 138]
Event: 842.475 Thread 0x00007f6498425c40 Implicit null exception at 0x00007f6486fa4677 to 0x00007f6486fa46dc
Event: 847.503 Thread 0x00007f6434484a70 Exception <a 'java/lang/OutOfMemoryError'{0x00000000e00bc418}> (0x00000000e00bc418) 
thrown [src/hotspot/share/gc/shared/memAllocator.cpp, line 138]
Event: 847.504 Thread 0x00007f6434484a70 Implicit null exception at 0x00007f6486f8c84f to 0x00007f6486f8c853
Event: 852.702 Thread 0x00007f6434484a70 Exception <a 'java/lang/OutOfMemoryError'{0x00000000e00bc738}> (0x00000000e00bc738) 
thrown [src/hotspot/share/gc/shared/memAllocator.cpp, line 136]
Event: 860.198 Thread 0x00007f64180010d0 Exception <a 'java/lang/OutOfMemoryError'{0x00000000e00bc738}> (0x00000000e00bc738) 
thrown [src/hotspot/share/gc/shared/memAllocator.cpp, line 136]
Event: 1008.667 Thread 0x00007f64980b2110 Exception <a 'java/lang/OutOfMemoryError'{0x00000000e00bc738}> (0x00000000e00bc738) 
thrown [src/hotspot/share/gc/shared/memAllocator.cpp, line 136]

VM Operations (20 events):
Event: 962.076 Executing VM operation: ParallelGCFailedAllocation
Event: 964.211 Executing VM operation: ParallelGCFailedAllocation done
Event: 964.211 Executing VM operation: ParallelGCFailedAllocation
Event: 969.369 Executing VM operation: ParallelGCFailedAllocation done
Event: 969.369 Executing VM operation: ParallelGCFailedAllocation
Event: 975.075 Executing VM operation: ParallelGCFailedAllocation done
Event: 975.075 Executing VM operation: ParallelGCFailedAllocation
Event: 982.684 Executing VM operation: ParallelGCFailedAllocation done
Event: 982.684 Executing VM operation: ParallelGCFailedAllocation
Event: 990.888 Executing VM operation: ParallelGCFailedAllocation done
Event: 990.888 Executing VM operation: ParallelGCFailedAllocation
Event: 994.869 Executing VM operation: ParallelGCFailedAllocation done
Event: 994.869 Executing VM operation: ParallelGCFailedAllocation
Event: 997.168 Executing VM operation: ParallelGCFailedAllocation done
Event: 997.168 Executing VM operation: ParallelGCFailedAllocation
Event: 999.566 Executing VM operation: ParallelGCFailedAllocation done
Event: 999.567 Executing VM operation: ParallelGCFailedAllocation
Event: 1004.194 Executing VM operation: ParallelGCFailedAllocation done
Event: 1004.194 Executing VM operation: ParallelGCFailedAllocation
Event: 1008.667 Executing VM operation: ParallelGCFailedAllocation done

Events (20 events):
Event: 71.871 loading class java/util/Formatter$DateTime
Event: 71.872 loading class java/util/Formatter$DateTime done
Event: 71.872 loading class java/time/ZonedDateTime$1
Event: 71.872 loading class java/time/ZonedDateTime$1 done
Event: 71.875 Thread 0x00007f640817d330 Thread exited: 0x00007f640817d330
Event: 73.214 Thread 0x00007f64081868e0 Thread added: 0x00007f64081868e0
Event: 73.217 Protecting memory [0x00007f6445300000,0x00007f6445304000] with protection modes 0
Event: 75.787 Thread 0x00007f640817d330 Thread added: 0x00007f640817d330
Event: 75.789 Protecting memory [0x00007f647c000000,0x00007f647c004000] with protection modes 0
Event: 75.969 Thread 0x00007f640824acb0 Thread added: 0x00007f640824acb0
Event: 75.970 Protecting memory [0x00007f6445800000,0x00007f6445804000] with protection modes 0
Event: 80.081 Thread 0x00007f64980b4a70 flushing nmethod 0x00007f647fc24690
Event: 80.096 Thread 0x00007f64980b4a70 flushing nmethod 0x00007f6480902990
Event: 206.198 Thread 0x00007f64240010d0 Thread exited: 0x00007f64240010d0
Event: 478.470 Thread 0x00007f640817e2d0 Thread added: 0x00007f640817e2d0
Event: 478.470 Protecting memory [0x00007f6446300000,0x00007f6446304000] with protection modes 0
Event: 895.104 loading class java/lang/AssertionError
Event: 895.104 loading class java/lang/AssertionError done
Event: 902.672 Thread 0x00007f64240359c0 Thread added: 0x00007f64240359c0
Event: 902.672 Protecting memory [0x00007f6447f00000,0x00007f6447f04000] with protection modes 0


Dynamic libraries:
e0000000-f2280000 rw-p 00000000 00:00 0 
f2280000-fb300000 rw-p 00000000 00:00 0 
fb300000-100000000 ---p 00000000 00:00 0 
800000000-800449000 rw-p 00001000 00:4b9 4611686019135357769             /nix/store/gpxl5qgg8kicmcvivwmybwjlpf7wh20l-graalvm17-ce-22.3.0/lib/server/classes.jsa
800449000-800bc8000 r--p 0044a000 00:4b9 4611686019135357769             /nix/store/gpxl5qgg8kicmcvivwmybwjlpf7wh20l-graalvm17-ce-22.3.0/lib/server/classes.jsa
800bc8000-800c00000 ---p 00000000 00:00 0 
800c00000-800c10000 rw-p 00000000 00:00 0 
800c10000-800c30000 rw-p 00000000 00:00 0 
800c30000-800cb0000 rw-p 00000000 00:00 0 
800cb0000-800cf0000 rw-p 00000000 00:00 0 
800cf0000-800db0000 rw-p 00000000 00:00 0 
800db0000-800df0000 rw-p 00000000 00:00 0 
800df0000-8011c0000 rw-p 00000000 00:00 0 
8011c0000-840c00000 ---p 00000000 00:00 0 
55e7dbaa3000-55e7dbaa4000 r-xp 00000000 00:4b9 4611686019099417844       /nix/store/gpxl5qgg8kicmcvivwmybwjlpf7wh20l-graalvm17-ce-22.3.0/bin/.java-wrapped
55e7dbaa5000-55e7dbaa6000 r--p 00001000 00:4b9 4611686019099417844       /nix/store/gpxl5qgg8kicmcvivwmybwjlpf7wh20l-graalvm17-ce-22.3.0/bin/.java-wrapped
55e7dbaa6000-55e7dbaa7000 rw-p 00002000 00:4b9 4611686019099417844       /nix/store/gpxl5qgg8kicmcvivwmybwjlpf7wh20l-graalvm17-ce-22.3.0/bin/.java-wrapped
55e7dbaa7000-55e7dbaa8000 rw-p 00004000 00:4b9 4611686019099417844       /nix/store/gpxl5qgg8kicmcvivwmybwjlpf7wh20l-graalvm17-ce-22.3.0/bin/.java-wrapped
55e7dbaa8000-55e7dbaa9000 rw-p 00005000 00:4b9 4611686019099417844       /nix/store/gpxl5qgg8kicmcvivwmybwjlpf7wh20l-graalvm17-ce-22.3.0/bin/.java-wrapped
55e7dc713000-55e7dc75b000 rw-p 00000000 00:00 0                          [heap]
7f63cc000000-7f63cc021000 rw-p 00000000 00:00 0 
7f63cc021000-7f63d0000000 ---p 00000000 00:00 0 
7f63d4000000-7f63d4021000 rw-p 00000000 00:00 0 
7f63d4021000-7f63d8000000 ---p 00000000 00:00 0 
7f63d8000000-7f63d8021000 rw-p 00000000 00:00 0 
7f63d8021000-7f63dc000000 ---p 00000000 00:00 0 
7f63e0000000-7f63e005a000 rw-p 00000000 00:00 0 
7f63e005a000-7f63e4000000 ---p 00000000 00:00 0 
7f63e4000000-7f63e4029000 rw-p 00000000 00:00 0 
7f63e4029000-7f63e8000000 ---p 00000000 00:00 0 
7f63e8000000-7f63e8088000 rw-p 00000000 00:00 0 
7f63e8088000-7f63ec000000 ---p 00000000 00:00 0 
7f63ec000000-7f63ec068000 rw-p 00000000 00:00 0 
7f63ec068000-7f63f0000000 ---p 00000000 00:00 0 
7f63f0000000-7f63f0071000 rw-p 00000000 00:00 0 
7f63f0071000-7f63f4000000 ---p 00000000 00:00 0 
7f63f4000000-7f63f405a000 rw-p 00000000 00:00 0 
7f63f405a000-7f63f8000000 ---p 00000000 00:00 0 
7f63f8000000-7f63f8049000 rw-p 00000000 00:00 0 
7f63f8049000-7f63fc000000 ---p 00000000 00:00 0 
7f63fcc00000-7f63fcef0000 rw-p 00000000 00:00 0 
7f63fcef0000-7f63fcf40000 rw-p 00000000 00:00 0 
7f63fcf40000-7f63fd000000 ---p 00000000 00:00 0 
7f63fd000000-7f63fd020000 rw-p 00000000 00:00 0 
7f63fd020000-7f63fd400000 ---p 00000000 00:00 0 
7f63fdc00000-7f63fe400000 rw-p 00000000 00:00 0 
7f63fe4b3000-7f6408000000 r--s 00000000 00:4b9 4611686019135192581       /nix/store/gpxl5qgg8kicmcvivwmybwjlpf7wh20l-graalvm17-ce-22.3.0/lib/modules
7f6408000000-7f6408272000 rw-p 00000000 00:00 0 
7f6408272000-7f640c000000 ---p 00000000 00:00 0 
7f640c000000-7f640c357000 rw-p 00000000 00:00 0 
7f640c357000-7f6410000000 ---p 00000000 00:00 0 
7f6410000000-7f6410023000 rw-p 00000000 00:00 0 
7f6410023000-7f6414000000 ---p 00000000 00:00 0 
7f6414000000-7f6414021000 rw-p 00000000 00:00 0 
7f6414021000-7f6418000000 ---p 00000000 00:00 0 
7f6418000000-7f641811e000 rw-p 00000000 00:00 0 
7f641811e000-7f641c000000 ---p 00000000 00:00 0 
7f641c000000-7f641c30a000 rw-p 00000000 00:00 0 
7f641c30a000-7f6420000000 ---p 00000000 00:00 0 
7f6420000000-7f6420021000 rw-p 00000000 00:00 0 
7f6420021000-7f6424000000 ---p 00000000 00:00 0 
7f6424000000-7f642404a000 rw-p 00000000 00:00 0 
7f642404a000-7f6428000000 ---p 00000000 00:00 0 
7f6428000000-7f6428021000 rw-p 00000000 00:00 0 
7f6428021000-7f642c000000 ---p 00000000 00:00 0 
7f642c000000-7f642c021000 rw-p 00000000 00:00 0 
7f642c021000-7f6430000000 ---p 00000000 00:00 0 
7f6430000000-7f6430021000 rw-p 00000000 00:00 0 
7f6430021000-7f6434000000 ---p 00000000 00:00 0 
7f6434000000-7f64348ef000 rw-p 00000000 00:00 0 
7f64348ef000-7f6438000000 ---p 00000000 00:00 0 
7f6438000000-7f6438021000 rw-p 00000000 00:00 0 
7f6438021000-7f643c000000 ---p 00000000 00:00 0 
7f643c000000-7f643c290000 rw-p 00000000 00:00 0 
7f643c290000-7f643c7f0000 rw-p 00000000 00:00 0 
7f643c7f0000-7f643ccf0000 rw-p 00000000 00:00 0 
7f643ccf0000-7f643cdf0000 rw-p 00000000 00:00 0 
7f643cdf0000-7f643d000000 rw-p 00000000 00:00 0 
7f643d400000-7f643d4f0000 rw-p 00000000 00:00 0 
7f643d4f0000-7f643d9b0000 rw-p 00000000 00:00 0 
7f643d9b0000-7f643d9f0000 rw-p 00000000 00:00 0 
7f643d9f0000-7f643db70000 rw-p 00000000 00:00 0 
7f643db70000-7f643dbf0000 rw-p 00000000 00:00 0 
7f643dbf0000-7f643dcf0000 rw-p 00000000 00:00 0 
7f643dcf0000-7f643ddf0000 rw-p 00000000 00:00 0 
7f643ddf0000-7f643e370000 rw-p 00000000 00:00 0 
7f643e370000-7f643e400000 rw-p 00000000 00:00 0 
7f643e400000-7f643e410000 r-xp 00000000 00:4b6 362                       /home/runner/.cache/jdt-language-server/config/org.eclipse.equinox.launcher/org.eclipse.equinox.launcher.gtk.linux.x86_64_1.2.400.v20211117-0650/eclipse_11600.so
7f643e410000-7f643e60f000 ---p 00010000 00:4b6 362                       /home/runner/.cache/jdt-language-server/config/org.eclipse.equinox.launcher/org.eclipse.equinox.launcher.gtk.linux.x86_64_1.2.400.v20211117-0650/eclipse_11600.so
7f643e60f000-7f643e610000 r--p 0000f000 00:4b6 362                       /home/runner/.cache/jdt-language-server/config/org.eclipse.equinox.launcher/org.eclipse.equinox.launcher.gtk.linux.x86_64_1.2.400.v20211117-0650/eclipse_11600.so
7f643e610000-7f643e611000 rw-p 00010000 00:4b6 362                       /home/runner/.cache/jdt-language-server/config/org.eclipse.equinox.launcher/org.eclipse.equinox.launcher.gtk.linux.x86_64_1.2.400.v20211117-0650/eclipse_11600.so
7f643ee00000-7f643ef00000 ---p 00000000 00:00 0 
7f643ef00000-7f643f4af000 r--p 01122000 00:4b9 4611686019135190040       /nix/store/gpxl5qgg8kicmcvivwmybwjlpf7wh20l-graalvm17-ce-22.3.0/lib/libjvmcicompiler.so
7f643f4af000-7f643f600000 r--p 00000000 00:00 0 
7f643f600000-7f643f63d000 rw-p 00000000 00:00 0 
7f643f63d000-7f643fb5d000 rw-p 0185f000 00:4b9 4611686019135190040       /nix/store/gpxl5qgg8kicmcvivwmybwjlpf7wh20l-graalvm17-ce-22.3.0/lib/libjvmcicompiler.so
7f643fb5d000-7f643ff44000 r--p 01d7f000 00:4b9 4611686019135190040       /nix/store/gpxl5qgg8kicmcvivwmybwjlpf7wh20l-graalvm17-ce-22.3.0/lib/libjvmcicompiler.so
7f6440000000-7f6440027000 rw-p 00000000 00:00 0 
7f6440027000-7f6444000000 ---p 00000000 00:00 0 
7f6444f00000-7f6444f04000 ---p 00000000 00:00 0 
7f6444f04000-7f6445000000 rw-p 00000000 00:00 0 
7f6445100000-7f6445104000 ---p 00000000 00:00 0 
7f6445104000-7f6445200000 rw-p 00000000 00:00 0 
7f6445300000-7f6445304000 ---p 00000000 00:00 0 
7f6445304000-7f6445400000 rw-p 00000000 00:00 0 
7f6445500000-7f6445504000 ---p 00000000 00:00 0 
7f6445504000-7f6445600000 rw-p 00000000 00:00 0 
7f6445700000-7f6445704000 ---p 00000000 00:00 0 
7f6445704000-7f6445800000 rw-p 00000000 00:00 0 
7f6445800000-7f6445804000 ---p 00000000 00:00 0 
7f6445804000-7f6445900000 rw-p 00000000 00:00 0 
7f6445900000-7f6445904000 ---p 00000000 00:00 0 
7f6445904000-7f6445a00000 rw-p 00000000 00:00 0 
7f6445a00000-7f6445a04000 ---p 00000000 00:00 0 
7f6445a04000-7f6445b00000 rw-p 00000000 00:00 0 
7f6445b00000-7f6445b04000 ---p 00000000 00:00 0 
7f6445b04000-7f6445c00000 rw-p 00000000 00:00 0 
7f6445d00000-7f6445d04000 ---p 00000000 00:00 0 
7f6445d04000-7f6445e00000 rw-p 00000000 00:00 0 
7f6445e00000-7f6445e04000 ---p 00000000 00:00 0 
7f6445e04000-7f6445f00000 rw-p 00000000 00:00 0 
7f6445f00000-7f6445f04000 ---p 00000000 00:00 0 
7f6445f04000-7f6446000000 rw-p 00000000 00:00 0 
7f6446000000-7f6446004000 ---p 00000000 00:00 0 
7f6446004000-7f6446100000 rw-p 00000000 00:00 0 
7f6446100000-7f6446104000 ---p 00000000 00:00 0 
7f6446104000-7f6446200000 rw-p 00000000 00:00 0 
7f6446300000-7f6446304000 ---p 00000000 00:00 0 
7f6446304000-7f6446400000 rw-p 00000000 00:00 0 
7f6446500000-7f6446504000 ---p 00000000 00:00 0 
7f6446504000-7f6446600000 rw-p 00000000 00:00 0 
7f6446700000-7f6446704000 ---p 00000000 00:00 0 
7f6446704000-7f6446800000 rw-p 00000000 00:00 0 
7f6446900000-7f6446904000 ---p 00000000 00:00 0 
7f6446904000-7f6446a00000 rw-p 00000000 00:00 0 
7f6446b00000-7f6446b04000 ---p 00000000 00:00 0 
7f6446b04000-7f6446c00000 rw-p 00000000 00:00 0 
7f6446c00000-7f6446c04000 ---p 00000000 00:00 0 
7f6446c04000-7f6446d00000 rw-p 00000000 00:00 0 
7f6446d00000-7f6446d04000 ---p 00000000 00:00 0 
7f6446d04000-7f6446e00000 rw-p 00000000 00:00 0 
7f6447a68000-7f6447f00000 rw-p 00000000 00:00 0 
7f6447f00000-7f6447f04000 ---p 00000000 00:00 0 
7f6447f04000-7f6448000000 rw-p 00000000 00:00 0 
7f6448000000-7f6448021000 rw-p 00000000 00:00 0 
7f6448021000-7f644c000000 ---p 00000000 00:00 0 
7f644c000000-7f644c021000 rw-p 00000000 00:00 0 
7f644c021000-7f6450000000 ---p 00000000 00:00 0 
7f6450000000-7f64500d9000 rw-p 00000000 00:00 0 
7f64500d9000-7f6454000000 ---p 00000000 00:00 0 
7f6454000000-7f6454021000 rw-p 00000000 00:00 0 
7f6454021000-7f6458000000 ---p 00000000 00:00 0 
7f6458000000-7f64580d5000 rw-p 00000000 00:00 0 
7f64580d5000-7f645c000000 ---p 00000000 00:00 0 
7f645c000000-7f645ca49000 rw-p 00000000 00:00 0 
7f645ca49000-7f6460000000 ---p 00000000 00:00 0 
7f6460000000-7f6460021000 rw-p 00000000 00:00 0 
7f6460021000-7f6464000000 ---p 00000000 00:00 0 
7f6464000000-7f6464021000 rw-p 00000000 00:00 0 
7f6464021000-7f6468000000 ---p 00000000 00:00 0 
7f6468000000-7f6468021000 rw-p 00000000 00:00 0 
7f6468021000-7f646c000000 ---p 00000000 00:00 0 
7f646c000000-7f646c021000 rw-p 00000000 00:00 0 
7f646c021000-7f6470000000 ---p 00000000 00:00 0 
7f6470000000-7f6470021000 rw-p 00000000 00:00 0 
7f6470021000-7f6474000000 ---p 00000000 00:00 0 
7f6474000000-7f6474021000 rw-p 00000000 00:00 0 
7f6474021000-7f6478000000 ---p 00000000 00:00 0 
7f6478000000-7f6478103000 rw-p 00000000 00:00 0 
7f6478103000-7f647c000000 ---p 00000000 00:00 0 
7f647c000000-7f647c004000 ---p 00000000 00:00 0 
7f647c004000-7f647c100000 rw-p 00000000 00:00 0 
7f647c100000-7f647c104000 ---p 00000000 00:00 0 
7f647c104000-7f647c200000 rw-p 00000000 00:00 0 
7f647c200000-7f647e36a000 r-xp 00000000 00:4b9 4611686019135190040       /nix/store/gpxl5qgg8kicmcvivwmybwjlpf7wh20l-graalvm17-ce-22.3.0/lib/libjvmcicompiler.so
7f647e36a000-7f647e569000 ---p 0216a000 00:4b9 4611686019135190040       /nix/store/gpxl5qgg8kicmcvivwmybwjlpf7wh20l-graalvm17-ce-22.3.0/lib/libjvmcicompiler.so
7f647e569000-7f647e56a000 r--p 02169000 00:4b9 4611686019135190040       /nix/store/gpxl5qgg8kicmcvivwmybwjlpf7wh20l-graalvm17-ce-22.3.0/lib/libjvmcicompiler.so
7f647e56a000-7f647e56c000 rw-p 0216a000 00:4b9 4611686019135190040       /nix/store/gpxl5qgg8kicmcvivwmybwjlpf7wh20l-graalvm17-ce-22.3.0/lib/libjvmcicompiler.so
7f647e56c000-7f647e56d000 rw-p 00000000 00:00 0 
7f647e56d000-7f647e572000 rw-p 023c3000 00:4b9 4611686019135190040       /nix/store/gpxl5qgg8kicmcvivwmybwjlpf7wh20l-graalvm17-ce-22.3.0/lib/libjvmcicompiler.so
7f647e5fe000-7f647e5ff000 ---p 00000000 00:00 0 
7f647e5ff000-7f647e700000 rw-p 00000000 00:00 0 
7f647e700000-7f647e704000 ---p 00000000 00:00 0 
7f647e704000-7f647e800000 rw-p 00000000 00:00 0 
7f647e800000-7f647e804000 ---p 00000000 00:00 0 
7f647e804000-7f647e900000 rw-p 00000000 00:00 0 
7f647e900000-7f647e904000 ---p 00000000 00:00 0 
7f647e904000-7f647ea00000 rw-p 00000000 00:00 0 
7f647ea00000-7f647ea04000 ---p 00000000 00:00 0 
7f647ea04000-7f647eff0000 rw-p 00000000 00:00 0 
7f647eff0000-7f647f2f0000 rw-p 00000000 00:00 0 
7f647f2f0000-7f647f400000 rw-p 00000000 00:00 0 
7f647f491000-7f647f495000 ---p 00000000 00:00 0 
7f647f495000-7f647f4b3000 rw-p 00000000 00:00 0 
7f647f4b3000-7f647f723000 rwxp 00000000 00:00 0 
7f647f723000-7f647fa42000 ---p 00000000 00:00 0 
7f647fa42000-7f6480b72000 rwxp 00000000 00:00 0 
7f6480b72000-7f6486f7a000 ---p 00000000 00:00 0 
7f6486f7a000-7f648722a000 rwxp 00000000 00:00 0 
7f648722a000-7f648e4b3000 ---p 00000000 00:00 0 
7f648e4b3000-7f6498000000 r--s 00000000 00:4b9 4611686019135192581       /nix/store/gpxl5qgg8kicmcvivwmybwjlpf7wh20l-graalvm17-ce-22.3.0/lib/modules
7f6498000000-7f649843f000 rw-p 00000000 00:00 0 
7f649843f000-7f649c000000 ---p 00000000 00:00 0 
7f649c006000-7f649c00d000 r-xp 00000000 00:4b9 4611686019135192580       /nix/store/gpxl5qgg8kicmcvivwmybwjlpf7wh20l-graalvm17-ce-22.3.0/lib/libzip.so
7f649c00d000-7f649c00e000 ---p 00007000 00:4b9 4611686019135192580       /nix/store/gpxl5qgg8kicmcvivwmybwjlpf7wh20l-graalvm17-ce-22.3.0/lib/libzip.so
7f649c00e000-7f649c00f000 r--p 00007000 00:4b9 4611686019135192580       /nix/store/gpxl5qgg8kicmcvivwmybwjlpf7wh20l-graalvm17-ce-22.3.0/lib/libzip.so
7f649c00f000-7f649c010000 rw-p 00008000 00:4b9 4611686019135192580       /nix/store/gpxl5qgg8kicmcvivwmybwjlpf7wh20l-graalvm17-ce-22.3.0/lib/libzip.so
7f649c010000-7f649c012000 rw-p 0000b000 00:4b9 4611686019135192580       /nix/store/gpxl5qgg8kicmcvivwmybwjlpf7wh20l-graalvm17-ce-22.3.0/lib/libzip.so
7f649c012000-7f649c027000 r-xp 00000000 00:4b9 4611686019135192570       /nix/store/gpxl5qgg8kicmcvivwmybwjlpf7wh20l-graalvm17-ce-22.3.0/lib/libnet.so
7f649c027000-7f649c028000 ---p 00015000 00:4b9 4611686019135192570       /nix/store/gpxl5qgg8kicmcvivwmybwjlpf7wh20l-graalvm17-ce-22.3.0/lib/libnet.so
7f649c028000-7f649c029000 r--p 00015000 00:4b9 4611686019135192570       /nix/store/gpxl5qgg8kicmcvivwmybwjlpf7wh20l-graalvm17-ce-22.3.0/lib/libnet.so
7f649c029000-7f649c02a000 rw-p 00016000 00:4b9 4611686019135192570       /nix/store/gpxl5qgg8kicmcvivwmybwjlpf7wh20l-graalvm17-ce-22.3.0/lib/libnet.so
7f649c02a000-7f649c02d000 rw-p 0001b000 00:4b9 4611686019135192570       /nix/store/gpxl5qgg8kicmcvivwmybwjlpf7wh20l-graalvm17-ce-22.3.0/lib/libnet.so
7f649c02d000-7f649c040000 r-xp 00000000 00:4b9 4611686019135192571       /nix/store/gpxl5qgg8kicmcvivwmybwjlpf7wh20l-graalvm17-ce-22.3.0/lib/libnio.so
7f649c040000-7f649c041000 r--p 00012000 00:4b9 4611686019135192571       /nix/store/gpxl5qgg8kicmcvivwmybwjlpf7wh20l-graalvm17-ce-22.3.0/lib/libnio.so
7f649c041000-7f649c042000 rw-p 00013000 00:4b9 4611686019135192571       /nix/store/gpxl5qgg8kicmcvivwmybwjlpf7wh20l-graalvm17-ce-22.3.0/lib/libnio.so
7f649c042000-7f649c047000 rw-p 00019000 00:4b9 4611686019135192571       /nix/store/gpxl5qgg8kicmcvivwmybwjlpf7wh20l-graalvm17-ce-22.3.0/lib/libnio.so
7f649c047000-7f649c04b000 ---p 00000000 00:00 0 
7f649c04b000-7f649c247000 rw-p 00000000 00:00 0 
7f649c247000-7f649c24b000 ---p 00000000 00:00 0 
7f649c24b000-7f649c347000 rw-p 00000000 00:00 0 
7f649c347000-7f649c34b000 ---p 00000000 00:00 0 
7f649c34b000-7f649c447000 rw-p 00000000 00:00 0 
7f649c447000-7f649c44b000 ---p 00000000 00:00 0 
7f649c44b000-7f649c547000 rw-p 00000000 00:00 0 
7f649c547000-7f649c82d000 r--p 00000000 00:3fd 28444448                  /usr/lib/locale/locale-archive
7f649c82d000-7f649c831000 ---p 00000000 00:00 0 
7f649c831000-7f649c92d000 rw-p 00000000 00:00 0 
7f649c92d000-7f649c931000 ---p 00000000 00:00 0 
7f649c931000-7f649ca2d000 rw-p 00000000 00:00 0 
7f649ca2d000-7f649ca2e000 ---p 00000000 00:00 0 
7f649ca2e000-7f649cb2f000 rw-p 00000000 00:00 0 
7f649cb2f000-7f649cbfd000 r-xp 00000000 00:4b9 4611686019135190036       /nix/store/gpxl5qgg8kicmcvivwmybwjlpf7wh20l-graalvm17-ce-22.3.0/lib/libjsvml.so
7f649cbfd000-7f649cbfe000 r--p 000cd000 00:4b9 4611686019135190036       /nix/store/gpxl5qgg8kicmcvivwmybwjlpf7wh20l-graalvm17-ce-22.3.0/lib/libjsvml.so
7f649cbfe000-7f649cbff000 rw-p 000ce000 00:4b9 4611686019135190036       /nix/store/gpxl5qgg8kicmcvivwmybwjlpf7wh20l-graalvm17-ce-22.3.0/lib/libjsvml.so
7f649cbff000-7f649e4d7000 rw-p 00000000 00:00 0 
7f649e4d7000-7f649e4d8000 ---p 00000000 00:00 0 
7f649e4d8000-7f649e66b000 rw-p 00000000 00:00 0 
7f649e66b000-7f649e6b3000 rw-p 00000000 00:00 0 
7f649e6b3000-7f649e6d9000 ---p 00000000 00:00 0 
7f649e6d9000-7f649e6e0000 rw-p 00000000 00:00 0 
7f649e6e0000-7f649e7c5000 ---p 00000000 00:00 0 
7f649e7c5000-7f649e7e8000 rw-p 00000000 00:00 0 
7f649e7e8000-7f649e8b0000 ---p 00000000 00:00 0 
7f649e8b0000-7f649e8b5000 rw-p 00000000 00:00 0 
7f649e8b5000-7f649e8bc000 ---p 00000000 00:00 0 
7f649e8bc000-7f649e8e0000 r-xp 00000000 00:4b9 4611686019135190028       /nix/store/gpxl5qgg8kicmcvivwmybwjlpf7wh20l-graalvm17-ce-22.3.0/lib/libjava.so
7f649e8e0000-7f649e8e1000 ---p 00024000 00:4b9 4611686019135190028       /nix/store/gpxl5qgg8kicmcvivwmybwjlpf7wh20l-graalvm17-ce-22.3.0/lib/libjava.so
7f649e8e1000-7f649e8e2000 r--p 00024000 00:4b9 4611686019135190028       /nix/store/gpxl5qgg8kicmcvivwmybwjlpf7wh20l-graalvm17-ce-22.3.0/lib/libjava.so
7f649e8e2000-7f649e8e3000 rw-p 00025000 00:4b9 4611686019135190028       /nix/store/gpxl5qgg8kicmcvivwmybwjlpf7wh20l-graalvm17-ce-22.3.0/lib/libjava.so
7f649e8e3000-7f649e8e4000 rw-p 00000000 00:00 0 
7f649e8e4000-7f649e8eb000 rw-p 0002f000 00:4b9 4611686019135190028       /nix/store/gpxl5qgg8kicmcvivwmybwjlpf7wh20l-graalvm17-ce-22.3.0/lib/libjava.so
7f649e8eb000-7f649e8f3000 rw-s 00000000 00:db 675                        /tmp/hsperfdata_runner/10874
7f649e8f3000-7f649e8f4000 ---p 00000000 00:00 0 
7f649e8f4000-7f649e8f5000 r--p 00000000 00:00 0 
7f649e8f5000-7f649e8f6000 rwxp 00000000 00:00 0 
7f649e8f6000-7f649e911000 r-xp 00000000 00:4b9 4611686019135190032       /nix/store/gpxl5qgg8kicmcvivwmybwjlpf7wh20l-graalvm17-ce-22.3.0/lib/libjimage.so
7f649e911000-7f649e912000 ---p 0001b000 00:4b9 4611686019135190032       /nix/store/gpxl5qgg8kicmcvivwmybwjlpf7wh20l-graalvm17-ce-22.3.0/lib/libjimage.so
7f649e912000-7f649e914000 r--p 0001b000 00:4b9 4611686019135190032       /nix/store/gpxl5qgg8kicmcvivwmybwjlpf7wh20l-graalvm17-ce-22.3.0/lib/libjimage.so
7f649e914000-7f649e915000 rw-p 0001d000 00:4b9 4611686019135190032       /nix/store/gpxl5qgg8kicmcvivwmybwjlpf7wh20l-graalvm17-ce-22.3.0/lib/libjimage.so
7f649e915000-7f649e916000 rw-p 00024000 00:4b9 4611686019135190032       /nix/store/gpxl5qgg8kicmcvivwmybwjlpf7wh20l-graalvm17-ce-22.3.0/lib/libjimage.so
7f649e916000-7f649e91a000 ---p 00000000 00:00 0 
7f649e91a000-7f649ea16000 rw-p 00000000 00:00 0 
7f649ea16000-7f649ea24000 r--p 00000000 00:4b9 4611686019027979927       /nix/store/4nlgxhb09sdr51nc9hdm8az5b08vzkgx-glibc-2.35-163/lib/libm.so.6
7f649ea24000-7f649ea97000 r-xp 0000e000 00:4b9 4611686019027979927       /nix/store/4nlgxhb09sdr51nc9hdm8az5b08vzkgx-glibc-2.35-163/lib/libm.so.6
7f649ea97000-7f649eaf4000 r--p 00081000 00:4b9 4611686019027979927       /nix/store/4nlgxhb09sdr51nc9hdm8az5b08vzkgx-glibc-2.35-163/lib/libm.so.6
7f649eaf4000-7f649eaf5000 r--p 000dd000 00:4b9 4611686019027979927       /nix/store/4nlgxhb09sdr51nc9hdm8az5b08vzkgx-glibc-2.35-163/lib/libm.so.6
7f649eaf5000-7f649eaf6000 rw-p 000de000 00:4b9 4611686019027979927       /nix/store/4nlgxhb09sdr51nc9hdm8az5b08vzkgx-glibc-2.35-163/lib/libm.so.6
7f649eaf6000-7f649eaf7000 r--p 00000000 00:4b9 4611686019027979946       /nix/store/4nlgxhb09sdr51nc9hdm8az5b08vzkgx-glibc-2.35-163/lib/librt.so.1
7f649eaf7000-7f649eaf8000 r-xp 00001000 00:4b9 4611686019027979946       /nix/store/4nlgxhb09sdr51nc9hdm8az5b08vzkgx-glibc-2.35-163/lib/librt.so.1
7f649eaf8000-7f649eaf9000 r--p 00002000 00:4b9 4611686019027979946       /nix/store/4nlgxhb09sdr51nc9hdm8az5b08vzkgx-glibc-2.35-163/lib/librt.so.1
7f649eaf9000-7f649eafa000 r--p 00002000 00:4b9 4611686019027979946       /nix/store/4nlgxhb09sdr51nc9hdm8az5b08vzkgx-glibc-2.35-163/lib/librt.so.1
7f649eafa000-7f649eafb000 rw-p 00003000 00:4b9 4611686019027979946       /nix/store/4nlgxhb09sdr51nc9hdm8az5b08vzkgx-glibc-2.35-163/lib/librt.so.1
7f649eafb000-7f649fc0e000 r-xp 00000000 00:4b9 4611686019135360866       /nix/store/gpxl5qgg8kicmcvivwmybwjlpf7wh20l-graalvm17-ce-22.3.0/lib/server/libjvm.so
7f649fc0e000-7f649fc0f000 ---p 01113000 00:4b9 4611686019135360866       /nix/store/gpxl5qgg8kicmcvivwmybwjlpf7wh20l-graalvm17-ce-22.3.0/lib/server/libjvm.so
7f649fc0f000-7f649fcc4000 r--p 01113000 00:4b9 4611686019135360866       /nix/store/gpxl5qgg8kicmcvivwmybwjlpf7wh20l-graalvm17-ce-22.3.0/lib/server/libjvm.so
7f649fcc4000-7f649fcf8000 rw-p 011c8000 00:4b9 4611686019135360866       /nix/store/gpxl5qgg8kicmcvivwmybwjlpf7wh20l-graalvm17-ce-22.3.0/lib/server/libjvm.so
7f649fcf8000-7f649fd54000 rw-p 00000000 00:00 0 
7f649fd54000-7f649fd7c000 r--p 00000000 00:4b9 4611686019027979918       /nix/store/4nlgxhb09sdr51nc9hdm8az5b08vzkgx-glibc-2.35-163/lib/libc.so.6
7f649fd7c000-7f649fef2000 r-xp 00028000 00:4b9 4611686019027979918       /nix/store/4nlgxhb09sdr51nc9hdm8az5b08vzkgx-glibc-2.35-163/lib/libc.so.6
7f649fef2000-7f649ff4a000 r--p 0019e000 00:4b9 4611686019027979918       /nix/store/4nlgxhb09sdr51nc9hdm8az5b08vzkgx-glibc-2.35-163/lib/libc.so.6
7f649ff4a000-7f649ff4e000 r--p 001f6000 00:4b9 4611686019027979918       /nix/store/4nlgxhb09sdr51nc9hdm8az5b08vzkgx-glibc-2.35-163/lib/libc.so.6
7f649ff4e000-7f649ff50000 rw-p 001fa000 00:4b9 4611686019027979918       /nix/store/4nlgxhb09sdr51nc9hdm8az5b08vzkgx-glibc-2.35-163/lib/libc.so.6
7f649ff50000-7f649ff5f000 rw-p 00000000 00:00 0 
7f649ff5f000-7f649ff60000 r--p 00000000 00:4b9 4611686019027979923       /nix/store/4nlgxhb09sdr51nc9hdm8az5b08vzkgx-glibc-2.35-163/lib/libdl.so.2
7f649ff60000-7f649ff61000 r-xp 00001000 00:4b9 4611686019027979923       /nix/store/4nlgxhb09sdr51nc9hdm8az5b08vzkgx-glibc-2.35-163/lib/libdl.so.2
7f649ff61000-7f649ff62000 r--p 00002000 00:4b9 4611686019027979923       /nix/store/4nlgxhb09sdr51nc9hdm8az5b08vzkgx-glibc-2.35-163/lib/libdl.so.2
7f649ff62000-7f649ff63000 r--p 00002000 00:4b9 4611686019027979923       /nix/store/4nlgxhb09sdr51nc9hdm8az5b08vzkgx-glibc-2.35-163/lib/libdl.so.2
7f649ff63000-7f649ff64000 rw-p 00003000 00:4b9 4611686019027979923       /nix/store/4nlgxhb09sdr51nc9hdm8az5b08vzkgx-glibc-2.35-163/lib/libdl.so.2
7f649ff64000-7f649ff65000 r--p 00000000 00:4b9 4611686019027979942       /nix/store/4nlgxhb09sdr51nc9hdm8az5b08vzkgx-glibc-2.35-163/lib/libpthread.so.0
7f649ff65000-7f649ff66000 r-xp 00001000 00:4b9 4611686019027979942       /nix/store/4nlgxhb09sdr51nc9hdm8az5b08vzkgx-glibc-2.35-163/lib/libpthread.so.0
7f649ff66000-7f649ff67000 r--p 00002000 00:4b9 4611686019027979942       /nix/store/4nlgxhb09sdr51nc9hdm8az5b08vzkgx-glibc-2.35-163/lib/libpthread.so.0
7f649ff67000-7f649ff68000 r--p 00002000 00:4b9 4611686019027979942       /nix/store/4nlgxhb09sdr51nc9hdm8az5b08vzkgx-glibc-2.35-163/lib/libpthread.so.0
7f649ff68000-7f649ff69000 rw-p 00003000 00:4b9 4611686019027979942       /nix/store/4nlgxhb09sdr51nc9hdm8az5b08vzkgx-glibc-2.35-163/lib/libpthread.so.0
7f649ff69000-7f649ff77000 r-xp 00000000 00:4b9 4611686019135190033       /nix/store/gpxl5qgg8kicmcvivwmybwjlpf7wh20l-graalvm17-ce-22.3.0/lib/libjli.so
7f649ff77000-7f649ff78000 ---p 0000e000 00:4b9 4611686019135190033       /nix/store/gpxl5qgg8kicmcvivwmybwjlpf7wh20l-graalvm17-ce-22.3.0/lib/libjli.so
7f649ff78000-7f649ff79000 r--p 0000e000 00:4b9 4611686019135190033       /nix/store/gpxl5qgg8kicmcvivwmybwjlpf7wh20l-graalvm17-ce-22.3.0/lib/libjli.so
7f649ff79000-7f649ff7a000 rw-p 0000f000 00:4b9 4611686019135190033       /nix/store/gpxl5qgg8kicmcvivwmybwjlpf7wh20l-graalvm17-ce-22.3.0/lib/libjli.so
7f649ff7a000-7f649ff7b000 rw-p 00012000 00:4b9 4611686019135190033       /nix/store/gpxl5qgg8kicmcvivwmybwjlpf7wh20l-graalvm17-ce-22.3.0/lib/libjli.so
7f649ff7b000-7f649ff7e000 r--p 00000000 00:4b9 4611686019106210071       /nix/store/026hln0aq1hyshaxsdvhg0kmcm6yf45r-zlib-1.2.13/lib/libz.so.1.2.13
7f649ff7e000-7f649ff90000 r-xp 00003000 00:4b9 4611686019106210071       /nix/store/026hln0aq1hyshaxsdvhg0kmcm6yf45r-zlib-1.2.13/lib/libz.so.1.2.13
7f649ff90000-7f649ff97000 r--p 00015000 00:4b9 4611686019106210071       /nix/store/026hln0aq1hyshaxsdvhg0kmcm6yf45r-zlib-1.2.13/lib/libz.so.1.2.13
7f649ff97000-7f649ff98000 r--p 0001b000 00:4b9 4611686019106210071       /nix/store/026hln0aq1hyshaxsdvhg0kmcm6yf45r-zlib-1.2.13/lib/libz.so.1.2.13
7f649ff98000-7f649ff99000 rw-p 0001c000 00:4b9 4611686019106210071       /nix/store/026hln0aq1hyshaxsdvhg0kmcm6yf45r-zlib-1.2.13/lib/libz.so.1.2.13
7f649ff99000-7f649ff9b000 rw-p 00000000 00:00 0 
7f649ff9b000-7f649ff9d000 r--p 00000000 00:4b9 4611686019027979912       /nix/store/4nlgxhb09sdr51nc9hdm8az5b08vzkgx-glibc-2.35-163/lib/ld-linux-x86-64.so.2
7f649ff9d000-7f649ffc4000 r-xp 00002000 00:4b9 4611686019027979912       /nix/store/4nlgxhb09sdr51nc9hdm8az5b08vzkgx-glibc-2.35-163/lib/ld-linux-x86-64.so.2
7f649ffc4000-7f649ffd0000 r--p 00029000 00:4b9 4611686019027979912       /nix/store/4nlgxhb09sdr51nc9hdm8az5b08vzkgx-glibc-2.35-163/lib/ld-linux-x86-64.so.2
7f649ffd0000-7f649ffd2000 r--p 00034000 00:4b9 4611686019027979912       /nix/store/4nlgxhb09sdr51nc9hdm8az5b08vzkgx-glibc-2.35-163/lib/ld-linux-x86-64.so.2
7f649ffd2000-7f649ffd4000 rw-p 00036000 00:4b9 4611686019027979912       /nix/store/4nlgxhb09sdr51nc9hdm8az5b08vzkgx-glibc-2.35-163/lib/ld-linux-x86-64.so.2
7fff1817d000-7fff181a1000 rw-p 00000000 00:00 0                          [stack]
7fff181e7000-7fff181eb000 r--p 00000000 00:00 0                          [vvar]
7fff181eb000-7fff181ed000 r-xp 00000000 00:00 0                          [vdso]
ffffffffff600000-ffffffffff601000 --xp 00000000 00:00 0                  [vsyscall]


VM Arguments:
jvm_args: -XX:ThreadPriorityPolicy=1 -XX:+UnlockExperimentalVMOptions -XX:+EnableJVMCIProduct -XX:JVMCIThreadsPerNativeLibraryRuntime=1 -XX:-UnlockExperimentalVMOptions -Declipse.application=org.eclipse.jdt.ls.core.id1 -Dosgi.bundles.defaultStartLevel=4 -Declipse.product=org.eclipse.jdt.ls.core.product -Dlog.level=ALL -Xverify:none -XX:+UseParallelGC -XX:GCTimeRatio=4 -XX:AdaptiveSizePolicyWeight=90 -Dsun.zip.disableMemoryMapping=true -Xmx512m -Xms100m 
java_command: /nix/store/a7s9klvriqi68xz3qjc0qyfl5h86xc16-jdt-language-server-1.9.0/share/java/plugins/org.eclipse.equinox.launcher_1.6.400.v20210924-0641.jar --add-modules=ALL-SYSTEM --add-opens java.base/java.util=ALL-UNNAMED --add-opens java.base/java.lang=ALL-UNNAMED -configuration /home/runner/.cache/jdt-language-server/config -data /home/runner/.cache/jdt-language-server/data/home/runner/ProyectoSIA
java_class_path (initial): /nix/store/a7s9klvriqi68xz3qjc0qyfl5h86xc16-jdt-language-server-1.9.0/share/java/plugins/org.eclipse.equinox.launcher_1.6.400.v20210924-0641.jar
Launcher Type: SUN_STANDARD

[Global flags]
    uintx AdaptiveSizePolicyWeight                 = 90                                        {product} {command line}
     intx CICompilerCount                          = 2                                         {product} {ergonomic}
     bool EnableJVMCIProduct                       = true                                {JVMCI product} {jimage}
    uintx GCTimeRatio                              = 4                                         {product} {command line}
   size_t InitialHeapSize                          = 104857600                                 {product} {command line}
     uint JVMCIThreadsPerNativeLibraryRuntime      = 1                                   {JVMCI product} {jimage}
   size_t MaxHeapSize                              = 536870912                                 {product} {command line}
   size_t MaxNewSize                               = 178782208                                 {product} {ergonomic}
   size_t MinHeapDeltaBytes                        = 524288                                    {product} {ergonomic}
   size_t MinHeapSize                              = 104857600                                 {product} {command line}
   size_t NewSize                                  = 34603008                                  {product} {ergonomic}
    uintx NonNMethodCodeHeapSize                   = 5826188                                {pd product} {ergonomic}
    uintx NonProfiledCodeHeapSize                  = 122916026                              {pd product} {ergonomic}
   size_t OldSize                                  = 70254592                                  {product} {ergonomic}
    uintx ProfiledCodeHeapSize                     = 122916026                              {pd product} {ergonomic}
    uintx ReservedCodeCacheSize                    = 251658240                              {pd product} {ergonomic}
     bool SegmentedCodeCache                       = true                                      {product} {ergonomic}
   size_t SoftMaxHeapSize                          = 536870912                              {manageable} {ergonomic}
     intx ThreadPriorityPolicy                     = 1                                         {product} {jimage}
     bool UseCompressedClassPointers               = true                           {product lp64_product} {ergonomic}
     bool UseCompressedOops                        = true                           {product lp64_product} {ergonomic}
     bool UseParallelGC                            = true                                      {product} {command line}

Logging:
Log output configuration:
 #0: stdout all=warning uptime,level,tags
 #1: stderr all=off uptime,level,tags

Environment Variables:
JAVA_HOME=/nix/store/gpxl5qgg8kicmcvivwmybwjlpf7wh20l-graalvm17-ce-22.3.0
PATH=/nix/store/1d6ian3r8kdzspw8hacjhl3xkp40g1lj-binutils-wrapper-2.39/bin:/nix/store/dq0xwmsk1g0i2ayg6pb7y87na2knzylh-gcc-wrapper-11.3.0/bin:/nix/store/bap4d0lpcrhpwmpb8ayjcgkmvfj62lnq-bash-interactive-5.1-p16/bin:/nix/store/pr5n59mb4jzmfx6kanwxly0l07p861fg-patchelf-0.15.0/bin:/nix/store/1gf2flfqnpqbr1b4p4qz2f72y42bs56r-gcc-11.3.0/bin:/nix/store/57xv61c5zi8pphjbcwxxjlgc34p61ic9-glibc-2.35-163-bin/bin:/nix/store/a7gvj343m05j2s32xcnwr35v31ynlypr-coreutils-9.1/bin:/nix/store/039g378vc3pc3dvi9dzdlrd0i4q93qwf-binutils-2.39/bin:/nix/store/gpxl5qgg8kicmcvivwmybwjlpf7wh20l-graalvm17-ce-22.3.0/bin:/nix/store/6z9ag3ihc8mq2hzsw48lhbznvzny65nz-apache-maven-3.8.6/bin:/nix/store/a7s9klvriqi68xz3qjc0qyfl5h86xc16-jdt-language-server-1.9.0/bin:/nix/store/48ifl2w60a3zp7yskbpnvn8jp9jdsb7k-java-debug/bin:/nix/store/mydc6f4k2z73xlcz7ilif3v2lcaiqvza-findutils-4.9.0/bin:/nix/store/j9p3g8472iijd50vhdprx0nmk2fqn5gv-diffutils-3.8/bin:/nix/store/89zs7rms6x00xfq4dq6m7mjnhkr8a6r4-gnused-4.8/bin:/nix/store/86bp03jkmsl6f92w0yzg4s59g5mhxwmy-gnugrep-3.7/bin:/nix/store/hwcdqw4jrjnd37wxqgsd47hd0j8bnj09-gawk-5.1.1/bin:/nix/store/cfbhw8r8ags41vwqaz47r583d0p4h4a1-gnutar-1.34/bin:/nix/store/p3m1ndl1lapwrlh698bnb5lvvxh67378-gzip-1.12/bin:/nix/store/a8mhcagrsly7c7mpjrpsnaahk4aax056-bzip2-1.0.8-bin/bin:/nix/store/mblgz65m3zv9x548a3d5m96fj2pbwr09-gnumake-4.3/bin:/nix/store/dsd5gz46hdbdk2rfdimqddhq6m8m8fqs-bash-5.1-p16/bin:/nix/store/v7ljksji50mg3w61dykaa3n3y79n6nil-patch-2.7.6/bin:/nix/store/zlcnmqq14jz5x9439jf937mvayyl63da-xz-5.2.7-bin/bin:/nix/store/y6aj732zm9m87c82fpvf103a1xb22blp-file-5.43/bin:/nix/store/i4kzir3m7mrisxmf5xvlnkw01x4qaqr4-prybar-elisp-0.0.0-e0d9a52/bin:/nix/store/lwwivxf6h7x3cvxp9zv8sj0mv7dak99r-prybar-lua-0.0.0-e0d9a52/bin:/nix/store/gxj28g1cg4hq3qanmjv07156h800qr58-prybar-python3-0.0.0-e0d9a52/bin:/nix/store/hshkjnxrgidigf8x75vg6lqng2xlx9i3-prybar-sqlite-0.0.0-e0d9a52/bin:/nix/store/c4w01bpjgyy5ixmwdk8m1pw87zq4sl26-prybar-tcl-0.0.0-e0d9a52/bin:/nix/store/hpbvrlwd5viqmvcaisb3x0118i913a9n-st
LD_LIBRARY_PATH=/nix/store/a4pff549sk2idnkpzk5nsfps3mdkdnvm-cups-2.4.2-lib/lib:/nix/store/72mqxxhh3cy5yifh92wh2yb8cl2hikyy-cairo-1.16.0/lib:/nix/store/2k366jrbsra97gjfxwvrhvixjfxdach5-glib-2.74.1/lib:/nix/store/2j2znigd8ak37rlwh9khz0ry3clqlw1l-gtk+3-3.24.34/lib:/nix/store/hisqvx32cd57apbpcsnkpx6k3549wql1-libglvnd-1.4.0/lib:/nix/store/p36pgcv991mq5srvg765b78yqpxvk3qs-mesa-21.3.3-drivers/lib:/nix/store/mav4251if1ahjq5vkpwycyyvnmy459c4-pulseaudio-14.2/lib
DISPLAY=:0
LANG=en_US.UTF-8

Signal Handlers:
   SIGSEGV: crash_handler in libjvm.so, mask=11100100010111111101111111111110, flags=SA_RESTART|SA_SIGINFO
    SIGBUS: crash_handler in libjvm.so, mask=11100100010111111101111111111110, flags=SA_RESTART|SA_SIGINFO
    SIGFPE: crash_handler in libjvm.so, mask=11100100010111111101111111111110, flags=SA_RESTART|SA_SIGINFO
   SIGPIPE: IsolateEnterStub_IgnoreSIGPIPEStartupHook_noopSignalHandler_8f19bff2f35b5f630d83b364d6b2339320d4ec70_216e8361c6bc87a8f89f58cc10d3b2fd4415bf87 in libjvmcicompiler.so, mask=00000000000000000000000000000000, flags=SA_RESTART
  *** Handler was modified!
  *** Expected: javaSignalHandler in libjvm.so, mask=11100100110111111111111111111110, flags=SA_RESTART|SA_SIGINFO
   SIGXFSZ: javaSignalHandler in libjvm.so, mask=11100100010111111101111111111110, flags=SA_RESTART|SA_SIGINFO
    SIGILL: crash_handler in libjvm.so, mask=11100100010111111101111111111110, flags=SA_RESTART|SA_SIGINFO
   SIGUSR2: SR_handler in libjvm.so, mask=00000000000000000000000000000000, flags=SA_RESTART|SA_SIGINFO
    SIGHUP: UserHandler in libjvm.so, mask=11100100010111111101111111111110, flags=SA_RESTART|SA_SIGINFO
    SIGINT: UserHandler in libjvm.so, mask=11100100010111111101111111111110, flags=SA_RESTART|SA_SIGINFO
   SIGTERM: UserHandler in libjvm.so, mask=11100100010111111101111111111110, flags=SA_RESTART|SA_SIGINFO
   SIGQUIT: UserHandler in libjvm.so, mask=11100100010111111101111111111110, flags=SA_RESTART|SA_SIGINFO
  *** Handler was modified!
  *** Expected: javaSignalHandler in libjvm.so, mask=11100100110111111111111111111110, flags=SA_RESTART|SA_SIGINFO
   SIGTRAP: crash_handler in libjvm.so, mask=11100100010111111101111111111110, flags=SA_RESTART|SA_SIGINFO


---------------  S Y S T E M  ---------------

OS:
DISTRIB_ID=Ubuntu
DISTRIB_RELEASE=20.04
DISTRIB_CODENAME=focal
DISTRIB_DESCRIPTION="Ubuntu 20.04.2 LTS"
uname: Linux 6.2.0-1011-gcp #11~22.04.3-Ubuntu SMP Fri Aug 18 12:32:13 UTC 2023 x86_64
OS uptime: 0 days 11:19 hours
libc: glibc 2.35 NPTL 2.35 
rlimit (soft/hard): STACK 8192k/infinity , CORE infinity/infinity , NPROC infinity/infinity , NOFILE 5242/5242 , AS infinity/infinity , CPU infinity/infinity , DATA infinity/infinity , FSIZE infinity/infinity , MEMLOCK 8192k/8192k
load average: 11.28 15.16 19.57

/proc/meminfo:
MemTotal:       65835944 kB
MemFree:        36616332 kB
MemAvailable:   48315320 kB
Buffers:          581424 kB
Cached:         10736272 kB
SwapCached:            0 kB
Active:          5244128 kB
Inactive:       21757828 kB
Active(anon):      16124 kB
Inactive(anon): 15568276 kB
Active(file):    5228004 kB
Inactive(file):  6189552 kB
Unevictable:       28524 kB
Mlocked:           28524 kB
SwapTotal:             0 kB
SwapFree:              0 kB
Zswap:                 0 kB
Zswapped:              0 kB
Dirty:             35436 kB
Writeback:           180 kB
AnonPages:      14444220 kB
Mapped:          1452624 kB
Shmem:             32500 kB
KReclaimable:    1053356 kB
Slab:            1572356 kB
SReclaimable:    1053356 kB
SUnreclaim:       519000 kB
KernelStack:      138560 kB
PageTables:       179860 kB
SecPageTables:         0 kB
NFS_Unstable:          0 kB
Bounce:                0 kB
WritebackTmp:          0 kB
CommitLimit:    32917972 kB
Committed_AS:   51539536 kB
VmallocTotal:   34359738367 kB
VmallocUsed:      163396 kB
VmallocChunk:          0 kB
Percpu:            26208 kB
HardwareCorrupted:     0 kB
AnonHugePages:   2525184 kB
ShmemHugePages:        0 kB
ShmemPmdMapped:        0 kB
FileHugePages:         0 kB
FilePmdMapped:         0 kB
HugePages_Total:       0
HugePages_Free:        0
HugePages_Rsvd:        0
HugePages_Surp:        0
Hugepagesize:       2048 kB
Hugetlb:               0 kB
DirectMap4k:      312120 kB
DirectMap2M:    23801856 kB
DirectMap1G:    45088768 kB

/sys/kernel/mm/transparent_hugepage/enabled: always [madvise] never
/sys/kernel/mm/transparent_hugepage/defrag (defrag/compaction efforts parameter): always defer defer+madvise [madvise] never

Process Memory:
Virtual Size: 4855876K (peak: 4916008K)
Resident Set Size: 743392K (peak: 820908K) (anon: 592984K, file: 150408K, shmem: 0K)
Swapped out: 0K
C-Heap outstanding allocations: 40204K, retained: 15863K
glibc malloc tunables: (default)

/proc/sys/kernel/threads-max (system-wide limit on the number of threads): 514277
/proc/sys/vm/max_map_count (maximum number of memory map areas a process may have): 65530
/proc/sys/kernel/pid_max (system-wide limit on number of process identifiers): 4194304

container (cgroup) information:
container_type: cgroupv1
cpu_cpuset_cpus: 2-7
cpu_memory_nodes: 0
active_processor_count: 1
cpu_quota: 50000
cpu_period: 100000
cpu_shares: 512
memory_limit_in_bytes: 1048576 k
memory_and_swap_limit_in_bytes: 1048576 k
memory_soft_limit_in_bytes: 524288 k
memory_usage_in_bytes: 888740 k
memory_max_usage_in_bytes: 1048580 k
maximum number of tasks: 1000
current number of tasks: 93

KVM virtualization detected
Steal ticks since vm start: 850
Steal ticks percentage since vm start:  0.001

CPU: total 8 (initial active 1) (4 cores per cpu, 2 threads per core) family 6 model 79 stepping 0 microcode 0xffffffff, cx8, cmov, fxsr, ht, mmx, 3dnowpref, sse, sse2, sse3, ssse3, sse4.1, sse4.2, popcnt, lzcnt, tsc, tscinvbit, avx, avx2, aes, erms, clmul, bmi1, bmi2, rtm, adx, fma, vzeroupper, clflush, hv
CPU Model and flags from /proc/cpuinfo:
model name	: Intel(R) Xeon(R) CPU @ 2.20GHz
flags		: fpu vme de pse tsc msr pae mce cx8 apic sep mtrr pge mca cmov pat pse36 clflush mmx fxsr sse sse2 ss ht syscall nx pdpe1gb rdtscp lm constant_tsc rep_good nopl xtopology nonstop_tsc cpuid tsc_known_freq pni pclmulqdq ssse3 fma cx16 pcid sse4_1 sse4_2 x2apic movbe popcnt aes xsave avx f16c rdrand hypervisor lahf_lm abm 3dnowprefetch invpcid_single pti ssbd ibrs ibpb stibp fsgsbase tsc_adjust bmi1 hle avx2 smep bmi2 erms invpcid rtm rdseed adx smap xsaveopt arat md_clear arch_capabilities

Online cpus: 0-7
Offline cpus: 
BIOS frequency limitation: <Not Available>
Frequency switch latency (ns): <Not Available>
Available cpu frequencies: <Not Available>
Current governor: <Not Available>
Core performance/turbo boost: <Not Available>

Memory: 4k page, physical 1048576k(160032k free), swap 0k(0k free)
Page Sizes: 4k

vm_info: OpenJDK 64-Bit Server VM (17.0.5+8-jvmci-22.3-b08) for linux-amd64 JRE (17.0.5+8-jvmci-22.3-b08), built on Oct 19 2022 09:01:27 by "buildslave" with gcc 10.3.0

END.
