#
# A fatal error has been detected by the Java Runtime Environment:
#
#  Internal Error (jvmciRuntime.cpp:1609), pid=52, tid=99
#  fatal error: Fatal exception in JVMCI: Error calling jdk.vm.ci.services.Services.serializeSavedProperties
#
# JRE version: OpenJDK Runtime Environment GraalVM CE 22.3.0 (17.0.5+8) (build 17.0.5+8-jvmci-22.3-b08)
# Java VM: OpenJDK 64-Bit Server VM GraalVM CE 22.3.0 (17.0.5+8-jvmci-22.3-b08, mixed mode, sharing, tiered, jvmci, jvmci compiler, compressed oops, compressed class ptrs, parallel gc, linux-amd64)
# Problematic frame:
# V  [libjvm.so+0x972714]  JVMCIRuntime::fatal_exception(JVMCIEnv*, char const*)+0x74
#
# Core dump will be written. Default location: Core dumps may be processed with "/usr/share/apport/apport -p%p -s%s -c%c -d%d -P%P -u%u -g%g -- %E" (or dumping to /home/runner/ProyectoSIA/core.52)
#
# If you would like to submit a bug report, please visit:
#   https://github.com/oracle/graal/issues
#

---------------  S U M M A R Y ------------

Command Line: -XX:ThreadPriorityPolicy=1 -XX:+UnlockExperimentalVMOptions -XX:+EnableJVMCIProduct -XX:JVMCIThreadsPerNativeLibraryRuntime=1 -XX:-UnlockExperimentalVMOptions -Declipse.application=org.eclipse.jdt.ls.core.id1 -Dosgi.bundles.defaultStartLevel=4 -Declipse.product=org.eclipse.jdt.ls.core.product -Dlog.level=ALL -Xverify:none -XX:+UseParallelGC -XX:GCTimeRatio=4 -XX:AdaptiveSizePolicyWeight=90 -Dsun.zip.disableMemoryMapping=true -Xmx512m -Xms100m /nix/store/a7s9klvriqi68xz3qjc0qyfl5h86xc16-jdt-language-server-1.9.0/share/java/plugins/org.eclipse.equinox.launcher_1.6.400.v20210924-0641.jar --add-modules=ALL-SYSTEM --add-opens java.base/java.util=ALL-UNNAMED --add-opens java.base/java.lang=ALL-UNNAMED -configuration /home/runner/.cache/jdt-language-server/config -data /home/runner/.cache/jdt-language-server/data/home/runner/ProyectoSIA

Host: Intel(R) Xeon(R) CPU @ 2.20GHz, 8 cores, 1G, Ubuntu 20.04.2 LTS
Time: Wed Sep 27 18:32:26 2023 UTC elapsed time: 545.868385 seconds (0d 0h 9m 5s)

---------------  T H R E A D  ---------------

Current thread (0x00007fbff80b1c40):  JavaThread "JVMCI-native CompilerThread0" daemon [_thread_in_vm, id=99, stack(0x00007fbfde800000,0x00007fbfdea00000)]


Current CompileTask:
JVMCI-native: 545868 11477       4       org.eclipse.osgi.internal.loader.ModuleClassLoader::loadClass (20 bytes)

Stack: [0x00007fbfde800000,0x00007fbfdea00000],  sp=0x00007fbfde9fe380,  free space=2040k
Native frames: (J=compiled Java code, j=interpreted, Vv=VM code, C=native code)
V  [libjvm.so+0x972714]  JVMCIRuntime::fatal_exception(JVMCIEnv*, char const*)+0x74
V  [libjvm.so+0x93e2fe]  JVMCIEnv::copy_saved_properties()+0x14e
V  [libjvm.so+0x9732a9]  JVMCIRuntime::initialize(JVMCIEnv*)+0xb19
V  [libjvm.so+0x9738a2]  JVMCIRuntime::get_HotSpotJVMCIRuntime(JVMCIEnv*)+0x12
V  [libjvm.so+0x9749f2]  JVMCIRuntime::compile_method(JVMCIEnv*, JVMCICompiler*, methodHandle const&, int)+0xd2
V  [libjvm.so+0x5b0d20]  CompileBroker::invoke_compiler_on_method(CompileTask*)+0x1470
V  [libjvm.so+0x5b12e8]  CompileBroker::compiler_thread_loop()+0x528
V  [libjvm.so+0xd82460]  JavaThread::thread_main_inner()+0xd0
V  [libjvm.so+0xd85a40]  Thread::call_run()+0xc0
V  [libjvm.so+0xbdb1e1]  thread_native_entry(Thread*)+0xe1

Register to memory mapping:

RAX=0x00007fbffe568000 points into unknown readable memory: 0x0000000000000058 | 58 00 00 00 00 00 00 00
RBX=0x00007fbfff663398: <offset 0x0000000000ef5398> in /nix/store/gpxl5qgg8kicmcvivwmybwjlpf7wh20l-graalvm17-ce-22.3.0/lib/server/libjvm.so at 0x00007fbffe76e000
RCX=0x00007fbfff61b1e8: <offset 0x0000000000ead1e8> in /nix/store/gpxl5qgg8kicmcvivwmybwjlpf7wh20l-graalvm17-ce-22.3.0/lib/server/libjvm.so at 0x00007fbffe76e000
RDX=0x0000000000000649 is an unknown value
RSP=0x00007fbfde9fe380 is pointing into the stack for thread: 0x00007fbff80b1c40
RBP=0x00007fbfde9fe3a0 is pointing into the stack for thread: 0x00007fbff80b1c40
RSI=0x00007fbfff663c48: <offset 0x0000000000ef5c48> in /nix/store/gpxl5qgg8kicmcvivwmybwjlpf7wh20l-graalvm17-ce-22.3.0/lib/server/libjvm.so at 0x00007fbffe76e000
RDI=0x00000000e0000000 is an oop: [Ljava.security.ProtectionDomain; 
{0x00000000e0000000} - klass: 'java/security/ProtectionDomain'[]
 - length: 1
R8 =0x00007fbfff663398: <offset 0x0000000000ef5398> in /nix/store/gpxl5qgg8kicmcvivwmybwjlpf7wh20l-graalvm17-ce-22.3.0/lib/server/libjvm.so at 0x00007fbffe76e000
R9 =0x00007fbfde9fe330 is pointing into the stack for thread: 0x00007fbff80b1c40
R10=0x00007fbfde9ff948 is pointing into the stack for thread: 0x00007fbff80b1c40
R11=0x0000000000000293 is an unknown value
R12=0x0 is NULL
R13=0x00007fbff80b1c40 is a thread
R14=0x00007fbff8000b80 points into unknown readable memory: 0x00007fbfff894a38 | 38 4a 89 ff bf 7f 00 00
R15=0x00007fbfff9a2e40: <offset 0x0000000001234e40> in /nix/store/gpxl5qgg8kicmcvivwmybwjlpf7wh20l-graalvm17-ce-22.3.0/lib/server/libjvm.so at 0x00007fbffe76e000


Registers:
RAX=0x00007fbffe568000, RBX=0x00007fbfff663398, RCX=0x00007fbfff61b1e8, RDX=0x0000000000000649
RSP=0x00007fbfde9fe380, RBP=0x00007fbfde9fe3a0, RSI=0x00007fbfff663c48, RDI=0x00000000e0000000
R8 =0x00007fbfff663398, R9 =0x00007fbfde9fe330, R10=0x00007fbfde9ff948, R11=0x0000000000000293
R12=0x0000000000000000, R13=0x00007fbff80b1c40, R14=0x00007fbff8000b80, R15=0x00007fbfff9a2e40
RIP=0x00007fbfff0e0714, EFLAGS=0x0000000000010206, CSGSFS=0x002b000000000033, ERR=0x0000000000000006
  TRAPNO=0x000000000000000e

Top of Stack: (sp=0x00007fbfde9fe380)
0x00007fbfde9fe380:   00007fbfde9fe940 00007fbff80b1c40
0x00007fbfde9fe390:   00007fbffcef98c8 0000000800c415a8
0x00007fbfde9fe3a0:   00007fbfde9fe500 00007fbfff0ac2fe
0x00007fbfde9fe3b0:   00007fbfde9fe3e0 00007fbfde9fe440 

Instructions: (pc=0x00007fbfff0e0714)
0x00007fbfff0e0614:   30 e8 f6 cf e8 ff 4c 89 e7 e8 2e 48 d1 ff 84 db
0x00007fbfff0e0624:   75 2a 4d 85 ed 74 04 4d 8b 6d 00 48 83 c4 08 44
0x00007fbfff0e0634:   89 f9 4c 89 f2 4c 89 ee 5b 4c 89 e7 41 5c 41 5d
0x00007fbfff0e0644:   41 5e 41 5f 5d e9 e2 47 d1 ff 66 90 48 83 c4 08
0x00007fbfff0e0654:   5b 41 5c 41 5d 41 5e 41 5f 5d c3 90 31 d2 be 08
0x00007fbfff0e0664:   00 00 00 4c 89 ff e8 b1 78 a3 ff 49 89 c5 e9 37
0x00007fbfff0e0674:   ff ff ff 66 0f 1f 84 00 00 00 00 00 48 8b 7a 08
0x00007fbfff0e0684:   e9 6d ff ff ff 0f 1f 80 00 00 00 00 e8 5b 48 0a
0x00007fbfff0e0694:   00 84 c0 75 89 e9 6a ff ff ff 66 90 55 48 89 e5
0x00007fbfff0e06a4:   41 56 41 55 41 54 49 89 fc 53 48 89 f3 66 48 8d
0x00007fbfff0e06b4:   3d 27 5e 85 00 66 66 48 e8 df 43 8d ff 4c 8b 28
0x00007fbfff0e06c4:   8b 05 be 72 8a 00 85 c0 75 14 ba 01 00 00 00 48
0x00007fbfff0e06d4:   8d 0d ae 72 8a 00 f0 0f b1 11 85 c0 74 4e be c8
0x00007fbfff0e06e4:   00 00 00 4c 89 ef e8 01 0b 41 00 48 8d 05 12 ac
0x00007fbfff0e06f4:   85 00 49 89 d8 48 8d 0d e8 aa 53 00 ba 49 06 00
0x00007fbfff0e0704:   00 48 8d 35 3c 35 58 00 bf 00 00 00 e0 48 8b 00
0x00007fbfff0e0714:   c6 00 58 31 c0 e8 e2 91 c6 ff 5b 41 5c 41 5d 41
0x00007fbfff0e0724:   5e 5d e9 55 34 26 00 0f 1f 44 00 00 48 8d 05 81
0x00007fbfff0e0734:   a3 8b 00 48 89 df 4c 8b 30 e8 9e 43 8d ff 48 89
0x00007fbfff0e0744:   de 48 89 c2 49 8b 06 4c 89 f7 ff 50 08 4c 89 f7
0x00007fbfff0e0754:   e8 a7 5c 27 00 4d 85 e4 74 12 be 01 00 00 00 4c
0x00007fbfff0e0764:   89 e7 e8 35 43 fc ff eb 82 0f 1f 00 be 01 00 00
0x00007fbfff0e0774:   00 4c 89 ef e8 d3 fd ff ff e9 6d ff ff ff 66 66
0x00007fbfff0e0784:   2e 0f 1f 84 00 00 00 00 00 0f 1f 00 55 48 89 e5
0x00007fbfff0e0794:   41 57 41 56 41 55 41 54 53 48 81 ec 08 02 00 00
0x00007fbfff0e07a4:   64 48 8b 04 25 28 00 00 00 48 89 45 c8 8b 07 83
0x00007fbfff0e07b4:   f8 02 0f 84 11 04 00 00 4c 8b 6f 18 49 89 ff 49
0x00007fbfff0e07c4:   89 f4 4d 85 ed 74 14 4c 89 ef e8 5d 57 22 00 41
0x00007fbfff0e07d4:   8b 07 83 f8 02 0f 84 19 04 00 00 48 8d 1d 9a 06
0x00007fbfff0e07e4:   8a 00 4c 8d 35 0b 3c 58 00 eb 38 90 48 85 d2 7f
0x00007fbfff0e07f4:   0d 48 8d 05 b4 c0 85 00 48 83 38 00 7e 0e 41 8b
0x00007fbfff0e0804:   77 2c 4c 89 f7 31 c0 e8 a0 b2 f7 ff 49 8b 7f 18 


Stack slot to memory mapping:
stack at sp + 0 slots: 0x00007fbfde9fe940 is pointing into the stack for thread: 0x00007fbff80b1c40
stack at sp + 1 slots: 0x00007fbff80b1c40 is a thread
stack at sp + 2 slots: 0x00007fbffcef98c8 points into unknown readable memory: 0x6573001880c9ffff | ff ff c9 80 18 00 73 65
stack at sp + 3 slots: 0x0000000800c415a8 is a pointer to class: 
jdk.vm.ci.services.Services {0x0000000800c415a8}
 - instance size:     2
 - klass size:        65
 - access:            public final synchronized 
 - state:             fully_initialized
 - name:              'jdk/vm/ci/services/Services'
 - super:             'java/lang/Object'
 - sub:               
 - arrays:            NULL
 - methods:           Array<T>(0x00007fbfdec380c8)
 - method ordering:   Array<T>(0x0000000800928960)
 - default_methods:   Array<T>(0x0000000000000000)
 - local interfaces:  Array<T>(0x00000008005ce810)
 - trans. interfaces: Array<T>(0x00000008005ce810)
 - constants:         constant pool [427] {0x00007fbfdec371a8} for 'jdk/vm/ci/services/Services' cache=0x00007fbfdec39398
 - class loader data:  loader data: 0x00007fbff8027cc0 of 'bootstrap'
 - source file:       'Services.java'
 - class annotations:       Array<T>(0x0000000000000000)
 - class type annotations:  Array<T>(0x0000000000000000)
 - field annotations:       Array<T>(0x0000000000000000)
 - field type annotations:  Array<T>(0x0000000000000000)
 - inner classes:     Array<T>(0x00007fbfdec39368)
 - nest members:     Array<T>(0x00007fbfdec39388)
 - permitted subclasses:     Array<T>(0x00000008005ce7a0)
 - java mirror:       a 'java/lang/Class'{0x00000000e017d038} = 'jdk/vm/ci/services/Services'
 - vtable length      5  (start addr: 0x0000000800c41778)
 - itable length      2 (start addr: 0x0000000800c417a0)
 - ---- static fields (3 words):
 - public static final 'IS_BUILDING_NATIVE_IMAGE' 'Z' @128 
 - public static final 'IS_IN_NATIVE_IMAGE' 'Z' @129 
 - private static volatile 'savedProperties' 'Ljava/util/Map;' @112 
 - static final 'JVMCI_ENABLED' 'Z' @130 
 - private static final 'servicesCache' 'Ljava/util/Map;' @116 
 - private static final 'MAX_UNICODE_IN_UTF8_LENGTH' 'I' @120 
 - private static final 'MAX_UTF8_PROPERTY_STRING_LENGTH' 'I' @124 
 - ---- non-static fields (0 words):
 - non-static oop maps: 
stack at sp + 4 slots: 0x00007fbfde9fe500 is pointing into the stack for thread: 0x00007fbff80b1c40
stack at sp + 5 slots: 0x00007fbfff0ac2fe: <offset 0x000000000093e2fe> in /nix/store/gpxl5qgg8kicmcvivwmybwjlpf7wh20l-graalvm17-ce-22.3.0/lib/server/libjvm.so at 0x00007fbffe76e000
stack at sp + 6 slots: 0x00007fbfde9fe3e0 is pointing into the stack for thread: 0x00007fbff80b1c40
stack at sp + 7 slots: 0x00007fbfde9fe440 is pointing into the stack for thread: 0x00007fbff80b1c40


---------------  P R O C E S S  ---------------

Threads class SMR info:
_java_thread_list=0x00007fbf6801bd00, length=24, elements={
0x00007fbff8025f60, 0x00007fbff80a5f00, 0x00007fbff80a7340, 0x00007fbff80adab0,
0x00007fbff80aee60, 0x00007fbff80b0250, 0x00007fbff80b1c40, 0x00007fbff80b3150,
0x00007fbff80b45a0, 0x00007fbff80d81c0, 0x00007fbff8121db0, 0x00007fbff8305450,
0x00007fbff83384a0, 0x00007fbff833aa40, 0x00007fbff831f830, 0x00007fbf8c017260,
0x00007fbf8c2b29a0, 0x00007fbf800010d0, 0x00007fbf8c47fa90, 0x00007fbf8c6e6a60,
0x00007fbf88001b60, 0x00007fbff83ac350, 0x00007fbf68000ff0, 0x00007fbf70000ff0
}

Java Threads: ( => current thread )
  0x00007fbff8025f60 JavaThread "main" [_thread_blocked, id=88, stack(0x00007fbffe589000,0x00007fbffe689000)]
  0x00007fbff80a5f00 JavaThread "Reference Handler" daemon [_thread_blocked, id=92, stack(0x00007fbffc5a0000,0x00007fbffc6a0000)]
  0x00007fbff80a7340 JavaThread "Finalizer" daemon [_thread_blocked, id=93, stack(0x00007fbffc4a0000,0x00007fbffc5a0000)]
  0x00007fbff80adab0 JavaThread "Signal Dispatcher" daemon [_thread_blocked, id=96, stack(0x00007fbffc0ba000,0x00007fbffc1ba000)]
  0x00007fbff80aee60 JavaThread "Service Thread" daemon [_thread_blocked, id=97, stack(0x00007fbfdeb00000,0x00007fbfdec00000)]
  0x00007fbff80b0250 JavaThread "Monitor Deflation Thread" daemon [_thread_blocked, id=98, stack(0x00007fbfdea00000,0x00007fbfdeb00000)]
=>0x00007fbff80b1c40 JavaThread "JVMCI-native CompilerThread0" daemon [_thread_in_vm, id=99, stack(0x00007fbfde800000,0x00007fbfdea00000)]
  0x00007fbff80b3150 JavaThread "C1 CompilerThread0" daemon [_thread_blocked, id=100, stack(0x00007fbfde600000,0x00007fbfde800000)]
  0x00007fbff80b45a0 JavaThread "Sweeper thread" daemon [_thread_blocked, id=101, stack(0x00007fbfde500000,0x00007fbfde600000)]
  0x00007fbff80d81c0 JavaThread "Common-Cleaner" daemon [_thread_blocked, id=110, stack(0x00007fbfde400000,0x00007fbfde500000)]
  0x00007fbff8121db0 JavaThread "Notification Thread" daemon [_thread_blocked, id=113, stack(0x00007fbfde300000,0x00007fbfde400000)]
  0x00007fbff8305450 JavaThread "Active Thread: Equinox Container: a467f064-55b1-4c40-bc16-14ac6bdcb685" [_thread_blocked, id=181, stack(0x00007fbfdcf00000,0x00007fbfdd000000)]
  0x00007fbff83384a0 JavaThread "Framework Event Dispatcher: Equinox Container: a467f064-55b1-4c40-bc16-14ac6bdcb685" daemon [_thread_blocked, id=191, stack(0x00007fbfdcd00000,0x00007fbfdce00000)]
  0x00007fbff833aa40 JavaThread "Start Level: Equinox Container: a467f064-55b1-4c40-bc16-14ac6bdcb685" daemon [_thread_blocked, id=193, stack(0x00007fbfdcb00000,0x00007fbfdcc00000)]
  0x00007fbff831f830 JavaThread "Refresh Thread: Equinox Container: a467f064-55b1-4c40-bc16-14ac6bdcb685" daemon [_thread_blocked, id=207, stack(0x00007fbfdc900000,0x00007fbfdca00000)]
  0x00007fbf8c017260 JavaThread "SCR Component Actor" daemon [_thread_blocked, id=233, stack(0x00007fbfdc700000,0x00007fbfdc800000)]
  0x00007fbf8c2b29a0 JavaThread "Worker-JM" [_thread_blocked, id=270, stack(0x00007fbfdc300000,0x00007fbfdc400000)]
  0x00007fbf800010d0 JavaThread "Worker-1" [_thread_blocked, id=284, stack(0x00007fbfdc500000,0x00007fbfdc600000)]
  0x00007fbf8c47fa90 JavaThread "Java indexing" daemon [_thread_blocked, id=293, stack(0x00007fbfdc000000,0x00007fbfdc100000)]
  0x00007fbf8c6e6a60 JavaThread "Bundle File Closer" daemon [_thread_blocked, id=309, stack(0x00007fbfa5b00000,0x00007fbfa5c00000)]
  0x00007fbf88001b60 JavaThread "Worker-2" [_thread_blocked, id=322, stack(0x00007fbfa5900000,0x00007fbfa5a00000)]
  0x00007fbff83ac350 JavaThread "pool-2-thread-1" [_thread_in_native, id=373, stack(0x00007fbfddd00000,0x00007fbfdde00000)]
  0x00007fbf68000ff0 JavaThread "Worker-4" [_thread_blocked, id=388, stack(0x00007fbfdd900000,0x00007fbfdda00000)]
  0x00007fbf70000ff0 JavaThread "pool-3-thread-2" [_thread_blocked, id=1843, stack(0x00007fbfddb00000,0x00007fbfddc00000)]

Other Threads:
  0x00007fbff80a1640 VMThread "VM Thread" [stack: 0x00007fbffc6a2000,0x00007fbffc7a2000] [id=91] _threads_hazard_ptr=0x00007fbf6801bd00
  0x00007fbff8123750 WatcherThread [stack: 0x00007fbfde200000,0x00007fbfde300000] [id=114]
  0x00007fbff803d860 GCTaskThread "GC Thread#0" [stack: 0x00007fbffe14c000,0x00007fbffe24c000] [id=89]

Threads with active compile tasks:
JVMCI-native CompilerThread0   545892 11477       4       org.eclipse.osgi.internal.loader.ModuleClassLoader::loadClass (20 bytes)

VM state: synchronizing (normal execution)

VM Mutex/Monitor currently owned by a thread:  ([mutex/lock_event])
[0x00007fbff8023110] Threads_lock - owner thread: 0x00007fbff80a1640
[0x00007fbff80238c0] Heap_lock - owner thread: 0x00007fbf800010d0

OutOfMemory and StackOverflow Exception counts:
OutOfMemoryError java_heap_errors=9
LinkageErrors=65

Heap address: 0x00000000e0000000, size: 512 MB, Compressed Oops mode: 32-bit

CDS archive(s) mapped at: [0x0000000800000000-0x0000000800bc8000-0x0000000800bc8000), size 12353536, SharedBaseAddress: 0x0000000800000000, ArchiveRelocationMode: 0.
Compressed class space mapped at: 0x0000000800c00000-0x0000000840c00000, reserved size: 1073741824
Narrow klass base: 0x0000000800000000, Narrow klass shift: 0, Narrow klass range: 0x100000000

GC Precious Log:
 CPUs: 8 total, 1 available
 Memory: 1792M
 Large Page Support: Disabled
 NUMA Support: Disabled
 Compressed Oops: Enabled (32-bit)
 Alignments: Space 512K, Generation 512K, Heap 2M
 Heap Min Capacity: 100M
 Heap Initial Capacity: 100M
 Heap Max Capacity: 512M
 Pre-touch: Disabled
 Parallel Workers: 1

Heap:
 PSYoungGen      total 39936K, used 29184K [0x00000000f5580000, 0x00000000f8900000, 0x0000000100000000)
  eden space 29184K, 100% used [0x00000000f5580000,0x00000000f7200000,0x00000000f7200000)
  from space 10752K, 0% used [0x00000000f7200000,0x00000000f7200000,0x00000000f7c80000)
  to   space 7168K, 0% used [0x00000000f8000000,0x00000000f8000000,0x00000000f8700000)
 ParOldGen       total 349696K, used 349695K [0x00000000e0000000, 0x00000000f5580000, 0x00000000f5580000)
  object space 349696K, 99% used [0x00000000e0000000,0x00000000f557fff8,0x00000000f5580000)
 Metaspace       used 58956K, committed 60160K, reserved 1105920K
  class space    used 5537K, committed 6016K, reserved 1048576K

Card table byte_map: [0x00007fbffe24c000,0x00007fbffe34d000] _byte_map_base: 0x00007fbffdb4c000

Marking Bits: (ParMarkBitMap*) 0x00007fbfff99c4c0
 Begin Bits: [0x00007fbffd09f000, 0x00007fbffd89f000)
 End Bits:   [0x00007fbffd89f000, 0x00007fbffe09f000)

Polling page: 0x00007fbffe566000

Metaspace:

Usage:
  Non-class:     52.17 MB used.
      Class:      5.41 MB used.
       Both:     57.57 MB used.

Virtual space:
  Non-class space:       56.00 MB reserved,      52.88 MB ( 94%) committed,  7 nodes.
      Class space:        1.00 GB reserved,       5.88 MB ( <1%) committed,  1 nodes.
             Both:        1.05 GB reserved,      58.75 MB (  5%) committed. 

Chunk freelists:
   Non-Class:  3.14 MB
       Class:  2.02 MB
        Both:  5.17 MB

MaxMetaspaceSize: unlimited
CompressedClassSpaceSize: 1.00 GB
Initial GC threshold: 21.00 MB
Current GC threshold: 97.81 MB
CDS: on
MetaspaceReclaimPolicy: balanced
 - commit_granule_bytes: 65536.
 - commit_granule_words: 8192.
 - virtual_space_node_default_size: 1048576.
 - enlarge_chunks_in_place: 1.
 - new_chunks_are_fully_committed: 0.
 - uncommit_free_chunks: 1.
 - use_allocation_guard: 0.
 - handle_deallocations: 1.


Internal statistics:

num_allocs_failed_limit: 8.
num_arena_births: 478.
num_arena_deaths: 144.
num_vsnodes_births: 8.
num_vsnodes_deaths: 0.
num_space_committed: 939.
num_space_uncommitted: 0.
num_chunks_returned_to_freelist: 206.
num_chunks_taken_from_freelist: 2772.
num_chunk_merges: 87.
num_chunk_splits: 1823.
num_chunks_enlarged: 1128.
num_purges: 6.
num_inconsistent_stats: 0.

CodeHeap 'non-profiled nmethods': size=120036Kb used=3088Kb max_used=3088Kb free=116948Kb
 bounds [0x00007fbfe6f7a000, 0x00007fbfe728a000, 0x00007fbfee4b3000]
CodeHeap 'profiled nmethods': size=120032Kb used=19246Kb max_used=21640Kb free=100785Kb
 bounds [0x00007fbfdfa42000, 0x00007fbfe0f72000, 0x00007fbfe6f7a000]
CodeHeap 'non-nmethods': size=5692Kb used=1368Kb max_used=1397Kb free=4323Kb
 bounds [0x00007fbfdf4b3000, 0x00007fbfdf723000, 0x00007fbfdfa42000]
 total_blobs=8807 nmethods=8112 adapters=599
 compilation: enabled
              stopped_count=0, restarted_count=0
 full_count=0

JVMCI Events (20 events):
Event: 196.758 Thread 0x00007fbff80b1c40 compacted oop handles in JVMCI runtime 0 from 258 to 251
Event: 196.759 Thread 0x00007fbff80b1c40 compacted oop handles in JVMCI runtime 0 from 252 to 124
Event: 196.792 Thread 0x00007fbff80b1c40 compacted oop handles in JVMCI runtime 0 from 133 to 127
Event: 196.963 Thread 0x00007fbff80b1c40 compacted oop handles in JVMCI runtime 0 from 129 to 127
Event: 199.556 Thread 0x00007fbff80b1c40 compacted oop handles in JVMCI runtime 0 from 147 to 139
Event: 199.556 Thread 0x00007fbff80b1c40 compacted oop handles in JVMCI runtime 0 from 140 to 131
Event: 199.573 Thread 0x00007fbff80b1c40 compacted oop handles in JVMCI runtime 0 from 138 to 136
Event: 199.780 Thread 0x00007fbff80b1c40 compacted oop handles in JVMCI runtime 0 from 138 to 84
Event: 199.860 Thread 0x00007fbff80b1c40 compacted oop handles in JVMCI runtime 0 from 107 to 106
Event: 202.515 Thread 0x00007fbff80b1c40 detaching from JVMCI runtime 0: releasing idle compiler thread (0 other threads still attached)
Event: 202.515 Thread 0x00007fbff80b1c40 shutting down HotSpotJVMCIRuntime for JVMCI runtime 0
Event: 202.516 Thread 0x00007fbff80b1c40 shut down JVMCI runtime 0
Event: 202.554 Thread 0x00007fbff80b1c40 destroyed JavaVM[2]@0x00007fbfa539e340 for JVMCI runtime 0
Event: 202.554 Thread 0x00007fbff80b1c40 compacted oop handles in JVMCI runtime 0 from 107 to 107
Event: 202.554 Thread 0x00007fbff80b1c40 releasing handles for JVMCI runtime 0: oop handles=107, metadata handles={total=1440, live=1096, blocks=45}
Event: 202.554 Thread 0x00007fbff80b1c40 detached from JVMCI runtime 0
Event: 515.488 Thread 0x00007fbff80b1c40 attached to JVMCI runtime 0
Event: 515.491 Thread 0x00007fbff80b1c40 created JavaVM[3]@0x00007fbfa539e340 for JVMCI runtime 0
Event: 517.586 Thread 0x00007fbff80b1c40 initializing JVMCI runtime 0
Event: 517.586 Thread 0x00007fbff80b1c40 done waiting for JavaVM references initialization in JVMCI runtime 0

Compilation events (20 events):
Event: 199.780 Thread 0x00007fbff80b1c40 nmethod 11448% 0x00007fbfe727b110 code [0x00007fbfe727b320, 0x00007fbfe727c040]
Event: 199.780 Thread 0x00007fbff80b1c40 11436       4       java.nio.file.Files::newByteChannel (11 bytes)
Event: 199.785 Thread 0x00007fbff80b1c40 nmethod 11436 0x00007fbfe727c910 code [0x00007fbfe727cae0, 0x00007fbfe727cc38]
Event: 199.785 Thread 0x00007fbff80b1c40 8459       4       org.eclipse.jdt.core.search.SearchDocument::addIndexEntry (21 bytes)
Event: 199.860 Thread 0x00007fbff80b1c40 nmethod 8459 0x00007fbfe727ce10 code [0x00007fbfe727cfa0, 0x00007fbfe727d0c0]
Event: 199.861 Thread 0x00007fbff80b1c40 8460       4       org.eclipse.jdt.internal.core.index.Index::addIndexEntry (11 bytes)
Event: 199.865 Thread 0x00007fbff80b1c40 nmethod 8460 0x00007fbfe727d290 code [0x00007fbfe727d420, 0x00007fbfe727d4b0]
Event: 199.865 Thread 0x00007fbff80b1c40 7094       4       java.util.ArrayDeque::push (6 bytes)
Event: 199.872 Thread 0x00007fbff80b1c40 nmethod 7094 0x00007fbfe727d590 code [0x00007fbfe727d700, 0x00007fbfe727d8c8]
Event: 199.872 Thread 0x00007fbff80b1c40 6133       4       java.util.ArrayDeque::dec (13 bytes)
Event: 199.873 Thread 0x00007fbff80b1c40 nmethod 6133 0x00007fbfe727da10 code [0x00007fbfe727db80, 0x00007fbfe727dbb0]
Event: 228.784 Thread 0x00007fbff80b3150 11472       3       java.util.IdentityHashMap$KeyIterator::next (13 bytes)
Event: 230.963 Thread 0x00007fbff80b3150 nmethod 11472 0x00007fbfdfcd4290 code [0x00007fbfdfcd4440, 0x00007fbfdfcd4840]
Event: 351.786 Thread 0x00007fbff80b3150 11474       3       sun.security.provider.SecureRandom::updateState (81 bytes)
Event: 351.787 Thread 0x00007fbff80b3150 nmethod 11474 0x00007fbfdfcba310 code [0x00007fbfdfcba4c0, 0x00007fbfdfcba770]
Event: 477.662 Thread 0x00007fbff80b3150 11476       3       java.util.concurrent.ThreadPoolExecutor::runStateAtLeast (11 bytes)
Event: 477.663 Thread 0x00007fbff80b3150 nmethod 11476 0x00007fbfdfb73810 code [0x00007fbfdfb739a0, 0x00007fbfdfb73af0]
Event: 515.488 Thread 0x00007fbff80b1c40 11477       4       org.eclipse.osgi.internal.loader.ModuleClassLoader::loadClass (20 bytes)
Event: 545.800 Thread 0x00007fbff80b3150 11478       1       java.lang.Thread::getThreadGroup (5 bytes)
Event: 545.801 Thread 0x00007fbff80b3150 nmethod 11478 0x00007fbfe727dd10 code [0x00007fbfe727dea0, 0x00007fbfe727df70]

GC Heap History (20 events):
Event: 526.755 GC heap before
{Heap before GC invocations=284 (full 170):
 PSYoungGen      total 39936K, used 29184K [0x00000000f5580000, 0x00000000f8900000, 0x0000000100000000)
  eden space 29184K, 100% used [0x00000000f5580000,0x00000000f7200000,0x00000000f7200000)
  from space 10752K, 0% used [0x00000000f7200000,0x00000000f7200000,0x00000000f7c80000)
  to   space 7168K, 0% used [0x00000000f8000000,0x00000000f8000000,0x00000000f8700000)
 ParOldGen       total 349696K, used 349695K [0x00000000e0000000, 0x00000000f5580000, 0x00000000f5580000)
  object space 349696K, 99% used [0x00000000e0000000,0x00000000f557ff68,0x00000000f5580000)
 Metaspace       used 58956K, committed 60160K, reserved 1105920K
  class space    used 5537K, committed 6016K, reserved 1048576K
}
Event: 528.273 GC heap after
{Heap after GC invocations=284 (full 170):
 PSYoungGen      total 36352K, used 29183K [0x00000000f5580000, 0x00000000f8900000, 0x0000000100000000)
  eden space 29184K, 99% used [0x00000000f5580000,0x00000000f71ffff0,0x00000000f7200000)
  from space 7168K, 0% used [0x00000000f8000000,0x00000000f8000000,0x00000000f8700000)
  to   space 10752K, 0% used [0x00000000f7200000,0x00000000f7200000,0x00000000f7c80000)
 ParOldGen       total 349696K, used 349695K [0x00000000e0000000, 0x00000000f5580000, 0x00000000f5580000)
  object space 349696K, 99% used [0x00000000e0000000,0x00000000f557ff68,0x00000000f5580000)
 Metaspace       used 58956K, committed 60160K, reserved 1105920K
  class space    used 5537K, committed 6016K, reserved 1048576K
}
Event: 528.274 GC heap before
{Heap before GC invocations=285 (full 171):
 PSYoungGen      total 36352K, used 29183K [0x00000000f5580000, 0x00000000f8900000, 0x0000000100000000)
  eden space 29184K, 99% used [0x00000000f5580000,0x00000000f71ffff0,0x00000000f7200000)
  from space 7168K, 0% used [0x00000000f8000000,0x00000000f8000000,0x00000000f8700000)
  to   space 10752K, 0% used [0x00000000f7200000,0x00000000f7200000,0x00000000f7c80000)
 ParOldGen       total 349696K, used 349695K [0x00000000e0000000, 0x00000000f5580000, 0x00000000f5580000)
  object space 349696K, 99% used [0x00000000e0000000,0x00000000f557ffe8,0x00000000f5580000)
 Metaspace       used 58956K, committed 60160K, reserved 1105920K
  class space    used 5537K, committed 6016K, reserved 1048576K
}
Event: 530.272 GC heap after
{Heap after GC invocations=285 (full 171):
 PSYoungGen      total 39936K, used 29183K [0x00000000f5580000, 0x00000000f8900000, 0x0000000100000000)
  eden space 29184K, 99% used [0x00000000f5580000,0x00000000f71fffd8,0x00000000f7200000)
  from space 10752K, 0% used [0x00000000f7200000,0x00000000f7200000,0x00000000f7c80000)
  to   space 7168K, 0% used [0x00000000f8000000,0x00000000f8000000,0x00000000f8700000)
 ParOldGen       total 349696K, used 349695K [0x00000000e0000000, 0x00000000f5580000, 0x00000000f5580000)
  object space 349696K, 99% used [0x00000000e0000000,0x00000000f557ffe8,0x00000000f5580000)
 Metaspace       used 58956K, committed 60160K, reserved 1105920K
  class space    used 5537K, committed 6016K, reserved 1048576K
}
Event: 530.272 GC heap before
{Heap before GC invocations=286 (full 172):
 PSYoungGen      total 39936K, used 29183K [0x00000000f5580000, 0x00000000f8900000, 0x0000000100000000)
  eden space 29184K, 99% used [0x00000000f5580000,0x00000000f71fffd8,0x00000000f7200000)
  from space 10752K, 0% used [0x00000000f7200000,0x00000000f7200000,0x00000000f7c80000)
  to   space 7168K, 0% used [0x00000000f8000000,0x00000000f8000000,0x00000000f8700000)
 ParOldGen       total 349696K, used 349695K [0x00000000e0000000, 0x00000000f5580000, 0x00000000f5580000)
  object space 349696K, 99% used [0x00000000e0000000,0x00000000f557ffe8,0x00000000f5580000)
 Metaspace       used 58956K, committed 60160K, reserved 1105920K
  class space    used 5537K, committed 6016K, reserved 1048576K
}
Event: 532.300 GC heap after
{Heap after GC invocations=286 (full 172):
 PSYoungGen      total 36352K, used 29183K [0x00000000f5580000, 0x00000000f8900000, 0x0000000100000000)
  eden space 29184K, 99% used [0x00000000f5580000,0x00000000f71fffd8,0x00000000f7200000)
  from space 7168K, 0% used [0x00000000f8000000,0x00000000f8000000,0x00000000f8700000)
  to   space 10752K, 0% used [0x00000000f7200000,0x00000000f7200000,0x00000000f7c80000)
 ParOldGen       total 349696K, used 349695K [0x00000000e0000000, 0x00000000f5580000, 0x00000000f5580000)
  object space 349696K, 99% used [0x00000000e0000000,0x00000000f557ffe8,0x00000000f5580000)
 Metaspace       used 58956K, committed 60160K, reserved 1105920K
  class space    used 5537K, committed 6016K, reserved 1048576K
}
Event: 532.300 GC heap before
{Heap before GC invocations=287 (full 173):
 PSYoungGen      total 36352K, used 29183K [0x00000000f5580000, 0x00000000f8900000, 0x0000000100000000)
  eden space 29184K, 99% used [0x00000000f5580000,0x00000000f71fffe8,0x00000000f7200000)
  from space 7168K, 0% used [0x00000000f8000000,0x00000000f8000000,0x00000000f8700000)
  to   space 10752K, 0% used [0x00000000f7200000,0x00000000f7200000,0x00000000f7c80000)
 ParOldGen       total 349696K, used 349695K [0x00000000e0000000, 0x00000000f5580000, 0x00000000f5580000)
  object space 349696K, 99% used [0x00000000e0000000,0x00000000f557ffe8,0x00000000f5580000)
 Metaspace       used 58956K, committed 60160K, reserved 1105920K
  class space    used 5537K, committed 6016K, reserved 1048576K
}
Event: 534.212 GC heap after
{Heap after GC invocations=287 (full 173):
 PSYoungGen      total 39936K, used 29183K [0x00000000f5580000, 0x00000000f8900000, 0x0000000100000000)
  eden space 29184K, 99% used [0x00000000f5580000,0x00000000f71fffe8,0x00000000f7200000)
  from space 10752K, 0% used [0x00000000f7200000,0x00000000f7200000,0x00000000f7c80000)
  to   space 7168K, 0% used [0x00000000f8000000,0x00000000f8000000,0x00000000f8700000)
 ParOldGen       total 349696K, used 349695K [0x00000000e0000000, 0x00000000f5580000, 0x00000000f5580000)
  object space 349696K, 99% used [0x00000000e0000000,0x00000000f557ffe8,0x00000000f5580000)
 Metaspace       used 58956K, committed 60160K, reserved 1105920K
  class space    used 5537K, committed 6016K, reserved 1048576K
}
Event: 534.212 GC heap before
{Heap before GC invocations=288 (full 174):
 PSYoungGen      total 39936K, used 29183K [0x00000000f5580000, 0x00000000f8900000, 0x0000000100000000)
  eden space 29184K, 99% used [0x00000000f5580000,0x00000000f71fffe8,0x00000000f7200000)
  from space 10752K, 0% used [0x00000000f7200000,0x00000000f7200000,0x00000000f7c80000)
  to   space 7168K, 0% used [0x00000000f8000000,0x00000000f8000000,0x00000000f8700000)
 ParOldGen       total 349696K, used 349695K [0x00000000e0000000, 0x00000000f5580000, 0x00000000f5580000)
  object space 349696K, 99% used [0x00000000e0000000,0x00000000f557ffe8,0x00000000f5580000)
 Metaspace       used 58956K, committed 60160K, reserved 1105920K
  class space    used 5537K, committed 6016K, reserved 1048576K
}
Event: 536.165 GC heap after
{Heap after GC invocations=288 (full 174):
 PSYoungGen      total 36352K, used 29183K [0x00000000f5580000, 0x00000000f8900000, 0x0000000100000000)
  eden space 29184K, 99% used [0x00000000f5580000,0x00000000f71fffe8,0x00000000f7200000)
  from space 7168K, 0% used [0x00000000f8000000,0x00000000f8000000,0x00000000f8700000)
  to   space 10752K, 0% used [0x00000000f7200000,0x00000000f7200000,0x00000000f7c80000)
 ParOldGen       total 349696K, used 349695K [0x00000000e0000000, 0x00000000f5580000, 0x00000000f5580000)
  object space 349696K, 99% used [0x00000000e0000000,0x00000000f557ffe8,0x00000000f5580000)
 Metaspace       used 58956K, committed 60160K, reserved 1105920K
  class space    used 5537K, committed 6016K, reserved 1048576K
}
Event: 536.166 GC heap before
{Heap before GC invocations=289 (full 175):
 PSYoungGen      total 36352K, used 29183K [0x00000000f5580000, 0x00000000f8900000, 0x0000000100000000)
  eden space 29184K, 99% used [0x00000000f5580000,0x00000000f71ffff8,0x00000000f7200000)
  from space 7168K, 0% used [0x00000000f8000000,0x00000000f8000000,0x00000000f8700000)
  to   space 10752K, 0% used [0x00000000f7200000,0x00000000f7200000,0x00000000f7c80000)
 ParOldGen       total 349696K, used 349695K [0x00000000e0000000, 0x00000000f5580000, 0x00000000f5580000)
  object space 349696K, 99% used [0x00000000e0000000,0x00000000f557fff8,0x00000000f5580000)
 Metaspace       used 58956K, committed 60160K, reserved 1105920K
  class space    used 5537K, committed 6016K, reserved 1048576K
}
Event: 538.057 GC heap after
{Heap after GC invocations=289 (full 175):
 PSYoungGen      total 39936K, used 29183K [0x00000000f5580000, 0x00000000f8900000, 0x0000000100000000)
  eden space 29184K, 99% used [0x00000000f5580000,0x00000000f71fffd8,0x00000000f7200000)
  from space 10752K, 0% used [0x00000000f7200000,0x00000000f7200000,0x00000000f7c80000)
  to   space 7168K, 0% used [0x00000000f8000000,0x00000000f8000000,0x00000000f8700000)
 ParOldGen       total 349696K, used 349695K [0x00000000e0000000, 0x00000000f5580000, 0x00000000f5580000)
  object space 349696K, 99% used [0x00000000e0000000,0x00000000f557fc98,0x00000000f5580000)
 Metaspace       used 58956K, committed 60160K, reserved 1105920K
  class space    used 5537K, committed 6016K, reserved 1048576K
}
Event: 538.058 GC heap before
{Heap before GC invocations=290 (full 176):
 PSYoungGen      total 39936K, used 29183K [0x00000000f5580000, 0x00000000f8900000, 0x0000000100000000)
  eden space 29184K, 99% used [0x00000000f5580000,0x00000000f71ffff8,0x00000000f7200000)
  from space 10752K, 0% used [0x00000000f7200000,0x00000000f7200000,0x00000000f7c80000)
  to   space 7168K, 0% used [0x00000000f8000000,0x00000000f8000000,0x00000000f8700000)
 ParOldGen       total 349696K, used 349695K [0x00000000e0000000, 0x00000000f5580000, 0x00000000f5580000)
  object space 349696K, 99% used [0x00000000e0000000,0x00000000f557fc98,0x00000000f5580000)
 Metaspace       used 58956K, committed 60160K, reserved 1105920K
  class space    used 5537K, committed 6016K, reserved 1048576K
}
Event: 540.155 GC heap after
{Heap after GC invocations=290 (full 176):
 PSYoungGen      total 36352K, used 29183K [0x00000000f5580000, 0x00000000f8900000, 0x0000000100000000)
  eden space 29184K, 99% used [0x00000000f5580000,0x00000000f71fffd8,0x00000000f7200000)
  from space 7168K, 0% used [0x00000000f8000000,0x00000000f8000000,0x00000000f8700000)
  to   space 10752K, 0% used [0x00000000f7200000,0x00000000f7200000,0x00000000f7c80000)
 ParOldGen       total 349696K, used 349695K [0x00000000e0000000, 0x00000000f5580000, 0x00000000f5580000)
  object space 349696K, 99% used [0x00000000e0000000,0x00000000f557fc78,0x00000000f5580000)
 Metaspace       used 58956K, committed 60160K, reserved 1105920K
  class space    used 5537K, committed 6016K, reserved 1048576K
}
Event: 540.156 GC heap before
{Heap before GC invocations=291 (full 177):
 PSYoungGen      total 36352K, used 29183K [0x00000000f5580000, 0x00000000f8900000, 0x0000000100000000)
  eden space 29184K, 99% used [0x00000000f5580000,0x00000000f71ffff8,0x00000000f7200000)
  from space 7168K, 0% used [0x00000000f8000000,0x00000000f8000000,0x00000000f8700000)
  to   space 10752K, 0% used [0x00000000f7200000,0x00000000f7200000,0x00000000f7c80000)
 ParOldGen       total 349696K, used 349695K [0x00000000e0000000, 0x00000000f5580000, 0x00000000f5580000)
  object space 349696K, 99% used [0x00000000e0000000,0x00000000f557fc78,0x00000000f5580000)
 Metaspace       used 58956K, committed 60160K, reserved 1105920K
  class space    used 5537K, committed 6016K, reserved 1048576K
}
Event: 542.256 GC heap after
{Heap after GC invocations=291 (full 177):
 PSYoungGen      total 39936K, used 29183K [0x00000000f5580000, 0x00000000f8900000, 0x0000000100000000)
  eden space 29184K, 99% used [0x00000000f5580000,0x00000000f71fffd8,0x00000000f7200000)
  from space 10752K, 0% used [0x00000000f7200000,0x00000000f7200000,0x00000000f7c80000)
  to   space 7168K, 0% used [0x00000000f8000000,0x00000000f8000000,0x00000000f8700000)
 ParOldGen       total 349696K, used 349695K [0x00000000e0000000, 0x00000000f5580000, 0x00000000f5580000)
  object space 349696K, 99% used [0x00000000e0000000,0x00000000f557fc58,0x00000000f5580000)
 Metaspace       used 58956K, committed 60160K, reserved 1105920K
  class space    used 5537K, committed 6016K, reserved 1048576K
}
Event: 542.256 GC heap before
{Heap before GC invocations=292 (full 178):
 PSYoungGen      total 39936K, used 29183K [0x00000000f5580000, 0x00000000f8900000, 0x0000000100000000)
  eden space 29184K, 99% used [0x00000000f5580000,0x00000000f71ffff8,0x00000000f7200000)
  from space 10752K, 0% used [0x00000000f7200000,0x00000000f7200000,0x00000000f7c80000)
  to   space 7168K, 0% used [0x00000000f8000000,0x00000000f8000000,0x00000000f8700000)
 ParOldGen       total 349696K, used 349695K [0x00000000e0000000, 0x00000000f5580000, 0x00000000f5580000)
  object space 349696K, 99% used [0x00000000e0000000,0x00000000f557fdf0,0x00000000f5580000)
 Metaspace       used 58956K, committed 60160K, reserved 1105920K
  class space    used 5537K, committed 6016K, reserved 1048576K
}
Event: 543.956 GC heap after
{Heap after GC invocations=292 (full 178):
 PSYoungGen      total 36352K, used 29183K [0x00000000f5580000, 0x00000000f8900000, 0x0000000100000000)
  eden space 29184K, 99% used [0x00000000f5580000,0x00000000f71fffe0,0x00000000f7200000)
  from space 7168K, 0% used [0x00000000f8000000,0x00000000f8000000,0x00000000f8700000)
  to   space 10752K, 0% used [0x00000000f7200000,0x00000000f7200000,0x00000000f7c80000)
 ParOldGen       total 349696K, used 349695K [0x00000000e0000000, 0x00000000f5580000, 0x00000000f5580000)
  object space 349696K, 99% used [0x00000000e0000000,0x00000000f557fca0,0x00000000f5580000)
 Metaspace       used 58956K, committed 60160K, reserved 1105920K
  class space    used 5537K, committed 6016K, reserved 1048576K
}
Event: 543.956 GC heap before
{Heap before GC invocations=293 (full 179):
 PSYoungGen      total 36352K, used 29183K [0x00000000f5580000, 0x00000000f8900000, 0x0000000100000000)
  eden space 29184K, 99% used [0x00000000f5580000,0x00000000f71fffe0,0x00000000f7200000)
  from space 7168K, 0% used [0x00000000f8000000,0x00000000f8000000,0x00000000f8700000)
  to   space 10752K, 0% used [0x00000000f7200000,0x00000000f7200000,0x00000000f7c80000)
 ParOldGen       total 349696K, used 349695K [0x00000000e0000000, 0x00000000f5580000, 0x00000000f5580000)
  object space 349696K, 99% used [0x00000000e0000000,0x00000000f557fca0,0x00000000f5580000)
 Metaspace       used 58956K, committed 60160K, reserved 1105920K
  class space    used 5537K, committed 6016K, reserved 1048576K
}
Event: 545.800 GC heap after
{Heap after GC invocations=293 (full 179):
 PSYoungGen      total 39936K, used 29183K [0x00000000f5580000, 0x00000000f8900000, 0x0000000100000000)
  eden space 29184K, 99% used [0x00000000f5580000,0x00000000f71fffe0,0x00000000f7200000)
  from space 10752K, 0% used [0x00000000f7200000,0x00000000f7200000,0x00000000f7c80000)
  to   space 7168K, 0% used [0x00000000f8000000,0x00000000f8000000,0x00000000f8700000)
 ParOldGen       total 349696K, used 349695K [0x00000000e0000000, 0x00000000f5580000, 0x00000000f5580000)
  object space 349696K, 99% used [0x00000000e0000000,0x00000000f557fca0,0x00000000f5580000)
 Metaspace       used 58956K, committed 60160K, reserved 1105920K
  class space    used 5537K, committed 6016K, reserved 1048576K
}

Dll operation events (9 events):
Event: 0.008 Loaded shared library /nix/store/gpxl5qgg8kicmcvivwmybwjlpf7wh20l-graalvm17-ce-22.3.0/lib/libjava.so
Event: 0.132 Loaded shared library /nix/store/gpxl5qgg8kicmcvivwmybwjlpf7wh20l-graalvm17-ce-22.3.0/lib/libjsvml.so
Event: 1.756 Loaded shared library /nix/store/gpxl5qgg8kicmcvivwmybwjlpf7wh20l-graalvm17-ce-22.3.0/lib/libnio.so
Event: 1.786 Loaded shared library /nix/store/gpxl5qgg8kicmcvivwmybwjlpf7wh20l-graalvm17-ce-22.3.0/lib/libzip.so
Event: 1.947 Loaded shared library /nix/store/gpxl5qgg8kicmcvivwmybwjlpf7wh20l-graalvm17-ce-22.3.0/lib/libjvmcicompiler.so
Event: 4.582 Loaded shared library /nix/store/gpxl5qgg8kicmcvivwmybwjlpf7wh20l-graalvm17-ce-22.3.0/lib/libjimage.so
Event: 7.943 Loaded shared library /nix/store/gpxl5qgg8kicmcvivwmybwjlpf7wh20l-graalvm17-ce-22.3.0/lib/libnet.so
Event: 26.486 Loaded shared library /home/runner/.cache/jdt-language-server/config/org.eclipse.equinox.launcher/org.eclipse.equinox.launcher.gtk.linux.x86_64_1.2.400.v20211117-0650/eclipse_11600.so
Event: 70.473 Loaded shared library /nix/store/gpxl5qgg8kicmcvivwmybwjlpf7wh20l-graalvm17-ce-22.3.0/lib/libextnet.so

Deoptimization events (20 events):
Event: 194.954 Thread 0x00007fbf8c47fa90 DEOPT PACKING pc=0x00007fbfe09440dd sp=0x00007fbfdc0fe530
Event: 194.954 Thread 0x00007fbf8c47fa90 DEOPT UNPACKING pc=0x00007fbfdf505325 sp=0x00007fbfdc0fda20 mode 0
Event: 194.972 Thread 0x00007fbf8c47fa90 DEOPT PACKING pc=0x00007fbfe09440dd sp=0x00007fbfdc0fe530
Event: 194.972 Thread 0x00007fbf8c47fa90 DEOPT UNPACKING pc=0x00007fbfdf505325 sp=0x00007fbfdc0fda20 mode 0
Event: 491.607 Thread 0x00007fbf800010d0 Uncommon trap: trap_request=0xffffff8f fr.pc=0x00007fbfe7072f92 relative=0x00000000000000f2
Event: 491.607 Thread 0x00007fbf800010d0 Uncommon trap: reason=constraint action=none pc=0x00007fbfe7072f92 method=java.util.Collections$UnmodifiableCollection$1.<init>(Ljava/util/Collections$UnmodifiableCollection;)V @ 22 jvmci
Event: 493.497 Thread 0x00007fbf800010d0 DEOPT PACKING pc=0x00007fbfe7072f92 sp=0x00007fbfdc5fde30
Event: 493.497 Thread 0x00007fbf800010d0 DEOPT UNPACKING pc=0x00007fbfdf505325 sp=0x00007fbfdc5fd250 mode 3
Event: 497.512 Thread 0x00007fbff83bcc10 Uncommon trap: trap_request=0xffffff8f fr.pc=0x00007fbfe6fade55 relative=0x0000000000000435
Event: 497.512 Thread 0x00007fbff83bcc10 Uncommon trap: reason=constraint action=none pc=0x00007fbfe6fade55 method=java.lang.StringBuilder.append(Ljava/lang/String;)Ljava/lang/StringBuilder; @ 0 jvmci
Event: 497.512 Thread 0x00007fbff83bcc10 DEOPT PACKING pc=0x00007fbfe6fade55 sp=0x00007fbfddffe7f0
Event: 497.512 Thread 0x00007fbff83bcc10 DEOPT UNPACKING pc=0x00007fbfdf505325 sp=0x00007fbfddffdcc8 mode 3
Event: 501.557 Thread 0x00007fbff83bcc10 Uncommon trap: trap_request=0xffffff8f fr.pc=0x00007fbfe6fb52ed relative=0x000000000000044d
Event: 501.557 Thread 0x00007fbff83bcc10 Uncommon trap: reason=constraint action=none pc=0x00007fbfe6fb52ed method=java.lang.AbstractStringBuilder.append(Ljava/lang/String;)Ljava/lang/AbstractStringBuilder; @ 0 jvmci
Event: 501.557 Thread 0x00007fbff83bcc10 DEOPT PACKING pc=0x00007fbfe6fb52ed sp=0x00007fbfddffe780
Event: 501.557 Thread 0x00007fbff83bcc10 DEOPT UNPACKING pc=0x00007fbfdf505325 sp=0x00007fbfddffdc50 mode 3
Event: 532.300 Thread 0x00007fbf8c47fa90 Uncommon trap: trap_request=0xffffff8f fr.pc=0x00007fbfe7270394 relative=0x0000000000000274
Event: 532.300 Thread 0x00007fbf8c47fa90 Uncommon trap: reason=constraint action=none pc=0x00007fbfe7270394 method=org.eclipse.jdt.internal.core.index.DiskIndex$IntList.add(I)V @ 0 jvmci
Event: 536.165 Thread 0x00007fbf8c47fa90 DEOPT PACKING pc=0x00007fbfe7270394 sp=0x00007fbfdc0fe500
Event: 536.165 Thread 0x00007fbf8c47fa90 DEOPT UNPACKING pc=0x00007fbfdf505325 sp=0x00007fbfdc0fd9a0 mode 3

Classes unloaded (20 events):
Event: 208.691 Thread 0x00007fbff80a1640 Unloading class 0x00000008010f2400 'jdk/internal/reflect/GeneratedSerializationConstructorAccessor4'
Event: 208.691 Thread 0x00007fbff80a1640 Unloading class 0x00000008010e4c00 'jdk/internal/reflect/GeneratedMethodAccessor10'
Event: 208.691 Thread 0x00007fbff80a1640 Unloading class 0x00000008010e4800 'jdk/internal/reflect/GeneratedMethodAccessor9'
Event: 208.691 Thread 0x00007fbff80a1640 Unloading class 0x00000008010e4400 'jdk/internal/reflect/GeneratedMethodAccessor8'
Event: 208.691 Thread 0x00007fbff80a1640 Unloading class 0x00000008010e4000 'jdk/internal/reflect/GeneratedMethodAccessor7'
Event: 208.691 Thread 0x00007fbff80a1640 Unloading class 0x00000008010c3000 'jdk/internal/reflect/GeneratedSerializationConstructorAccessor3'
Event: 208.691 Thread 0x00007fbff80a1640 Unloading class 0x0000000801092400 'jdk/internal/reflect/GeneratedSerializationConstructorAccessor2'
Event: 208.691 Thread 0x00007fbff80a1640 Unloading class 0x0000000801092000 'jdk/internal/reflect/GeneratedSerializationConstructorAccessor1'
Event: 208.691 Thread 0x00007fbff80a1640 Unloading class 0x0000000801085400 'java/lang/invoke/LambdaForm$MH+0x0000000801085400'
Event: 208.691 Thread 0x00007fbff80a1640 Unloading class 0x0000000801085000 'java/lang/invoke/LambdaForm$MH+0x0000000801085000'
Event: 208.691 Thread 0x00007fbff80a1640 Unloading class 0x0000000801084c00 'java/lang/invoke/LambdaForm$MH+0x0000000801084c00'
Event: 208.691 Thread 0x00007fbff80a1640 Unloading class 0x0000000801084800 'java/lang/invoke/LambdaForm$MH+0x0000000801084800'
Event: 208.691 Thread 0x00007fbff80a1640 Unloading class 0x0000000801084400 'java/lang/invoke/LambdaForm$MH+0x0000000801084400'
Event: 208.691 Thread 0x00007fbff80a1640 Unloading class 0x0000000801084000 'java/lang/invoke/LambdaForm$MH+0x0000000801084000'
Event: 208.691 Thread 0x00007fbff80a1640 Unloading class 0x0000000800f1c800 'jdk/internal/reflect/GeneratedConstructorAccessor14'
Event: 208.691 Thread 0x00007fbff80a1640 Unloading class 0x0000000800f10800 'jdk/internal/reflect/GeneratedConstructorAccessor12'
Event: 208.691 Thread 0x00007fbff80a1640 Unloading class 0x0000000800f10400 'jdk/internal/reflect/GeneratedConstructorAccessor11'
Event: 208.691 Thread 0x00007fbff80a1640 Unloading class 0x0000000800f10000 'jdk/internal/reflect/GeneratedConstructorAccessor10'
Event: 208.691 Thread 0x00007fbff80a1640 Unloading class 0x0000000800d98400 'java/lang/invoke/LambdaForm$MH+0x0000000800d98400'
Event: 208.691 Thread 0x00007fbff80a1640 Unloading class 0x0000000800d04000 'java/lang/invoke/LambdaForm$MH+0x0000000800d04000'

Classes redefined (0 events):
No events

Internal exceptions (20 events):
Event: 115.762 Thread 0x00007fbf8c305060 Exception <a 'java/lang/NoSuchMethodError'{0x00000000f58a2038}: 'java.lang.Object java.lang.invoke.DirectMethodHandle$Holder.newInvokeSpecial(java.lang.Object, java.lang.Object, java.lang.Object, int, java.lang.Object)'> (0x00000000f58a2038) 
thrown [src/hotspot/share/interpreter/linkResolver.cpp, line 758]
Event: 115.762 Thread 0x00007fbf8c305060 Exception <a 'java/lang/NoSuchMethodError'{0x00000000f58a6428}: 'java.lang.Object java.lang.invoke.DirectMethodHandle$Holder.invokeSpecial(java.lang.Object, java.lang.Object, java.lang.Object, java.lang.Object, int, java.lang.Object)'> (0x00000000f58a6428) 
thrown [src/hotspot/share/interpreter/linkResolver.cpp, line 758]
Event: 115.767 Thread 0x00007fbf8c305060 Exception <a 'java/lang/NoSuchMethodError'{0x00000000f58a9f10}: 'java.lang.Object java.lang.invoke.Invokers$Holder.linkToTargetMethod(java.lang.Object, java.lang.Object, int, java.lang.Object, java.lang.Object)'> (0x00000000f58a9f10) 
thrown [src/hotspot/share/interpreter/linkResolver.cpp, line 758]
Event: 116.866 Thread 0x00007fbf68000ff0 Implicit null exception at 0x00007fbfe70f55a2 to 0x00007fbfe70f592c
Event: 117.888 Thread 0x00007fbf68000ff0 Implicit null exception at 0x00007fbfe70d86e9 to 0x00007fbfe70d889b
Event: 141.558 Thread 0x00007fbf6c001130 Exception <a 'java/lang/NoSuchMethodError'{0x00000000f5df5f98}: 'java.lang.Object java.lang.invoke.DirectMethodHandle$Holder.invokeStatic(java.lang.Object, java.lang.Object, int, java.lang.Object)'> (0x00000000f5df5f98) 
thrown [src/hotspot/share/interpreter/linkResolver.cpp, line 758]
Event: 141.561 Thread 0x00007fbf6c001130 Exception <a 'java/lang/NoSuchMethodError'{0x00000000f5e1be50}: 'java.lang.Object java.lang.invoke.DirectMethodHandle$Holder.newInvokeSpecial(java.lang.Object, java.lang.Object, int)'> (0x00000000f5e1be50) 
thrown [src/hotspot/share/interpreter/linkResolver.cpp, line 758]
Event: 467.484 Thread 0x00007fbff83bcc10 Exception <a 'java/lang/OutOfMemoryError'{0x00000000e0011790}> (0x00000000e0011790) 
thrown [src/hotspot/share/gc/shared/memAllocator.cpp, line 136]
Event: 483.773 Thread 0x00007fbf800010d0 Exception <a 'java/lang/OutOfMemoryError'{0x00000000e0011a60}> (0x00000000e0011a60) 
thrown [src/hotspot/share/gc/shared/memAllocator.cpp, line 136]
Event: 491.607 Thread 0x00007fbf800010d0 Exception <a 'java/lang/OutOfMemoryError'{0x00000000e0011d30}> (0x00000000e0011d30) 
thrown [src/hotspot/share/gc/shared/memAllocator.cpp, line 138]
Event: 491.607 Thread 0x00007fbf800010d0 Implicit null exception at 0x00007fbfe7072f73 to 0x00007fbfe7072f77
Event: 497.512 Thread 0x00007fbff83bcc10 Exception <a 'java/lang/OutOfMemoryError'{0x00000000e0011d30}> (0x00000000e0011d30) 
thrown [src/hotspot/share/gc/shared/memAllocator.cpp, line 138]
Event: 497.512 Thread 0x00007fbff83bcc10 Implicit null exception at 0x00007fbfe6fadcf8 to 0x00007fbfe6fade3a
Event: 501.557 Thread 0x00007fbff83bcc10 Exception <a 'java/lang/OutOfMemoryError'{0x00000000e0011d30}> (0x00000000e0011d30) 
thrown [src/hotspot/share/gc/shared/memAllocator.cpp, line 138]
Event: 501.557 Thread 0x00007fbff83bcc10 Implicit null exception at 0x00007fbfe6fb5187 to 0x00007fbfe6fb52d2
Event: 511.601 Thread 0x00007fbff83bcc10 Exception <a 'java/lang/OutOfMemoryError'{0x00000000e0012050}> (0x00000000e0012050) 
thrown [src/hotspot/share/gc/shared/memAllocator.cpp, line 136]
Event: 532.300 Thread 0x00007fbf8c47fa90 Exception <a 'java/lang/OutOfMemoryError'{0x00000000e0011a60}> (0x00000000e0011a60) 
thrown [src/hotspot/share/gc/shared/memAllocator.cpp, line 138]
Event: 532.300 Thread 0x00007fbf8c47fa90 Implicit null exception at 0x00007fbfe72702ed to 0x00007fbfe7270379
Event: 536.166 Thread 0x00007fbf800010d0 Exception <a 'java/lang/OutOfMemoryError'{0x00000000e0011d80}> (0x00000000e0011d80) 
thrown [src/hotspot/share/gc/shared/memAllocator.cpp, line 136]
Event: 545.800 Thread 0x00007fbff80b1c40 Exception <a 'java/lang/OutOfMemoryError'{0x00000000e0011ab0}> (0x00000000e0011ab0) 
thrown [src/hotspot/share/gc/shared/memAllocator.cpp, line 136]

VM Operations (20 events):
Event: 523.093 Executing VM operation: ParallelGCFailedAllocation done
Event: 523.153 Executing VM operation: ParallelGCFailedAllocation
Event: 524.805 Executing VM operation: ParallelGCFailedAllocation done
Event: 524.805 Executing VM operation: ParallelGCFailedAllocation
Event: 526.754 Executing VM operation: ParallelGCFailedAllocation done
Event: 526.755 Executing VM operation: ParallelGCFailedAllocation
Event: 528.274 Executing VM operation: ParallelGCFailedAllocation done
Event: 528.274 Executing VM operation: ParallelGCFailedAllocation
Event: 532.300 Executing VM operation: ParallelGCFailedAllocation done
Event: 532.300 Executing VM operation: ParallelGCFailedAllocation
Event: 536.165 Executing VM operation: ParallelGCFailedAllocation done
Event: 536.166 Executing VM operation: ParallelGCFailedAllocation
Event: 538.057 Executing VM operation: ParallelGCFailedAllocation done
Event: 538.057 Executing VM operation: ParallelGCFailedAllocation
Event: 540.155 Executing VM operation: ParallelGCFailedAllocation done
Event: 540.155 Executing VM operation: ParallelGCFailedAllocation
Event: 542.256 Executing VM operation: ParallelGCFailedAllocation done
Event: 542.256 Executing VM operation: ParallelGCFailedAllocation
Event: 545.800 Executing VM operation: ParallelGCFailedAllocation done
Event: 545.801 Executing VM operation: ParallelGCFailedAllocation

Events (20 events):
Event: 176.062 Thread 0x00007fbff80b45a0 flushing nmethod 0x00007fbfe0c85f10
Event: 176.062 Thread 0x00007fbff80b45a0 flushing nmethod 0x00007fbfe0c86790
Event: 176.062 Thread 0x00007fbff80b45a0 flushing nmethod 0x00007fbfe0c86c90
Event: 176.062 Thread 0x00007fbff80b45a0 flushing nmethod 0x00007fbfe0c89b10
Event: 176.062 Thread 0x00007fbff80b45a0 flushing nmethod 0x00007fbfe0c8c810
Event: 176.062 Thread 0x00007fbff80b45a0 flushing nmethod 0x00007fbfe0c9b910
Event: 176.062 Thread 0x00007fbff80b45a0 flushing nmethod 0x00007fbfe0ca7990
Event: 176.062 Thread 0x00007fbff80b45a0 flushing nmethod 0x00007fbfe0ca7d90
Event: 176.062 Thread 0x00007fbff80b45a0 flushing nmethod 0x00007fbfe0cadf10
Event: 176.063 Thread 0x00007fbff80b45a0 flushing nmethod 0x00007fbfe0cb5090
Event: 176.063 Thread 0x00007fbff80b45a0 flushing nmethod 0x00007fbfe0cb5e10
Event: 176.063 Thread 0x00007fbff80b45a0 flushing nmethod 0x00007fbfe0cfb590
Event: 176.067 Thread 0x00007fbff80b45a0 flushing nmethod 0x00007fbfe0e65610
Event: 176.067 Thread 0x00007fbff80b45a0 flushing nmethod 0x00007fbfe0e7a590
Event: 176.073 Thread 0x00007fbff80b45a0 flushing nmethod 0x00007fbfe0f5ca10
Event: 204.882 Thread 0x00007fbf8c305060 Thread exited: 0x00007fbf8c305060
Event: 228.783 Thread 0x00007fbf6c001130 Thread exited: 0x00007fbf6c001130
Event: 475.756 Thread 0x00007fbf70000ff0 Thread added: 0x00007fbf70000ff0
Event: 475.756 Protecting memory [0x00007fbfddb00000,0x00007fbfddb04000] with protection modes 0
Event: 511.601 Thread 0x00007fbff83bcc10 Thread exited: 0x00007fbff83bcc10


Dynamic libraries:
e0000000-f3700000 rw-p 00000000 00:00 0 
f3700000-f8900000 rw-p 00000000 00:00 0 
f8900000-100000000 ---p 00000000 00:00 0 
800000000-800449000 rw-p 00001000 00:443 4611686019135357769             /nix/store/gpxl5qgg8kicmcvivwmybwjlpf7wh20l-graalvm17-ce-22.3.0/lib/server/classes.jsa
800449000-800bc8000 r--p 0044a000 00:443 4611686019135357769             /nix/store/gpxl5qgg8kicmcvivwmybwjlpf7wh20l-graalvm17-ce-22.3.0/lib/server/classes.jsa
800bc8000-800c00000 ---p 00000000 00:00 0 
800c00000-800c10000 rw-p 00000000 00:00 0 
800c10000-800c30000 rw-p 00000000 00:00 0 
800c30000-800cb0000 rw-p 00000000 00:00 0 
800cb0000-800cf0000 rw-p 00000000 00:00 0 
800cf0000-800db0000 rw-p 00000000 00:00 0 
800db0000-800df0000 rw-p 00000000 00:00 0 
800df0000-800f30000 rw-p 00000000 00:00 0 
800f30000-800f70000 rw-p 00000000 00:00 0 
800f70000-800fb0000 rw-p 00000000 00:00 0 
800fb0000-800ff0000 rw-p 00000000 00:00 0 
800ff0000-8011d0000 rw-p 00000000 00:00 0 
8011d0000-801200000 ---p 00000000 00:00 0 
801200000-801210000 rw-p 00000000 00:00 0 
801210000-840c00000 ---p 00000000 00:00 0 
562dfd84f000-562dfd850000 r-xp 00000000 00:443 4611686019099417844       /nix/store/gpxl5qgg8kicmcvivwmybwjlpf7wh20l-graalvm17-ce-22.3.0/bin/.java-wrapped
562dfd851000-562dfd852000 r--p 00001000 00:443 4611686019099417844       /nix/store/gpxl5qgg8kicmcvivwmybwjlpf7wh20l-graalvm17-ce-22.3.0/bin/.java-wrapped
562dfd852000-562dfd853000 rw-p 00002000 00:443 4611686019099417844       /nix/store/gpxl5qgg8kicmcvivwmybwjlpf7wh20l-graalvm17-ce-22.3.0/bin/.java-wrapped
562dfd853000-562dfd854000 rw-p 00004000 00:443 4611686019099417844       /nix/store/gpxl5qgg8kicmcvivwmybwjlpf7wh20l-graalvm17-ce-22.3.0/bin/.java-wrapped
562dfd854000-562dfd855000 rw-p 00005000 00:443 4611686019099417844       /nix/store/gpxl5qgg8kicmcvivwmybwjlpf7wh20l-graalvm17-ce-22.3.0/bin/.java-wrapped
562dff339000-562dff381000 rw-p 00000000 00:00 0                          [heap]
7fbf524b3000-7fbf5c000000 r--s 00000000 00:443 4611686019135192581       /nix/store/gpxl5qgg8kicmcvivwmybwjlpf7wh20l-graalvm17-ce-22.3.0/lib/modules
7fbf5c000000-7fbf5c5d7000 rw-p 00000000 00:00 0 
7fbf5c5d7000-7fbf60000000 ---p 00000000 00:00 0 
7fbf61c00000-7fbf62110000 rw-p 00000000 00:00 0 
7fbf62110000-7fbf62400000 ---p 00000000 00:00 0 
7fbf63000000-7fbf633b0000 rw-p 00000000 00:00 0 
7fbf633b0000-7fbf63570000 rw-p 00000000 00:00 0 
7fbf63570000-7fbf635d0000 rw-p 00000000 00:00 0 
7fbf635d0000-7fbf63600000 ---p 00000000 00:00 0 
7fbf63600000-7fbf637f0000 rw-p 00000000 00:00 0 
7fbf637f0000-7fbf63cf0000 rw-p 00000000 00:00 0 
7fbf63cf0000-7fbf63df0000 rw-p 00000000 00:00 0 
7fbf63df0000-7fbf64000000 rw-p 00000000 00:00 0 
7fbf64000000-7fbf64151000 rw-p 00000000 00:00 0 
7fbf64151000-7fbf68000000 ---p 00000000 00:00 0 
7fbf68000000-7fbf68021000 rw-p 00000000 00:00 0 
7fbf68021000-7fbf6c000000 ---p 00000000 00:00 0 
7fbf6c000000-7fbf6c13f000 rw-p 00000000 00:00 0 
7fbf6c13f000-7fbf70000000 ---p 00000000 00:00 0 
7fbf70000000-7fbf70021000 rw-p 00000000 00:00 0 
7fbf70021000-7fbf74000000 ---p 00000000 00:00 0 
7fbf74000000-7fbf740b8000 rw-p 00000000 00:00 0 
7fbf740b8000-7fbf78000000 ---p 00000000 00:00 0 
7fbf78000000-7fbf78021000 rw-p 00000000 00:00 0 
7fbf78021000-7fbf7c000000 ---p 00000000 00:00 0 
7fbf7c000000-7fbf7c021000 rw-p 00000000 00:00 0 
7fbf7c021000-7fbf80000000 ---p 00000000 00:00 0 
7fbf80000000-7fbf80310000 rw-p 00000000 00:00 0 
7fbf80310000-7fbf84000000 ---p 00000000 00:00 0 
7fbf84000000-7fbf84021000 rw-p 00000000 00:00 0 
7fbf84021000-7fbf88000000 ---p 00000000 00:00 0 
7fbf88000000-7fbf8804c000 rw-p 00000000 00:00 0 
7fbf8804c000-7fbf8c000000 ---p 00000000 00:00 0 
7fbf8c000000-7fbf8c8c8000 rw-p 00000000 00:00 0 
7fbf8c8c8000-7fbf90000000 ---p 00000000 00:00 0 
7fbf90000000-7fbf90025000 rw-p 00000000 00:00 0 
7fbf90025000-7fbf94000000 ---p 00000000 00:00 0 
7fbf94000000-7fbf94021000 rw-p 00000000 00:00 0 
7fbf94021000-7fbf98000000 ---p 00000000 00:00 0 
7fbf98000000-7fbf98021000 rw-p 00000000 00:00 0 
7fbf98021000-7fbf9c000000 ---p 00000000 00:00 0 
7fbf9c000000-7fbf9c021000 rw-p 00000000 00:00 0 
7fbf9c021000-7fbfa0000000 ---p 00000000 00:00 0 
7fbfa0800000-7fbfa08f0000 rw-p 00000000 00:00 0 
7fbfa08f0000-7fbfa09f0000 rw-p 00000000 00:00 0 
7fbfa09f0000-7fbfa0af0000 rw-p 00000000 00:00 0 
7fbfa0af0000-7fbfa0cf0000 rw-p 00000000 00:00 0 
7fbfa0cf0000-7fbfa0db0000 rw-p 00000000 00:00 0 
7fbfa0db0000-7fbfa0ef0000 rw-p 00000000 00:00 0 
7fbfa0ef0000-7fbfa0ff0000 rw-p 00000000 00:00 0 
7fbfa0ff0000-7fbfa1000000 rw-p 00000000 00:00 0 
7fbfa1400000-7fbfa14f0000 rw-p 00000000 00:00 0 
7fbfa14f0000-7fbfa15f0000 rw-p 00000000 00:00 0 
7fbfa15f0000-7fbfa1bf0000 rw-p 00000000 00:00 0 
7fbfa1bf0000-7fbfa1cf0000 rw-p 00000000 00:00 0 
7fbfa1cf0000-7fbfa1df0000 rw-p 00000000 00:00 0 
7fbfa1df0000-7fbfa20f0000 rw-p 00000000 00:00 0 
7fbfa20f0000-7fbfa21f0000 rw-p 00000000 00:00 0 
7fbfa21f0000-7fbfa23f0000 rw-p 00000000 00:00 0 
7fbfa23f0000-7fbfa2400000 rw-p 00000000 00:00 0 
7fbfa2800000-7fbfa2810000 r-xp 00000000 00:38 368                        /home/runner/.cache/jdt-language-server/config/org.eclipse.equinox.launcher/org.eclipse.equinox.launcher.gtk.linux.x86_64_1.2.400.v20211117-0650/eclipse_11600.so
7fbfa2810000-7fbfa2a0f000 ---p 00010000 00:38 368                        /home/runner/.cache/jdt-language-server/config/org.eclipse.equinox.launcher/org.eclipse.equinox.launcher.gtk.linux.x86_64_1.2.400.v20211117-0650/eclipse_11600.so
7fbfa2a0f000-7fbfa2a10000 r--p 0000f000 00:38 368                        /home/runner/.cache/jdt-language-server/config/org.eclipse.equinox.launcher/org.eclipse.equinox.launcher.gtk.linux.x86_64_1.2.400.v20211117-0650/eclipse_11600.so
7fbfa2a10000-7fbfa2a11000 rw-p 00010000 00:38 368                        /home/runner/.cache/jdt-language-server/config/org.eclipse.equinox.launcher/org.eclipse.equinox.launcher.gtk.linux.x86_64_1.2.400.v20211117-0650/eclipse_11600.so
7fbfa4700000-7fbfa4800000 ---p 00000000 00:00 0 
7fbfa4800000-7fbfa4daf000 r--p 01122000 00:443 4611686019135190040       /nix/store/gpxl5qgg8kicmcvivwmybwjlpf7wh20l-graalvm17-ce-22.3.0/lib/libjvmcicompiler.so
7fbfa4daf000-7fbfa4f00000 r--p 00000000 00:00 0 
7fbfa4f00000-7fbfa4f3d000 rw-p 00000000 00:00 0 
7fbfa4f3d000-7fbfa545d000 rw-p 0185f000 00:443 4611686019135190040       /nix/store/gpxl5qgg8kicmcvivwmybwjlpf7wh20l-graalvm17-ce-22.3.0/lib/libjvmcicompiler.so
7fbfa545d000-7fbfa5844000 r--p 01d7f000 00:443 4611686019135190040       /nix/store/gpxl5qgg8kicmcvivwmybwjlpf7wh20l-graalvm17-ce-22.3.0/lib/libjvmcicompiler.so
7fbfa5900000-7fbfa5904000 ---p 00000000 00:00 0 
7fbfa5904000-7fbfa5a00000 rw-p 00000000 00:00 0 
7fbfa5b00000-7fbfa5b04000 ---p 00000000 00:00 0 
7fbfa5b04000-7fbfa5c00000 rw-p 00000000 00:00 0 
7fbfa5c00000-7fbfa7d6a000 r-xp 00000000 00:443 4611686019135190040       /nix/store/gpxl5qgg8kicmcvivwmybwjlpf7wh20l-graalvm17-ce-22.3.0/lib/libjvmcicompiler.so
7fbfa7d6a000-7fbfa7f69000 ---p 0216a000 00:443 4611686019135190040       /nix/store/gpxl5qgg8kicmcvivwmybwjlpf7wh20l-graalvm17-ce-22.3.0/lib/libjvmcicompiler.so
7fbfa7f69000-7fbfa7f6a000 r--p 02169000 00:443 4611686019135190040       /nix/store/gpxl5qgg8kicmcvivwmybwjlpf7wh20l-graalvm17-ce-22.3.0/lib/libjvmcicompiler.so
7fbfa7f6a000-7fbfa7f6c000 rw-p 0216a000 00:443 4611686019135190040       /nix/store/gpxl5qgg8kicmcvivwmybwjlpf7wh20l-graalvm17-ce-22.3.0/lib/libjvmcicompiler.so
7fbfa7f6c000-7fbfa7f6d000 rw-p 00000000 00:00 0 
7fbfa7f6d000-7fbfa7f72000 rw-p 023c3000 00:443 4611686019135190040       /nix/store/gpxl5qgg8kicmcvivwmybwjlpf7wh20l-graalvm17-ce-22.3.0/lib/libjvmcicompiler.so
7fbfa8000000-7fbfa8021000 rw-p 00000000 00:00 0 
7fbfa8021000-7fbfac000000 ---p 00000000 00:00 0 
7fbfac000000-7fbfac021000 rw-p 00000000 00:00 0 
7fbfac021000-7fbfb0000000 ---p 00000000 00:00 0 
7fbfb0000000-7fbfb0021000 rw-p 00000000 00:00 0 
7fbfb0021000-7fbfb4000000 ---p 00000000 00:00 0 
7fbfb4000000-7fbfb4021000 rw-p 00000000 00:00 0 
7fbfb4021000-7fbfb8000000 ---p 00000000 00:00 0 
7fbfb8000000-7fbfb80d4000 rw-p 00000000 00:00 0 
7fbfb80d4000-7fbfbc000000 ---p 00000000 00:00 0 
7fbfbc000000-7fbfbcc7b000 rw-p 00000000 00:00 0 
7fbfbcc7b000-7fbfc0000000 ---p 00000000 00:00 0 
7fbfc0000000-7fbfc0021000 rw-p 00000000 00:00 0 
7fbfc0021000-7fbfc4000000 ---p 00000000 00:00 0 
7fbfc4000000-7fbfc4021000 rw-p 00000000 00:00 0 
7fbfc4021000-7fbfc8000000 ---p 00000000 00:00 0 
7fbfc8000000-7fbfc8021000 rw-p 00000000 00:00 0 
7fbfc8021000-7fbfcc000000 ---p 00000000 00:00 0 
7fbfcc000000-7fbfcc021000 rw-p 00000000 00:00 0 
7fbfcc021000-7fbfd0000000 ---p 00000000 00:00 0 
7fbfd0000000-7fbfd0021000 rw-p 00000000 00:00 0 
7fbfd0021000-7fbfd4000000 ---p 00000000 00:00 0 
7fbfd4000000-7fbfd4021000 rw-p 00000000 00:00 0 
7fbfd4021000-7fbfd8000000 ---p 00000000 00:00 0 
7fbfd8000000-7fbfd803b000 rw-p 00000000 00:00 0 
7fbfd803b000-7fbfdc000000 ---p 00000000 00:00 0 
7fbfdc000000-7fbfdc004000 ---p 00000000 00:00 0 
7fbfdc004000-7fbfdc100000 rw-p 00000000 00:00 0 
7fbfdc100000-7fbfdc104000 ---p 00000000 00:00 0 
7fbfdc104000-7fbfdc200000 rw-p 00000000 00:00 0 
7fbfdc300000-7fbfdc304000 ---p 00000000 00:00 0 
7fbfdc304000-7fbfdc400000 rw-p 00000000 00:00 0 
7fbfdc500000-7fbfdc504000 ---p 00000000 00:00 0 
7fbfdc504000-7fbfdc600000 rw-p 00000000 00:00 0 
7fbfdc700000-7fbfdc704000 ---p 00000000 00:00 0 
7fbfdc704000-7fbfdc800000 rw-p 00000000 00:00 0 
7fbfdc900000-7fbfdc904000 ---p 00000000 00:00 0 
7fbfdc904000-7fbfdca00000 rw-p 00000000 00:00 0 
7fbfdcb00000-7fbfdcb04000 ---p 00000000 00:00 0 
7fbfdcb04000-7fbfdcc00000 rw-p 00000000 00:00 0 
7fbfdcd00000-7fbfdcd04000 ---p 00000000 00:00 0 
7fbfdcd04000-7fbfdce00000 rw-p 00000000 00:00 0 
7fbfdcf00000-7fbfdcf04000 ---p 00000000 00:00 0 
7fbfdcf04000-7fbfdd000000 rw-p 00000000 00:00 0 
7fbfdd2a9000-7fbfdd600000 rw-p 00000000 00:00 0 
7fbfdd700000-7fbfdd704000 ---p 00000000 00:00 0 
7fbfdd704000-7fbfdd800000 rw-p 00000000 00:00 0 
7fbfdd900000-7fbfdd904000 ---p 00000000 00:00 0 
7fbfdd904000-7fbfdda00000 rw-p 00000000 00:00 0 
7fbfddb00000-7fbfddb04000 ---p 00000000 00:00 0 
7fbfddb04000-7fbfddc00000 rw-p 00000000 00:00 0 
7fbfddd00000-7fbfddd04000 ---p 00000000 00:00 0 
7fbfddd04000-7fbfdde00000 rw-p 00000000 00:00 0 
7fbfddf00000-7fbfddf04000 ---p 00000000 00:00 0 
7fbfddf04000-7fbfde000000 rw-p 00000000 00:00 0 
7fbfde0bd000-7fbfde1fe000 rw-p 00000000 00:00 0 
7fbfde1fe000-7fbfde1ff000 ---p 00000000 00:00 0 
7fbfde1ff000-7fbfde300000 rw-p 00000000 00:00 0 
7fbfde300000-7fbfde304000 ---p 00000000 00:00 0 
7fbfde304000-7fbfde400000 rw-p 00000000 00:00 0 
7fbfde400000-7fbfde404000 ---p 00000000 00:00 0 
7fbfde404000-7fbfde500000 rw-p 00000000 00:00 0 
7fbfde500000-7fbfde504000 ---p 00000000 00:00 0 
7fbfde504000-7fbfde600000 rw-p 00000000 00:00 0 
7fbfde600000-7fbfde604000 ---p 00000000 00:00 0 
7fbfde604000-7fbfde800000 rw-p 00000000 00:00 0 
7fbfde800000-7fbfde804000 ---p 00000000 00:00 0 
7fbfde804000-7fbfdea00000 rw-p 00000000 00:00 0 
7fbfdea00000-7fbfdea04000 ---p 00000000 00:00 0 
7fbfdea04000-7fbfdeb00000 rw-p 00000000 00:00 0 
7fbfdeb00000-7fbfdeb04000 ---p 00000000 00:00 0 
7fbfdeb04000-7fbfdeff0000 rw-p 00000000 00:00 0 
7fbfdeff0000-7fbfdf1d0000 rw-p 00000000 00:00 0 
7fbfdf1d0000-7fbfdf1f0000 rw-p 00000000 00:00 0 
7fbfdf1f0000-7fbfdf2f0000 rw-p 00000000 00:00 0 
7fbfdf2f0000-7fbfdf400000 rw-p 00000000 00:00 0 
7fbfdf4b3000-7fbfdf723000 rwxp 00000000 00:00 0 
7fbfdf723000-7fbfdfa42000 ---p 00000000 00:00 0 
7fbfdfa42000-7fbfe0f72000 rwxp 00000000 00:00 0 
7fbfe0f72000-7fbfe6f7a000 ---p 00000000 00:00 0 
7fbfe6f7a000-7fbfe728a000 rwxp 00000000 00:00 0 
7fbfe728a000-7fbfee4b3000 ---p 00000000 00:00 0 
7fbfee4b3000-7fbff8000000 r--s 00000000 00:443 4611686019135192581       /nix/store/gpxl5qgg8kicmcvivwmybwjlpf7wh20l-graalvm17-ce-22.3.0/lib/modules
7fbff8000000-7fbff8604000 rw-p 00000000 00:00 0 
7fbff8604000-7fbffc000000 ---p 00000000 00:00 0 
7fbffc052000-7fbffc054000 r-xp 00000000 00:443 4611686019135190017       /nix/store/gpxl5qgg8kicmcvivwmybwjlpf7wh20l-graalvm17-ce-22.3.0/lib/libextnet.so
7fbffc054000-7fbffc055000 r--p 00001000 00:443 4611686019135190017       /nix/store/gpxl5qgg8kicmcvivwmybwjlpf7wh20l-graalvm17-ce-22.3.0/lib/libextnet.so
7fbffc055000-7fbffc056000 rw-p 00002000 00:443 4611686019135190017       /nix/store/gpxl5qgg8kicmcvivwmybwjlpf7wh20l-graalvm17-ce-22.3.0/lib/libextnet.so
7fbffc056000-7fbffc057000 rw-p 00004000 00:443 4611686019135190017       /nix/store/gpxl5qgg8kicmcvivwmybwjlpf7wh20l-graalvm17-ce-22.3.0/lib/libextnet.so
7fbffc057000-7fbffc05b000 ---p 00000000 00:00 0 
7fbffc05b000-7fbffc079000 rw-p 00000000 00:00 0 
7fbffc079000-7fbffc080000 r-xp 00000000 00:443 4611686019135192580       /nix/store/gpxl5qgg8kicmcvivwmybwjlpf7wh20l-graalvm17-ce-22.3.0/lib/libzip.so
7fbffc080000-7fbffc081000 ---p 00007000 00:443 4611686019135192580       /nix/store/gpxl5qgg8kicmcvivwmybwjlpf7wh20l-graalvm17-ce-22.3.0/lib/libzip.so
7fbffc081000-7fbffc082000 r--p 00007000 00:443 4611686019135192580       /nix/store/gpxl5qgg8kicmcvivwmybwjlpf7wh20l-graalvm17-ce-22.3.0/lib/libzip.so
7fbffc082000-7fbffc083000 rw-p 00008000 00:443 4611686019135192580       /nix/store/gpxl5qgg8kicmcvivwmybwjlpf7wh20l-graalvm17-ce-22.3.0/lib/libzip.so
7fbffc083000-7fbffc085000 rw-p 0000b000 00:443 4611686019135192580       /nix/store/gpxl5qgg8kicmcvivwmybwjlpf7wh20l-graalvm17-ce-22.3.0/lib/libzip.so
7fbffc085000-7fbffc09a000 r-xp 00000000 00:443 4611686019135192570       /nix/store/gpxl5qgg8kicmcvivwmybwjlpf7wh20l-graalvm17-ce-22.3.0/lib/libnet.so
7fbffc09a000-7fbffc09b000 ---p 00015000 00:443 4611686019135192570       /nix/store/gpxl5qgg8kicmcvivwmybwjlpf7wh20l-graalvm17-ce-22.3.0/lib/libnet.so
7fbffc09b000-7fbffc09c000 r--p 00015000 00:443 4611686019135192570       /nix/store/gpxl5qgg8kicmcvivwmybwjlpf7wh20l-graalvm17-ce-22.3.0/lib/libnet.so
7fbffc09c000-7fbffc09d000 rw-p 00016000 00:443 4611686019135192570       /nix/store/gpxl5qgg8kicmcvivwmybwjlpf7wh20l-graalvm17-ce-22.3.0/lib/libnet.so
7fbffc09d000-7fbffc0a0000 rw-p 0001b000 00:443 4611686019135192570       /nix/store/gpxl5qgg8kicmcvivwmybwjlpf7wh20l-graalvm17-ce-22.3.0/lib/libnet.so
7fbffc0a0000-7fbffc0b3000 r-xp 00000000 00:443 4611686019135192571       /nix/store/gpxl5qgg8kicmcvivwmybwjlpf7wh20l-graalvm17-ce-22.3.0/lib/libnio.so
7fbffc0b3000-7fbffc0b4000 r--p 00012000 00:443 4611686019135192571       /nix/store/gpxl5qgg8kicmcvivwmybwjlpf7wh20l-graalvm17-ce-22.3.0/lib/libnio.so
7fbffc0b4000-7fbffc0b5000 rw-p 00013000 00:443 4611686019135192571       /nix/store/gpxl5qgg8kicmcvivwmybwjlpf7wh20l-graalvm17-ce-22.3.0/lib/libnio.so
7fbffc0b5000-7fbffc0ba000 rw-p 00019000 00:443 4611686019135192571       /nix/store/gpxl5qgg8kicmcvivwmybwjlpf7wh20l-graalvm17-ce-22.3.0/lib/libnio.so
7fbffc0ba000-7fbffc0be000 ---p 00000000 00:00 0 
7fbffc0be000-7fbffc1ba000 rw-p 00000000 00:00 0 
7fbffc1ba000-7fbffc4a0000 r--p 00000000 00:99 28444448                   /usr/lib/locale/locale-archive
7fbffc4a0000-7fbffc4a4000 ---p 00000000 00:00 0 
7fbffc4a4000-7fbffc5a0000 rw-p 00000000 00:00 0 
7fbffc5a0000-7fbffc5a4000 ---p 00000000 00:00 0 
7fbffc5a4000-7fbffc6a0000 rw-p 00000000 00:00 0 
7fbffc6a0000-7fbffc6a1000 ---p 00000000 00:00 0 
7fbffc6a1000-7fbffc7a2000 rw-p 00000000 00:00 0 
7fbffc7a2000-7fbffc870000 r-xp 00000000 00:443 4611686019135190036       /nix/store/gpxl5qgg8kicmcvivwmybwjlpf7wh20l-graalvm17-ce-22.3.0/lib/libjsvml.so
7fbffc870000-7fbffc871000 r--p 000cd000 00:443 4611686019135190036       /nix/store/gpxl5qgg8kicmcvivwmybwjlpf7wh20l-graalvm17-ce-22.3.0/lib/libjsvml.so
7fbffc871000-7fbffc872000 rw-p 000ce000 00:443 4611686019135190036       /nix/store/gpxl5qgg8kicmcvivwmybwjlpf7wh20l-graalvm17-ce-22.3.0/lib/libjsvml.so
7fbffc872000-7fbffe14a000 rw-p 00000000 00:00 0 
7fbffe14a000-7fbffe14b000 ---p 00000000 00:00 0 
7fbffe14b000-7fbffe2e8000 rw-p 00000000 00:00 0 
7fbffe2e8000-7fbffe311000 rw-p 00000000 00:00 0 
7fbffe311000-7fbffe34c000 ---p 00000000 00:00 0 
7fbffe34c000-7fbffe354000 rw-p 00000000 00:00 0 
7fbffe354000-7fbffe438000 ---p 00000000 00:00 0 
7fbffe438000-7fbffe463000 rw-p 00000000 00:00 0 
7fbffe463000-7fbffe523000 ---p 00000000 00:00 0 
7fbffe523000-7fbffe528000 rw-p 00000000 00:00 0 
7fbffe528000-7fbffe52f000 ---p 00000000 00:00 0 
7fbffe52f000-7fbffe553000 r-xp 00000000 00:443 4611686019135190028       /nix/store/gpxl5qgg8kicmcvivwmybwjlpf7wh20l-graalvm17-ce-22.3.0/lib/libjava.so
7fbffe553000-7fbffe554000 ---p 00024000 00:443 4611686019135190028       /nix/store/gpxl5qgg8kicmcvivwmybwjlpf7wh20l-graalvm17-ce-22.3.0/lib/libjava.so
7fbffe554000-7fbffe555000 r--p 00024000 00:443 4611686019135190028       /nix/store/gpxl5qgg8kicmcvivwmybwjlpf7wh20l-graalvm17-ce-22.3.0/lib/libjava.so
7fbffe555000-7fbffe556000 rw-p 00025000 00:443 4611686019135190028       /nix/store/gpxl5qgg8kicmcvivwmybwjlpf7wh20l-graalvm17-ce-22.3.0/lib/libjava.so
7fbffe556000-7fbffe557000 rw-p 00000000 00:00 0 
7fbffe557000-7fbffe55e000 rw-p 0002f000 00:443 4611686019135190028       /nix/store/gpxl5qgg8kicmcvivwmybwjlpf7wh20l-graalvm17-ce-22.3.0/lib/libjava.so
7fbffe55e000-7fbffe566000 rw-s 00000000 00:53 363                        /tmp/hsperfdata_runner/52
7fbffe566000-7fbffe567000 ---p 00000000 00:00 0 
7fbffe567000-7fbffe568000 r--p 00000000 00:00 0 
7fbffe568000-7fbffe569000 rwxp 00000000 00:00 0 
7fbffe569000-7fbffe584000 r-xp 00000000 00:443 4611686019135190032       /nix/store/gpxl5qgg8kicmcvivwmybwjlpf7wh20l-graalvm17-ce-22.3.0/lib/libjimage.so
7fbffe584000-7fbffe585000 ---p 0001b000 00:443 4611686019135190032       /nix/store/gpxl5qgg8kicmcvivwmybwjlpf7wh20l-graalvm17-ce-22.3.0/lib/libjimage.so
7fbffe585000-7fbffe587000 r--p 0001b000 00:443 4611686019135190032       /nix/store/gpxl5qgg8kicmcvivwmybwjlpf7wh20l-graalvm17-ce-22.3.0/lib/libjimage.so
7fbffe587000-7fbffe588000 rw-p 0001d000 00:443 4611686019135190032       /nix/store/gpxl5qgg8kicmcvivwmybwjlpf7wh20l-graalvm17-ce-22.3.0/lib/libjimage.so
7fbffe588000-7fbffe589000 rw-p 00024000 00:443 4611686019135190032       /nix/store/gpxl5qgg8kicmcvivwmybwjlpf7wh20l-graalvm17-ce-22.3.0/lib/libjimage.so
7fbffe589000-7fbffe58d000 ---p 00000000 00:00 0 
7fbffe58d000-7fbffe689000 rw-p 00000000 00:00 0 
7fbffe689000-7fbffe697000 r--p 00000000 00:443 4611686019027979927       /nix/store/4nlgxhb09sdr51nc9hdm8az5b08vzkgx-glibc-2.35-163/lib/libm.so.6
7fbffe697000-7fbffe70a000 r-xp 0000e000 00:443 4611686019027979927       /nix/store/4nlgxhb09sdr51nc9hdm8az5b08vzkgx-glibc-2.35-163/lib/libm.so.6
7fbffe70a000-7fbffe767000 r--p 00081000 00:443 4611686019027979927       /nix/store/4nlgxhb09sdr51nc9hdm8az5b08vzkgx-glibc-2.35-163/lib/libm.so.6
7fbffe767000-7fbffe768000 r--p 000dd000 00:443 4611686019027979927       /nix/store/4nlgxhb09sdr51nc9hdm8az5b08vzkgx-glibc-2.35-163/lib/libm.so.6
7fbffe768000-7fbffe769000 rw-p 000de000 00:443 4611686019027979927       /nix/store/4nlgxhb09sdr51nc9hdm8az5b08vzkgx-glibc-2.35-163/lib/libm.so.6
7fbffe769000-7fbffe76a000 r--p 00000000 00:443 4611686019027979946       /nix/store/4nlgxhb09sdr51nc9hdm8az5b08vzkgx-glibc-2.35-163/lib/librt.so.1
7fbffe76a000-7fbffe76b000 r-xp 00001000 00:443 4611686019027979946       /nix/store/4nlgxhb09sdr51nc9hdm8az5b08vzkgx-glibc-2.35-163/lib/librt.so.1
7fbffe76b000-7fbffe76c000 r--p 00002000 00:443 4611686019027979946       /nix/store/4nlgxhb09sdr51nc9hdm8az5b08vzkgx-glibc-2.35-163/lib/librt.so.1
7fbffe76c000-7fbffe76d000 r--p 00002000 00:443 4611686019027979946       /nix/store/4nlgxhb09sdr51nc9hdm8az5b08vzkgx-glibc-2.35-163/lib/librt.so.1
7fbffe76d000-7fbffe76e000 rw-p 00003000 00:443 4611686019027979946       /nix/store/4nlgxhb09sdr51nc9hdm8az5b08vzkgx-glibc-2.35-163/lib/librt.so.1
7fbffe76e000-7fbfff881000 r-xp 00000000 00:443 4611686019135360866       /nix/store/gpxl5qgg8kicmcvivwmybwjlpf7wh20l-graalvm17-ce-22.3.0/lib/server/libjvm.so
7fbfff881000-7fbfff882000 ---p 01113000 00:443 4611686019135360866       /nix/store/gpxl5qgg8kicmcvivwmybwjlpf7wh20l-graalvm17-ce-22.3.0/lib/server/libjvm.so
7fbfff882000-7fbfff937000 r--p 01113000 00:443 4611686019135360866       /nix/store/gpxl5qgg8kicmcvivwmybwjlpf7wh20l-graalvm17-ce-22.3.0/lib/server/libjvm.so
7fbfff937000-7fbfff96b000 rw-p 011c8000 00:443 4611686019135360866       /nix/store/gpxl5qgg8kicmcvivwmybwjlpf7wh20l-graalvm17-ce-22.3.0/lib/server/libjvm.so
7fbfff96b000-7fbfff9c7000 rw-p 00000000 00:00 0 
7fbfff9c7000-7fbfff9ef000 r--p 00000000 00:443 4611686019027979918       /nix/store/4nlgxhb09sdr51nc9hdm8az5b08vzkgx-glibc-2.35-163/lib/libc.so.6
7fbfff9ef000-7fbfffb65000 r-xp 00028000 00:443 4611686019027979918       /nix/store/4nlgxhb09sdr51nc9hdm8az5b08vzkgx-glibc-2.35-163/lib/libc.so.6
7fbfffb65000-7fbfffbbd000 r--p 0019e000 00:443 4611686019027979918       /nix/store/4nlgxhb09sdr51nc9hdm8az5b08vzkgx-glibc-2.35-163/lib/libc.so.6
7fbfffbbd000-7fbfffbc1000 r--p 001f6000 00:443 4611686019027979918       /nix/store/4nlgxhb09sdr51nc9hdm8az5b08vzkgx-glibc-2.35-163/lib/libc.so.6
7fbfffbc1000-7fbfffbc3000 rw-p 001fa000 00:443 4611686019027979918       /nix/store/4nlgxhb09sdr51nc9hdm8az5b08vzkgx-glibc-2.35-163/lib/libc.so.6
7fbfffbc3000-7fbfffbd2000 rw-p 00000000 00:00 0 
7fbfffbd2000-7fbfffbd3000 r--p 00000000 00:443 4611686019027979923       /nix/store/4nlgxhb09sdr51nc9hdm8az5b08vzkgx-glibc-2.35-163/lib/libdl.so.2
7fbfffbd3000-7fbfffbd4000 r-xp 00001000 00:443 4611686019027979923       /nix/store/4nlgxhb09sdr51nc9hdm8az5b08vzkgx-glibc-2.35-163/lib/libdl.so.2
7fbfffbd4000-7fbfffbd5000 r--p 00002000 00:443 4611686019027979923       /nix/store/4nlgxhb09sdr51nc9hdm8az5b08vzkgx-glibc-2.35-163/lib/libdl.so.2
7fbfffbd5000-7fbfffbd6000 r--p 00002000 00:443 4611686019027979923       /nix/store/4nlgxhb09sdr51nc9hdm8az5b08vzkgx-glibc-2.35-163/lib/libdl.so.2
7fbfffbd6000-7fbfffbd7000 rw-p 00003000 00:443 4611686019027979923       /nix/store/4nlgxhb09sdr51nc9hdm8az5b08vzkgx-glibc-2.35-163/lib/libdl.so.2
7fbfffbd7000-7fbfffbd8000 r--p 00000000 00:443 4611686019027979942       /nix/store/4nlgxhb09sdr51nc9hdm8az5b08vzkgx-glibc-2.35-163/lib/libpthread.so.0
7fbfffbd8000-7fbfffbd9000 r-xp 00001000 00:443 4611686019027979942       /nix/store/4nlgxhb09sdr51nc9hdm8az5b08vzkgx-glibc-2.35-163/lib/libpthread.so.0
7fbfffbd9000-7fbfffbda000 r--p 00002000 00:443 4611686019027979942       /nix/store/4nlgxhb09sdr51nc9hdm8az5b08vzkgx-glibc-2.35-163/lib/libpthread.so.0
7fbfffbda000-7fbfffbdb000 r--p 00002000 00:443 4611686019027979942       /nix/store/4nlgxhb09sdr51nc9hdm8az5b08vzkgx-glibc-2.35-163/lib/libpthread.so.0
7fbfffbdb000-7fbfffbdc000 rw-p 00003000 00:443 4611686019027979942       /nix/store/4nlgxhb09sdr51nc9hdm8az5b08vzkgx-glibc-2.35-163/lib/libpthread.so.0
7fbfffbdc000-7fbfffbea000 r-xp 00000000 00:443 4611686019135190033       /nix/store/gpxl5qgg8kicmcvivwmybwjlpf7wh20l-graalvm17-ce-22.3.0/lib/libjli.so
7fbfffbea000-7fbfffbeb000 ---p 0000e000 00:443 4611686019135190033       /nix/store/gpxl5qgg8kicmcvivwmybwjlpf7wh20l-graalvm17-ce-22.3.0/lib/libjli.so
7fbfffbeb000-7fbfffbec000 r--p 0000e000 00:443 4611686019135190033       /nix/store/gpxl5qgg8kicmcvivwmybwjlpf7wh20l-graalvm17-ce-22.3.0/lib/libjli.so
7fbfffbec000-7fbfffbed000 rw-p 0000f000 00:443 4611686019135190033       /nix/store/gpxl5qgg8kicmcvivwmybwjlpf7wh20l-graalvm17-ce-22.3.0/lib/libjli.so
7fbfffbed000-7fbfffbee000 rw-p 00012000 00:443 4611686019135190033       /nix/store/gpxl5qgg8kicmcvivwmybwjlpf7wh20l-graalvm17-ce-22.3.0/lib/libjli.so
7fbfffbee000-7fbfffbf1000 r--p 00000000 00:443 4611686019106210071       /nix/store/026hln0aq1hyshaxsdvhg0kmcm6yf45r-zlib-1.2.13/lib/libz.so.1.2.13
7fbfffbf1000-7fbfffc03000 r-xp 00003000 00:443 4611686019106210071       /nix/store/026hln0aq1hyshaxsdvhg0kmcm6yf45r-zlib-1.2.13/lib/libz.so.1.2.13
7fbfffc03000-7fbfffc0a000 r--p 00015000 00:443 4611686019106210071       /nix/store/026hln0aq1hyshaxsdvhg0kmcm6yf45r-zlib-1.2.13/lib/libz.so.1.2.13
7fbfffc0a000-7fbfffc0b000 r--p 0001b000 00:443 4611686019106210071       /nix/store/026hln0aq1hyshaxsdvhg0kmcm6yf45r-zlib-1.2.13/lib/libz.so.1.2.13
7fbfffc0b000-7fbfffc0c000 rw-p 0001c000 00:443 4611686019106210071       /nix/store/026hln0aq1hyshaxsdvhg0kmcm6yf45r-zlib-1.2.13/lib/libz.so.1.2.13
7fbfffc0c000-7fbfffc0e000 rw-p 00000000 00:00 0 
7fbfffc0e000-7fbfffc10000 r--p 00000000 00:443 4611686019027979912       /nix/store/4nlgxhb09sdr51nc9hdm8az5b08vzkgx-glibc-2.35-163/lib/ld-linux-x86-64.so.2
7fbfffc10000-7fbfffc37000 r-xp 00002000 00:443 4611686019027979912       /nix/store/4nlgxhb09sdr51nc9hdm8az5b08vzkgx-glibc-2.35-163/lib/ld-linux-x86-64.so.2
7fbfffc37000-7fbfffc43000 r--p 00029000 00:443 4611686019027979912       /nix/store/4nlgxhb09sdr51nc9hdm8az5b08vzkgx-glibc-2.35-163/lib/ld-linux-x86-64.so.2
7fbfffc43000-7fbfffc45000 r--p 00034000 00:443 4611686019027979912       /nix/store/4nlgxhb09sdr51nc9hdm8az5b08vzkgx-glibc-2.35-163/lib/ld-linux-x86-64.so.2
7fbfffc45000-7fbfffc47000 rw-p 00036000 00:443 4611686019027979912       /nix/store/4nlgxhb09sdr51nc9hdm8az5b08vzkgx-glibc-2.35-163/lib/ld-linux-x86-64.so.2
7ffe00fd0000-7ffe00ff4000 rw-p 00000000 00:00 0                          [stack]
7ffe00ffa000-7ffe00ffe000 r--p 00000000 00:00 0                          [vvar]
7ffe00ffe000-7ffe01000000 r-xp 00000000 00:00 0                          [vdso]
ffffffffff600000-ffffffffff601000 --xp 00000000 00:00 0                  [vsyscall]


VM Arguments:
jvm_args: -XX:ThreadPriorityPolicy=1 -XX:+UnlockExperimentalVMOptions -XX:+EnableJVMCIProduct -XX:JVMCIThreadsPerNativeLibraryRuntime=1 -XX:-UnlockExperimentalVMOptions -Declipse.application=org.eclipse.jdt.ls.core.id1 -Dosgi.bundles.defaultStartLevel=4 -Declipse.product=org.eclipse.jdt.ls.core.product -Dlog.level=ALL -Xverify:none -XX:+UseParallelGC -XX:GCTimeRatio=4 -XX:AdaptiveSizePolicyWeight=90 -Dsun.zip.disableMemoryMapping=true -Xmx512m -Xms100m 
java_command: /nix/store/a7s9klvriqi68xz3qjc0qyfl5h86xc16-jdt-language-server-1.9.0/share/java/plugins/org.eclipse.equinox.launcher_1.6.400.v20210924-0641.jar --add-modules=ALL-SYSTEM --add-opens java.base/java.util=ALL-UNNAMED --add-opens java.base/java.lang=ALL-UNNAMED -configuration /home/runner/.cache/jdt-language-server/config -data /home/runner/.cache/jdt-language-server/data/home/runner/ProyectoSIA
java_class_path (initial): /nix/store/a7s9klvriqi68xz3qjc0qyfl5h86xc16-jdt-language-server-1.9.0/share/java/plugins/org.eclipse.equinox.launcher_1.6.400.v20210924-0641.jar
Launcher Type: SUN_STANDARD

[Global flags]
    uintx AdaptiveSizePolicyWeight                 = 90                                        {product} {command line}
     intx CICompilerCount                          = 2                                         {product} {ergonomic}
     bool EnableJVMCIProduct                       = true                                {JVMCI product} {jimage}
    uintx GCTimeRatio                              = 4                                         {product} {command line}
   size_t InitialHeapSize                          = 104857600                                 {product} {command line}
     uint JVMCIThreadsPerNativeLibraryRuntime      = 1                                   {JVMCI product} {jimage}
   size_t MaxHeapSize                              = 536870912                                 {product} {command line}
   size_t MaxNewSize                               = 178782208                                 {product} {ergonomic}
   size_t MinHeapDeltaBytes                        = 524288                                    {product} {ergonomic}
   size_t MinHeapSize                              = 104857600                                 {product} {command line}
   size_t NewSize                                  = 34603008                                  {product} {ergonomic}
    uintx NonNMethodCodeHeapSize                   = 5826188                                {pd product} {ergonomic}
    uintx NonProfiledCodeHeapSize                  = 122916026                              {pd product} {ergonomic}
   size_t OldSize                                  = 70254592                                  {product} {ergonomic}
    uintx ProfiledCodeHeapSize                     = 122916026                              {pd product} {ergonomic}
    uintx ReservedCodeCacheSize                    = 251658240                              {pd product} {ergonomic}
     bool SegmentedCodeCache                       = true                                      {product} {ergonomic}
   size_t SoftMaxHeapSize                          = 536870912                              {manageable} {ergonomic}
     intx ThreadPriorityPolicy                     = 1                                         {product} {jimage}
     bool UseCompressedClassPointers               = true                           {product lp64_product} {ergonomic}
     bool UseCompressedOops                        = true                           {product lp64_product} {ergonomic}
     bool UseParallelGC                            = true                                      {product} {command line}

Logging:
Log output configuration:
 #0: stdout all=warning uptime,level,tags
 #1: stderr all=off uptime,level,tags

Environment Variables:
JAVA_HOME=/nix/store/gpxl5qgg8kicmcvivwmybwjlpf7wh20l-graalvm17-ce-22.3.0
PATH=/nix/store/1d6ian3r8kdzspw8hacjhl3xkp40g1lj-binutils-wrapper-2.39/bin:/nix/store/dq0xwmsk1g0i2ayg6pb7y87na2knzylh-gcc-wrapper-11.3.0/bin:/nix/store/bap4d0lpcrhpwmpb8ayjcgkmvfj62lnq-bash-interactive-5.1-p16/bin:/nix/store/pr5n59mb4jzmfx6kanwxly0l07p861fg-patchelf-0.15.0/bin:/nix/store/1gf2flfqnpqbr1b4p4qz2f72y42bs56r-gcc-11.3.0/bin:/nix/store/57xv61c5zi8pphjbcwxxjlgc34p61ic9-glibc-2.35-163-bin/bin:/nix/store/a7gvj343m05j2s32xcnwr35v31ynlypr-coreutils-9.1/bin:/nix/store/039g378vc3pc3dvi9dzdlrd0i4q93qwf-binutils-2.39/bin:/nix/store/gpxl5qgg8kicmcvivwmybwjlpf7wh20l-graalvm17-ce-22.3.0/bin:/nix/store/6z9ag3ihc8mq2hzsw48lhbznvzny65nz-apache-maven-3.8.6/bin:/nix/store/a7s9klvriqi68xz3qjc0qyfl5h86xc16-jdt-language-server-1.9.0/bin:/nix/store/48ifl2w60a3zp7yskbpnvn8jp9jdsb7k-java-debug/bin:/nix/store/mydc6f4k2z73xlcz7ilif3v2lcaiqvza-findutils-4.9.0/bin:/nix/store/j9p3g8472iijd50vhdprx0nmk2fqn5gv-diffutils-3.8/bin:/nix/store/89zs7rms6x00xfq4dq6m7mjnhkr8a6r4-gnused-4.8/bin:/nix/store/86bp03jkmsl6f92w0yzg4s59g5mhxwmy-gnugrep-3.7/bin:/nix/store/hwcdqw4jrjnd37wxqgsd47hd0j8bnj09-gawk-5.1.1/bin:/nix/store/cfbhw8r8ags41vwqaz47r583d0p4h4a1-gnutar-1.34/bin:/nix/store/p3m1ndl1lapwrlh698bnb5lvvxh67378-gzip-1.12/bin:/nix/store/a8mhcagrsly7c7mpjrpsnaahk4aax056-bzip2-1.0.8-bin/bin:/nix/store/mblgz65m3zv9x548a3d5m96fj2pbwr09-gnumake-4.3/bin:/nix/store/dsd5gz46hdbdk2rfdimqddhq6m8m8fqs-bash-5.1-p16/bin:/nix/store/v7ljksji50mg3w61dykaa3n3y79n6nil-patch-2.7.6/bin:/nix/store/zlcnmqq14jz5x9439jf937mvayyl63da-xz-5.2.7-bin/bin:/nix/store/y6aj732zm9m87c82fpvf103a1xb22blp-file-5.43/bin:/nix/store/i4kzir3m7mrisxmf5xvlnkw01x4qaqr4-prybar-elisp-0.0.0-e0d9a52/bin:/nix/store/lwwivxf6h7x3cvxp9zv8sj0mv7dak99r-prybar-lua-0.0.0-e0d9a52/bin:/nix/store/gxj28g1cg4hq3qanmjv07156h800qr58-prybar-python3-0.0.0-e0d9a52/bin:/nix/store/hshkjnxrgidigf8x75vg6lqng2xlx9i3-prybar-sqlite-0.0.0-e0d9a52/bin:/nix/store/c4w01bpjgyy5ixmwdk8m1pw87zq4sl26-prybar-tcl-0.0.0-e0d9a52/bin:/nix/store/hpbvrlwd5viqmvcaisb3x0118i913a9n-st
LD_LIBRARY_PATH=/nix/store/a4pff549sk2idnkpzk5nsfps3mdkdnvm-cups-2.4.2-lib/lib:/nix/store/72mqxxhh3cy5yifh92wh2yb8cl2hikyy-cairo-1.16.0/lib:/nix/store/2k366jrbsra97gjfxwvrhvixjfxdach5-glib-2.74.1/lib:/nix/store/2j2znigd8ak37rlwh9khz0ry3clqlw1l-gtk+3-3.24.34/lib:/nix/store/hisqvx32cd57apbpcsnkpx6k3549wql1-libglvnd-1.4.0/lib:/nix/store/p36pgcv991mq5srvg765b78yqpxvk3qs-mesa-21.3.3-drivers/lib:/nix/store/mav4251if1ahjq5vkpwycyyvnmy459c4-pulseaudio-14.2/lib
DISPLAY=:0
LANG=en_US.UTF-8

Signal Handlers:
   SIGSEGV: crash_handler in libjvm.so, mask=11100100010111111101111111111110, flags=SA_RESTART|SA_SIGINFO
    SIGBUS: crash_handler in libjvm.so, mask=11100100010111111101111111111110, flags=SA_RESTART|SA_SIGINFO
    SIGFPE: crash_handler in libjvm.so, mask=11100100010111111101111111111110, flags=SA_RESTART|SA_SIGINFO
   SIGPIPE: IsolateEnterStub_IgnoreSIGPIPEStartupHook_noopSignalHandler_8f19bff2f35b5f630d83b364d6b2339320d4ec70_216e8361c6bc87a8f89f58cc10d3b2fd4415bf87 in libjvmcicompiler.so, mask=00000000000000000000000000000000, flags=SA_RESTART
  *** Handler was modified!
  *** Expected: javaSignalHandler in libjvm.so, mask=11100100110111111111111111111110, flags=SA_RESTART|SA_SIGINFO
   SIGXFSZ: javaSignalHandler in libjvm.so, mask=11100100010111111101111111111110, flags=SA_RESTART|SA_SIGINFO
    SIGILL: crash_handler in libjvm.so, mask=11100100010111111101111111111110, flags=SA_RESTART|SA_SIGINFO
   SIGUSR2: SR_handler in libjvm.so, mask=00000000000000000000000000000000, flags=SA_RESTART|SA_SIGINFO
    SIGHUP: UserHandler in libjvm.so, mask=11100100010111111101111111111110, flags=SA_RESTART|SA_SIGINFO
    SIGINT: UserHandler in libjvm.so, mask=11100100010111111101111111111110, flags=SA_RESTART|SA_SIGINFO
   SIGTERM: UserHandler in libjvm.so, mask=11100100010111111101111111111110, flags=SA_RESTART|SA_SIGINFO
   SIGQUIT: UserHandler in libjvm.so, mask=11100100010111111101111111111110, flags=SA_RESTART|SA_SIGINFO
  *** Handler was modified!
  *** Expected: javaSignalHandler in libjvm.so, mask=11100100110111111111111111111110, flags=SA_RESTART|SA_SIGINFO
   SIGTRAP: crash_handler in libjvm.so, mask=11100100010111111101111111111110, flags=SA_RESTART|SA_SIGINFO


---------------  S Y S T E M  ---------------

OS:
DISTRIB_ID=Ubuntu
DISTRIB_RELEASE=20.04
DISTRIB_CODENAME=focal
DISTRIB_DESCRIPTION="Ubuntu 20.04.2 LTS"
uname: Linux 6.2.0-1014-gcp #14~22.04.1-Ubuntu SMP Mon Sep 11 07:44:43 UTC 2023 x86_64
OS uptime: 0 days 4:52 hours
libc: glibc 2.35 NPTL 2.35 
rlimit (soft/hard): STACK 8192k/infinity , CORE infinity/infinity , NPROC infinity/infinity , NOFILE 9765/9765 , AS infinity/infinity , CPU infinity/infinity , DATA infinity/infinity , FSIZE infinity/infinity , MEMLOCK 8192k/8192k
load average: 7.77 13.96 18.00

/proc/meminfo:
MemTotal:       65835936 kB
MemFree:        35898948 kB
MemAvailable:   45391504 kB
Buffers:         1093216 kB
Cached:          8146296 kB
SwapCached:            0 kB
Active:          5629344 kB
Inactive:       22396244 kB
Active(anon):      10324 kB
Inactive(anon): 18598856 kB
Active(file):    5619020 kB
Inactive(file):  3797388 kB
Unevictable:       28996 kB
Mlocked:           28996 kB
SwapTotal:             0 kB
SwapFree:              0 kB
Zswap:                 0 kB
Zswapped:              0 kB
Dirty:              2788 kB
Writeback:            44 kB
AnonPages:      17739524 kB
Mapped:          1696844 kB
Shmem:             31012 kB
KReclaimable:     806936 kB
Slab:            1234756 kB
SReclaimable:     806936 kB
SUnreclaim:       427820 kB
KernelStack:      129632 kB
PageTables:       225148 kB
SecPageTables:         0 kB
NFS_Unstable:          0 kB
Bounce:                0 kB
WritebackTmp:          0 kB
CommitLimit:    32917968 kB
Committed_AS:   50098748 kB
VmallocTotal:   34359738367 kB
VmallocUsed:      155268 kB
VmallocChunk:          0 kB
Percpu:            25760 kB
HardwareCorrupted:     0 kB
AnonHugePages:   2766848 kB
ShmemHugePages:        0 kB
ShmemPmdMapped:        0 kB
FileHugePages:         0 kB
FilePmdMapped:         0 kB
HugePages_Total:       0
HugePages_Free:        0
HugePages_Rsvd:        0
HugePages_Surp:        0
Hugepagesize:       2048 kB
Hugetlb:               0 kB
DirectMap4k:      273208 kB
DirectMap2M:     8112128 kB
DirectMap1G:    60817408 kB

/sys/kernel/mm/transparent_hugepage/enabled: always [madvise] never
/sys/kernel/mm/transparent_hugepage/defrag (defrag/compaction efforts parameter): always defer defer+madvise [madvise] never

Process Memory:
Virtual Size: 4323964K (peak: 4368324K)
Resident Set Size: 751336K (peak: 787904K) (anon: 553548K, file: 197788K, shmem: 0K)
Swapped out: 0K
C-Heap outstanding allocations: 42985K, retained: 14306K
glibc malloc tunables: (default)

/proc/sys/kernel/threads-max (system-wide limit on the number of threads): 514277
/proc/sys/vm/max_map_count (maximum number of memory map areas a process may have): 65530
/proc/sys/kernel/pid_max (system-wide limit on number of process identifiers): 4194304

container (cgroup) information:
container_type: cgroupv2
cpu_cpuset_cpus: not supported
cpu_memory_nodes: not supported
active_processor_count: 1
cpu_quota: 50000
cpu_period: 100000
cpu_shares: no shares
memory_limit_in_bytes: 1835992 k
memory_and_swap_limit_in_bytes: unlimited
memory_soft_limit_in_bytes: 976592 k
memory_usage_in_bytes: 714624 k
memory_max_usage_in_bytes: not supported
maximum number of tasks: not supported
current number of tasks: not supported

KVM virtualization detected
Steal ticks since vm start: 876
Steal ticks percentage since vm start:  0.002

CPU: total 8 (initial active 1) (4 cores per cpu, 2 threads per core) family 6 model 79 stepping 0 microcode 0xffffffff, cx8, cmov, fxsr, ht, mmx, 3dnowpref, sse, sse2, sse3, ssse3, sse4.1, sse4.2, popcnt, lzcnt, tsc, tscinvbit, avx, avx2, aes, erms, clmul, bmi1, bmi2, rtm, adx, fma, vzeroupper, clflush, hv
CPU Model and flags from /proc/cpuinfo:
model name	: Intel(R) Xeon(R) CPU @ 2.20GHz
flags		: fpu vme de pse tsc msr pae mce cx8 apic sep mtrr pge mca cmov pat pse36 clflush mmx fxsr sse sse2 ss ht syscall nx pdpe1gb rdtscp lm constant_tsc rep_good nopl xtopology nonstop_tsc cpuid tsc_known_freq pni pclmulqdq ssse3 fma cx16 pcid sse4_1 sse4_2 x2apic movbe popcnt aes xsave avx f16c rdrand hypervisor lahf_lm abm 3dnowprefetch invpcid_single pti ssbd ibrs ibpb stibp fsgsbase tsc_adjust bmi1 hle avx2 smep bmi2 erms invpcid rtm rdseed adx smap xsaveopt arat md_clear arch_capabilities

Online cpus: 0-7
Offline cpus: 
BIOS frequency limitation: <Not Available>
Frequency switch latency (ns): <Not Available>
Available cpu frequencies: <Not Available>
Current governor: <Not Available>
Core performance/turbo boost: <Not Available>

Memory: 4k page, physical 1835992k(1121356k free), swap 0k(0k free)
Page Sizes: 4k

vm_info: OpenJDK 64-Bit Server VM (17.0.5+8-jvmci-22.3-b08) for linux-amd64 JRE (17.0.5+8-jvmci-22.3-b08), built on Oct 19 2022 09:01:27 by "buildslave" with gcc 10.3.0

END.
